14:17:18 **** Incremental Build of configuration Debug for project proba ****
make -j12 all 
arm-none-eabi-gcc "../Core/Src/main.c" -mcpu=cortex-m0plus -std=gnu11 -g3 -DDEBUG -DUSE_HAL_DRIVER -DSTM32L051xx -c -I../Core/Inc -I../Drivers/STM32L0xx_HAL_Driver/Inc -I../Drivers/STM32L0xx_HAL_Driver/Inc/Legacy -I../Drivers/CMSIS/Device/ST/STM32L0xx/Include -I../Drivers/CMSIS/Include -O0 -ffunction-sections -fdata-sections -Wall -fstack-usage -fcyclomatic-complexity -MMD -MP -MF"Core/Src/main.d" -MT"Core/Src/main.o" --specs=nano.specs -mfloat-abi=soft -mthumb -o "Core/Src/main.o"
../Core/Src/main.c: In function 'SendMSG':
../Core/Src/main.c:65:17: warning: implicit declaration of function 'strlen' [-Wimplicit-function-declaration]
   65 |    ble_msg_len= strlen(cmd);
      |                 ^~~~~~
../Core/Src/main.c:65:17: warning: incompatible implicit declaration of built-in function 'strlen'
../Core/Src/main.c:21:1: note: include '<string.h>' or provide a declaration of 'strlen'
   20 | #include "main.h"
  +++ |+#include <string.h>
   21 | 
../Core/Src/main.c:67:4: warning: implicit declaration of function 'strcpy' [-Wimplicit-function-declaration]
   67 |    strcpy(ATcommand,cmd);
      |    ^~~~~~
../Core/Src/main.c:67:4: warning: incompatible implicit declaration of built-in function 'strcpy'
../Core/Src/main.c:67:4: note: include '<string.h>' or provide a declaration of 'strcpy'
../Core/Src/main.c: In function 'main':
../Core/Src/main.c:118:12: warning: unused variable 'status' [-Wunused-variable]
  118 |    uint8_t status;
      |            ^~~~~~
arm-none-eabi-gcc -o "proba.elf" @"objects.list"   -mcpu=cortex-m0plus -T"C:\Users\mikol\OneDrive\Pulpit\repos\Projekt_PBL4\software\proba\STM32L051K8TX_FLASH.ld" --specs=nosys.specs -Wl,-Map="proba.map" -Wl,--gc-sections -static --specs=nano.specs -mfloat-abi=soft -mthumb -Wl,--start-group -lc -lm -Wl,--end-group
Finished building target: proba.elf
 
arm-none-eabi-size   proba.elf 
arm-none-eabi-objdump -h -S  proba.elf  > "proba.list"
   text	   data	    bss	    dec	    hex	filename
  12236	     20	   1916	  14172	   375c	proba.elf
Finished building: default.size.stdout
 
Finished building: proba.list
 
14:17:47 **** Incremental Build of configuration Debug for project proba ****
make -j12 all 
arm-none-eabi-gcc "../Core/Src/main.c" -mcpu=cortex-m0plus -std=gnu11 -g3 -DDEBUG -DUSE_HAL_DRIVER -DSTM32L051xx -c -I../Core/Inc -I../Drivers/STM32L0xx_HAL_Driver/Inc -I../Drivers/STM32L0xx_HAL_Driver/Inc/Legacy -I../Drivers/CMSIS/Device/ST/STM32L0xx/Include -I../Drivers/CMSIS/Include -O0 -ffunction-sections -fdata-sections -Wall -fstack-usage -fcyclomatic-complexity -MMD -MP -MF"Core/Src/main.d" -MT"Core/Src/main.o" --specs=nano.specs -mfloat-abi=soft -mthumb -o "Core/Src/main.o"
../Core/Src/main.c: In function 'SendMSG':
../Core/Src/main.c:65:17: warning: implicit declaration of function 'strlen' [-Wimplicit-function-declaration]
   65 |    ble_msg_len= strlen(cmd);
      |                 ^~~~~~
../Core/Src/main.c:65:17: warning: incompatible implicit declaration of built-in function 'strlen'
../Core/Src/main.c:21:1: note: include '<string.h>' or provide a declaration of 'strlen'
   20 | #include "main.h"
  +++ |+#include <string.h>
   21 | 
../Core/Src/main.c:67:4: warning: implicit declaration of function 'strcpy' [-Wimplicit-function-declaration]
   67 |    strcpy(ATcommand,cmd);
      |    ^~~~~~
../Core/Src/main.c:67:4: warning: incompatible implicit declaration of built-in function 'strcpy'
../Core/Src/main.c:67:4: note: include '<string.h>' or provide a declaration of 'strcpy'
../Core/Src/main.c: In function 'main':
../Core/Src/main.c:118:12: warning: unused variable 'status' [-Wunused-variable]
  118 |    uint8_t status;
      |            ^~~~~~
arm-none-eabi-gcc -o "proba.elf" @"objects.list"   -mcpu=cortex-m0plus -T"C:\Users\mikol\OneDrive\Pulpit\repos\Projekt_PBL4\software\proba\STM32L051K8TX_FLASH.ld" --specs=nosys.specs -Wl,-Map="proba.map" -Wl,--gc-sections -static --specs=nano.specs -mfloat-abi=soft -mthumb -Wl,--start-group -lc -lm -Wl,--end-group
Finished building target: proba.elf
 
arm-none-eabi-size   proba.elf 
arm-none-eabi-objdump -h -S  proba.elf  > "proba.list"
   text	   data	    bss	    dec	    hex	filename
  12240	     20	   1916	  14176	   3760	proba.elf
Finished building: default.size.stdout
 
Finished building: proba.list
 
14:20:50 **** Incremental Build of configuration Debug for project proba ****
make -j12 all 
arm-none-eabi-size   proba.elf 
   text	   data	    bss	    dec	    hex	filename
  12240	     20	   1916	  14176	   3760	proba.elf
Finished building: default.size.stdout
 
14:22:06 **** Incremental Build of configuration Debug for project proba ****
make -j12 all 
arm-none-eabi-size   proba.elf 
   text	   data	    bss	    dec	    hex	filename
  12240	     20	   1916	  14176	   3760	proba.elf
Finished building: default.size.stdout
 
14:28:48 **** Incremental Build of configuration Debug for project proba ****
make -j12 all 
arm-none-eabi-gcc "../Core/Src/main.c" -mcpu=cortex-m0plus -std=gnu11 -g3 -DDEBUG -DUSE_HAL_DRIVER -DSTM32L051xx -c -I../Core/Inc -I../Drivers/STM32L0xx_HAL_Driver/Inc -I../Drivers/STM32L0xx_HAL_Driver/Inc/Legacy -I../Drivers/CMSIS/Device/ST/STM32L0xx/Include -I../Drivers/CMSIS/Include -O0 -ffunction-sections -fdata-sections -Wall -fstack-usage -fcyclomatic-complexity -MMD -MP -MF"Core/Src/main.d" -MT"Core/Src/main.o" --specs=nano.specs -mfloat-abi=soft -mthumb -o "Core/Src/main.o"
../Core/Src/main.c: In function 'SendMSG':
../Core/Src/main.c:65:17: warning: implicit declaration of function 'strlen' [-Wimplicit-function-declaration]
   65 |    ble_msg_len= strlen(cmd);
      |                 ^~~~~~
../Core/Src/main.c:65:17: warning: incompatible implicit declaration of built-in function 'strlen'
../Core/Src/main.c:21:1: note: include '<string.h>' or provide a declaration of 'strlen'
   20 | #include "main.h"
  +++ |+#include <string.h>
   21 | 
../Core/Src/main.c:67:4: warning: implicit declaration of function 'strcpy' [-Wimplicit-function-declaration]
   67 |    strcpy(ATcommand,cmd);
      |    ^~~~~~
../Core/Src/main.c:67:4: warning: incompatible implicit declaration of built-in function 'strcpy'
../Core/Src/main.c:67:4: note: include '<string.h>' or provide a declaration of 'strcpy'
../Core/Src/main.c: In function 'main':
../Core/Src/main.c:118:12: warning: unused variable 'status' [-Wunused-variable]
  118 |    uint8_t status;
      |            ^~~~~~
arm-none-eabi-gcc -o "proba.elf" @"objects.list"   -mcpu=cortex-m0plus -T"C:\Users\mikol\OneDrive\Pulpit\repos\Projekt_PBL4\software\proba\STM32L051K8TX_FLASH.ld" --specs=nosys.specs -Wl,-Map="proba.map" -Wl,--gc-sections -static --specs=nano.specs -mfloat-abi=soft -mthumb -Wl,--start-group -lc -lm -Wl,--end-group
Finished building target: proba.elf
 
arm-none-eabi-size   proba.elf 
arm-none-eabi-objdump -h -S  proba.elf  > "proba.list"
   text	   data	    bss	    dec	    hex	filename
  12248	     20	   1916	  14184	   3768	proba.elf
Finished building: default.size.stdout
 
Finished building: proba.list
 
14:29:18 **** Incremental Build of configuration Debug for project proba ****
make -j12 all 
arm-none-eabi-size   proba.elf 
   text	   data	    bss	    dec	    hex	filename
  12248	     20	   1916	  14184	   3768	proba.elf
Finished building: default.size.stdout
 
14:35:16 **** Incremental Build of configuration Debug for project proba ****
make -j12 all 
arm-none-eabi-gcc "../Core/Src/main.c" -mcpu=cortex-m0plus -std=gnu11 -g3 -DDEBUG -DUSE_HAL_DRIVER -DSTM32L051xx -c -I../Core/Inc -I../Drivers/STM32L0xx_HAL_Driver/Inc -I../Drivers/STM32L0xx_HAL_Driver/Inc/Legacy -I../Drivers/CMSIS/Device/ST/STM32L0xx/Include -I../Drivers/CMSIS/Include -O0 -ffunction-sections -fdata-sections -Wall -fstack-usage -fcyclomatic-complexity -MMD -MP -MF"Core/Src/main.d" -MT"Core/Src/main.o" --specs=nano.specs -mfloat-abi=soft -mthumb -o "Core/Src/main.o"
../Core/Src/main.c: In function 'SendMSG':
../Core/Src/main.c:65:17: warning: implicit declaration of function 'strlen' [-Wimplicit-function-declaration]
   65 |    ble_msg_len= strlen(cmd);
      |                 ^~~~~~
../Core/Src/main.c:65:17: warning: incompatible implicit declaration of built-in function 'strlen'
../Core/Src/main.c:21:1: note: include '<string.h>' or provide a declaration of 'strlen'
   20 | #include "main.h"
  +++ |+#include <string.h>
   21 | 
../Core/Src/main.c:67:4: warning: implicit declaration of function 'strcpy' [-Wimplicit-function-declaration]
   67 |    strcpy(ATcommand,cmd);
      |    ^~~~~~
../Core/Src/main.c:67:4: warning: incompatible implicit declaration of built-in function 'strcpy'
../Core/Src/main.c:67:4: note: include '<string.h>' or provide a declaration of 'strcpy'
../Core/Src/main.c: In function 'main':
../Core/Src/main.c:118:12: warning: unused variable 'status' [-Wunused-variable]
  118 |    uint8_t status;
      |            ^~~~~~
arm-none-eabi-gcc -o "proba.elf" @"objects.list"   -mcpu=cortex-m0plus -T"C:\Users\mikol\OneDrive\Pulpit\repos\Projekt_PBL4\software\proba\STM32L051K8TX_FLASH.ld" --specs=nosys.specs -Wl,-Map="proba.map" -Wl,--gc-sections -static --specs=nano.specs -mfloat-abi=soft -mthumb -Wl,--start-group -lc -lm -Wl,--end-group
Finished building target: proba.elf
 
arm-none-eabi-size   proba.elf 
arm-none-eabi-objdump -h -S  proba.elf  > "proba.list"
   text	   data	    bss	    dec	    hex	filename
  12240	     20	   1916	  14176	   3760	proba.elf
Finished building: default.size.stdout
 
Finished building: proba.list
 
14:37:31 **** Incremental Build of configuration Debug for project proba ****
make -j12 all 
arm-none-eabi-size   proba.elf 
   text	   data	    bss	    dec	    hex	filename
  12240	     20	   1916	  14176	   3760	proba.elf
Finished building: default.size.stdout
 
14:39:39 **** Incremental Build of configuration Debug for project proba ****
make -j12 all 
arm-none-eabi-size   proba.elf 
   text	   data	    bss	    dec	    hex	filename
  12240	     20	   1916	  14176	   3760	proba.elf
Finished building: default.size.stdout
 
15:02:14 **** Incremental Build of configuration Debug for project proba ****
make -j12 all 
arm-none-eabi-gcc "../Core/Src/main.c" -mcpu=cortex-m0plus -std=gnu11 -g3 -DDEBUG -DUSE_HAL_DRIVER -DSTM32L051xx -c -I../Core/Inc -I../Drivers/STM32L0xx_HAL_Driver/Inc -I../Drivers/STM32L0xx_HAL_Driver/Inc/Legacy -I../Drivers/CMSIS/Device/ST/STM32L0xx/Include -I../Drivers/CMSIS/Include -O0 -ffunction-sections -fdata-sections -Wall -fstack-usage -fcyclomatic-complexity -MMD -MP -MF"Core/Src/main.d" -MT"Core/Src/main.o" --specs=nano.specs -mfloat-abi=soft -mthumb -o "Core/Src/main.o"
arm-none-eabi-gcc "../Core/Src/stm32l0xx_hal_msp.c" -mcpu=cortex-m0plus -std=gnu11 -g3 -DDEBUG -DUSE_HAL_DRIVER -DSTM32L051xx -c -I../Core/Inc -I../Drivers/STM32L0xx_HAL_Driver/Inc -I../Drivers/STM32L0xx_HAL_Driver/Inc/Legacy -I../Drivers/CMSIS/Device/ST/STM32L0xx/Include -I../Drivers/CMSIS/Include -O0 -ffunction-sections -fdata-sections -Wall -fstack-usage -fcyclomatic-complexity -MMD -MP -MF"Core/Src/stm32l0xx_hal_msp.d" -MT"Core/Src/stm32l0xx_hal_msp.o" --specs=nano.specs -mfloat-abi=soft -mthumb -o "Core/Src/stm32l0xx_hal_msp.o"
../Core/Src/main.c: In function 'SendMSG':
../Core/Src/main.c:65:17: warning: implicit declaration of function 'strlen' [-Wimplicit-function-declaration]
   65 |    ble_msg_len= strlen(cmd);
      |                 ^~~~~~
../Core/Src/main.c:65:17: warning: incompatible implicit declaration of built-in function 'strlen'
../Core/Src/main.c:21:1: note: include '<string.h>' or provide a declaration of 'strlen'
   20 | #include "main.h"
  +++ |+#include <string.h>
   21 | 
../Core/Src/main.c:67:4: warning: implicit declaration of function 'strcpy' [-Wimplicit-function-declaration]
   67 |    strcpy(ATcommand,cmd);
      |    ^~~~~~
../Core/Src/main.c:67:4: warning: incompatible implicit declaration of built-in function 'strcpy'
../Core/Src/main.c:67:4: note: include '<string.h>' or provide a declaration of 'strcpy'
../Core/Src/main.c: In function 'main':
../Core/Src/main.c:118:12: warning: unused variable 'status' [-Wunused-variable]
  118 |    uint8_t status;
      |            ^~~~~~
arm-none-eabi-gcc -o "proba.elf" @"objects.list"   -mcpu=cortex-m0plus -T"C:\Users\mikol\OneDrive\Pulpit\repos\Projekt_PBL4\software\proba\STM32L051K8TX_FLASH.ld" --specs=nosys.specs -Wl,-Map="proba.map" -Wl,--gc-sections -static --specs=nano.specs -mfloat-abi=soft -mthumb -Wl,--start-group -lc -lm -Wl,--end-group
Finished building target: proba.elf
 
arm-none-eabi-size   proba.elf 
arm-none-eabi-objdump -h -S  proba.elf  > "proba.list"
   text	   data	    bss	    dec	    hex	filename
  12244	     20	   1916	  14180	   3764	proba.elf
Finished building: default.size.stdout
 
Finished building: proba.list
 
15:04:47 **** Incremental Build of configuration Debug for project proba ****
make -j12 all 
arm-none-eabi-gcc "../Core/Src/main.c" -mcpu=cortex-m0plus -std=gnu11 -g3 -DDEBUG -DUSE_HAL_DRIVER -DSTM32L051xx -c -I../Core/Inc -I../Drivers/STM32L0xx_HAL_Driver/Inc -I../Drivers/STM32L0xx_HAL_Driver/Inc/Legacy -I../Drivers/CMSIS/Device/ST/STM32L0xx/Include -I../Drivers/CMSIS/Include -O0 -ffunction-sections -fdata-sections -Wall -fstack-usage -fcyclomatic-complexity -MMD -MP -MF"Core/Src/main.d" -MT"Core/Src/main.o" --specs=nano.specs -mfloat-abi=soft -mthumb -o "Core/Src/main.o"
../Core/Src/main.c: In function 'SendMSG':
../Core/Src/main.c:65:17: warning: implicit declaration of function 'strlen' [-Wimplicit-function-declaration]
   65 |    ble_msg_len= strlen(cmd);
      |                 ^~~~~~
../Core/Src/main.c:65:17: warning: incompatible implicit declaration of built-in function 'strlen'
../Core/Src/main.c:21:1: note: include '<string.h>' or provide a declaration of 'strlen'
   20 | #include "main.h"
  +++ |+#include <string.h>
   21 | 
../Core/Src/main.c:67:4: warning: implicit declaration of function 'strcpy' [-Wimplicit-function-declaration]
   67 |    strcpy(ATcommand,cmd);
      |    ^~~~~~
../Core/Src/main.c:67:4: warning: incompatible implicit declaration of built-in function 'strcpy'
../Core/Src/main.c:67:4: note: include '<string.h>' or provide a declaration of 'strcpy'
../Core/Src/main.c: In function 'main':
../Core/Src/main.c:120:12: warning: unused variable 'status' [-Wunused-variable]
  120 |    uint8_t status;
      |            ^~~~~~
arm-none-eabi-gcc -o "proba.elf" @"objects.list"   -mcpu=cortex-m0plus -T"C:\Users\mikol\OneDrive\Pulpit\repos\Projekt_PBL4\software\proba\STM32L051K8TX_FLASH.ld" --specs=nosys.specs -Wl,-Map="proba.map" -Wl,--gc-sections -static --specs=nano.specs -mfloat-abi=soft -mthumb -Wl,--start-group -lc -lm -Wl,--end-group
Finished building target: proba.elf
 
arm-none-eabi-size   proba.elf 
arm-none-eabi-objdump -h -S  proba.elf  > "proba.list"
   text	   data	    bss	    dec	    hex	filename
  12252	     20	   1916	  14188	   376c	proba.elf
Finished building: default.size.stdout
 
Finished building: proba.list
 
15:05:23 **** Incremental Build of configuration Debug for project proba ****
make -j12 all 
arm-none-eabi-gcc "../Core/Src/main.c" -mcpu=cortex-m0plus -std=gnu11 -g3 -DDEBUG -DUSE_HAL_DRIVER -DSTM32L051xx -c -I../Core/Inc -I../Drivers/STM32L0xx_HAL_Driver/Inc -I../Drivers/STM32L0xx_HAL_Driver/Inc/Legacy -I../Drivers/CMSIS/Device/ST/STM32L0xx/Include -I../Drivers/CMSIS/Include -O0 -ffunction-sections -fdata-sections -Wall -fstack-usage -fcyclomatic-complexity -MMD -MP -MF"Core/Src/main.d" -MT"Core/Src/main.o" --specs=nano.specs -mfloat-abi=soft -mthumb -o "Core/Src/main.o"
../Core/Src/main.c: In function 'SendMSG':
../Core/Src/main.c:65:17: warning: implicit declaration of function 'strlen' [-Wimplicit-function-declaration]
   65 |    ble_msg_len= strlen(cmd);
      |                 ^~~~~~
../Core/Src/main.c:65:17: warning: incompatible implicit declaration of built-in function 'strlen'
../Core/Src/main.c:21:1: note: include '<string.h>' or provide a declaration of 'strlen'
   20 | #include "main.h"
  +++ |+#include <string.h>
   21 | 
../Core/Src/main.c:67:4: warning: implicit declaration of function 'strcpy' [-Wimplicit-function-declaration]
   67 |    strcpy(ATcommand,cmd);
      |    ^~~~~~
../Core/Src/main.c:67:4: warning: incompatible implicit declaration of built-in function 'strcpy'
../Core/Src/main.c:67:4: note: include '<string.h>' or provide a declaration of 'strcpy'
../Core/Src/main.c: In function 'main':
../Core/Src/main.c:120:12: warning: unused variable 'status' [-Wunused-variable]
  120 |    uint8_t status;
      |            ^~~~~~
arm-none-eabi-gcc -o "proba.elf" @"objects.list"   -mcpu=cortex-m0plus -T"C:\Users\mikol\OneDrive\Pulpit\repos\Projekt_PBL4\software\proba\STM32L051K8TX_FLASH.ld" --specs=nosys.specs -Wl,-Map="proba.map" -Wl,--gc-sections -static --specs=nano.specs -mfloat-abi=soft -mthumb -Wl,--start-group -lc -lm -Wl,--end-group
Finished building target: proba.elf
 
arm-none-eabi-size   proba.elf 
arm-none-eabi-objdump -h -S  proba.elf  > "proba.list"
   text	   data	    bss	    dec	    hex	filename
  12264	     20	   1916	  14200	   3778	proba.elf
Finished building: default.size.stdout
 
Finished building: proba.list
 
15:06:12 **** Incremental Build of configuration Debug for project proba ****
make -j12 all 
arm-none-eabi-gcc "../Core/Src/main.c" -mcpu=cortex-m0plus -std=gnu11 -g3 -DDEBUG -DUSE_HAL_DRIVER -DSTM32L051xx -c -I../Core/Inc -I../Drivers/STM32L0xx_HAL_Driver/Inc -I../Drivers/STM32L0xx_HAL_Driver/Inc/Legacy -I../Drivers/CMSIS/Device/ST/STM32L0xx/Include -I../Drivers/CMSIS/Include -O0 -ffunction-sections -fdata-sections -Wall -fstack-usage -fcyclomatic-complexity -MMD -MP -MF"Core/Src/main.d" -MT"Core/Src/main.o" --specs=nano.specs -mfloat-abi=soft -mthumb -o "Core/Src/main.o"
../Core/Src/main.c: In function 'main':
../Core/Src/main.c:120:12: warning: unused variable 'status' [-Wunused-variable]
  120 |    uint8_t status;
      |            ^~~~~~
arm-none-eabi-gcc -o "proba.elf" @"objects.list"   -mcpu=cortex-m0plus -T"C:\Users\mikol\OneDrive\Pulpit\repos\Projekt_PBL4\software\proba\STM32L051K8TX_FLASH.ld" --specs=nosys.specs -Wl,-Map="proba.map" -Wl,--gc-sections -static --specs=nano.specs -mfloat-abi=soft -mthumb -Wl,--start-group -lc -lm -Wl,--end-group
Finished building target: proba.elf
 
arm-none-eabi-size   proba.elf 
arm-none-eabi-objdump -h -S  proba.elf  > "proba.list"
   text	   data	    bss	    dec	    hex	filename
  12264	     20	   1916	  14200	   3778	proba.elf
Finished building: default.size.stdout
 
Finished building: proba.list
 
15:07:24 **** Incremental Build of configuration Debug for project proba ****
make -j12 all 
arm-none-eabi-gcc "../Core/Src/main.c" -mcpu=cortex-m0plus -std=gnu11 -g3 -DDEBUG -DUSE_HAL_DRIVER -DSTM32L051xx -c -I../Core/Inc -I../Drivers/STM32L0xx_HAL_Driver/Inc -I../Drivers/STM32L0xx_HAL_Driver/Inc/Legacy -I../Drivers/CMSIS/Device/ST/STM32L0xx/Include -I../Drivers/CMSIS/Include -O0 -ffunction-sections -fdata-sections -Wall -fstack-usage -fcyclomatic-complexity -MMD -MP -MF"Core/Src/main.d" -MT"Core/Src/main.o" --specs=nano.specs -mfloat-abi=soft -mthumb -o "Core/Src/main.o"
arm-none-eabi-gcc "../Core/Src/stm32l0xx_hal_msp.c" -mcpu=cortex-m0plus -std=gnu11 -g3 -DDEBUG -DUSE_HAL_DRIVER -DSTM32L051xx -c -I../Core/Inc -I../Drivers/STM32L0xx_HAL_Driver/Inc -I../Drivers/STM32L0xx_HAL_Driver/Inc/Legacy -I../Drivers/CMSIS/Device/ST/STM32L0xx/Include -I../Drivers/CMSIS/Include -O0 -ffunction-sections -fdata-sections -Wall -fstack-usage -fcyclomatic-complexity -MMD -MP -MF"Core/Src/stm32l0xx_hal_msp.d" -MT"Core/Src/stm32l0xx_hal_msp.o" --specs=nano.specs -mfloat-abi=soft -mthumb -o "Core/Src/stm32l0xx_hal_msp.o"
arm-none-eabi-gcc "../Core/Src/stm32l0xx_it.c" -mcpu=cortex-m0plus -std=gnu11 -g3 -DDEBUG -DUSE_HAL_DRIVER -DSTM32L051xx -c -I../Core/Inc -I../Drivers/STM32L0xx_HAL_Driver/Inc -I../Drivers/STM32L0xx_HAL_Driver/Inc/Legacy -I../Drivers/CMSIS/Device/ST/STM32L0xx/Include -I../Drivers/CMSIS/Include -O0 -ffunction-sections -fdata-sections -Wall -fstack-usage -fcyclomatic-complexity -MMD -MP -MF"Core/Src/stm32l0xx_it.d" -MT"Core/Src/stm32l0xx_it.o" --specs=nano.specs -mfloat-abi=soft -mthumb -o "Core/Src/stm32l0xx_it.o"
../Core/Src/main.c: In function 'SendMSG':
../Core/Src/main.c:65:17: warning: implicit declaration of function 'strlen' [-Wimplicit-function-declaration]
   65 |    ble_msg_len= strlen(cmd);
      |                 ^~~~~~
../Core/Src/main.c:65:17: warning: incompatible implicit declaration of built-in function 'strlen'
../Core/Src/main.c:21:1: note: include '<string.h>' or provide a declaration of 'strlen'
   20 | #include "main.h"
  +++ |+#include <string.h>
   21 | 
../Core/Src/main.c:67:4: warning: implicit declaration of function 'strcpy' [-Wimplicit-function-declaration]
   67 |    strcpy(ATcommand,cmd);
      |    ^~~~~~
../Core/Src/main.c:67:4: warning: incompatible implicit declaration of built-in function 'strcpy'
../Core/Src/main.c:67:4: note: include '<string.h>' or provide a declaration of 'strcpy'
../Core/Src/main.c: In function 'main':
../Core/Src/main.c:120:12: warning: unused variable 'status' [-Wunused-variable]
  120 |    uint8_t status;
      |            ^~~~~~
arm-none-eabi-gcc -o "proba.elf" @"objects.list"   -mcpu=cortex-m0plus -T"C:\Users\mikol\OneDrive\Pulpit\repos\Projekt_PBL4\software\proba\STM32L051K8TX_FLASH.ld" --specs=nosys.specs -Wl,-Map="proba.map" -Wl,--gc-sections -static --specs=nano.specs -mfloat-abi=soft -mthumb -Wl,--start-group -lc -lm -Wl,--end-group
Finished building target: proba.elf
 
arm-none-eabi-size   proba.elf 
arm-none-eabi-objdump -h -S  proba.elf  > "proba.list"
   text	   data	    bss	    dec	    hex	filename
  14320	     20	   1916	  16256	   3f80	proba.elf
Finished building: default.size.stdout
 
Finished building: proba.list
 
15:08:00 **** Incremental Build of configuration Debug for project proba ****
make -j12 all 
arm-none-eabi-gcc "../Core/Src/main.c" -mcpu=cortex-m0plus -std=gnu11 -g3 -DDEBUG -DUSE_HAL_DRIVER -DSTM32L051xx -c -I../Core/Inc -I../Drivers/STM32L0xx_HAL_Driver/Inc -I../Drivers/STM32L0xx_HAL_Driver/Inc/Legacy -I../Drivers/CMSIS/Device/ST/STM32L0xx/Include -I../Drivers/CMSIS/Include -O0 -ffunction-sections -fdata-sections -Wall -fstack-usage -fcyclomatic-complexity -MMD -MP -MF"Core/Src/main.d" -MT"Core/Src/main.o" --specs=nano.specs -mfloat-abi=soft -mthumb -o "Core/Src/main.o"
../Core/Src/main.c: In function 'main':
../Core/Src/main.c:120:12: warning: unused variable 'status' [-Wunused-variable]
  120 |    uint8_t status;
      |            ^~~~~~
arm-none-eabi-gcc -o "proba.elf" @"objects.list"   -mcpu=cortex-m0plus -T"C:\Users\mikol\OneDrive\Pulpit\repos\Projekt_PBL4\software\proba\STM32L051K8TX_FLASH.ld" --specs=nosys.specs -Wl,-Map="proba.map" -Wl,--gc-sections -static --specs=nano.specs -mfloat-abi=soft -mthumb -Wl,--start-group -lc -lm -Wl,--end-group
Finished building target: proba.elf
 
arm-none-eabi-size   proba.elf 
arm-none-eabi-objdump -h -S  proba.elf  > "proba.list"
   text	   data	    bss	    dec	    hex	filename
  14320	     20	   1916	  16256	   3f80	proba.elf
Finished building: default.size.stdout
 
Finished building: proba.list
 
15:10:14 **** Incremental Build of configuration Debug for project proba ****
make -j12 all 
arm-none-eabi-gcc "../Core/Src/main.c" -mcpu=cortex-m0plus -std=gnu11 -g3 -DDEBUG -DUSE_HAL_DRIVER -DSTM32L051xx -c -I../Core/Inc -I../Drivers/STM32L0xx_HAL_Driver/Inc -I../Drivers/STM32L0xx_HAL_Driver/Inc/Legacy -I../Drivers/CMSIS/Device/ST/STM32L0xx/Include -I../Drivers/CMSIS/Include -O0 -ffunction-sections -fdata-sections -Wall -fstack-usage -fcyclomatic-complexity -MMD -MP -MF"Core/Src/main.d" -MT"Core/Src/main.o" --specs=nano.specs -mfloat-abi=soft -mthumb -o "Core/Src/main.o"
arm-none-eabi-gcc "../Core/Src/stm32l0xx_hal_msp.c" -mcpu=cortex-m0plus -std=gnu11 -g3 -DDEBUG -DUSE_HAL_DRIVER -DSTM32L051xx -c -I../Core/Inc -I../Drivers/STM32L0xx_HAL_Driver/Inc -I../Drivers/STM32L0xx_HAL_Driver/Inc/Legacy -I../Drivers/CMSIS/Device/ST/STM32L0xx/Include -I../Drivers/CMSIS/Include -O0 -ffunction-sections -fdata-sections -Wall -fstack-usage -fcyclomatic-complexity -MMD -MP -MF"Core/Src/stm32l0xx_hal_msp.d" -MT"Core/Src/stm32l0xx_hal_msp.o" --specs=nano.specs -mfloat-abi=soft -mthumb -o "Core/Src/stm32l0xx_hal_msp.o"
../Core/Src/main.c: In function 'main':
../Core/Src/main.c:120:12: warning: unused variable 'status' [-Wunused-variable]
  120 |    uint8_t status;
      |            ^~~~~~
arm-none-eabi-gcc -o "proba.elf" @"objects.list"   -mcpu=cortex-m0plus -T"C:\Users\mikol\OneDrive\Pulpit\repos\Projekt_PBL4\software\proba\STM32L051K8TX_FLASH.ld" --specs=nosys.specs -Wl,-Map="proba.map" -Wl,--gc-sections -static --specs=nano.specs -mfloat-abi=soft -mthumb -Wl,--start-group -lc -lm -Wl,--end-group
Finished building target: proba.elf
 
arm-none-eabi-size   proba.elf 
arm-none-eabi-objdump -h -S  proba.elf  > "proba.list"
   text	   data	    bss	    dec	    hex	filename
  14316	     20	   1916	  16252	   3f7c	proba.elf
Finished building: default.size.stdout
 
Finished building: proba.list
 
15:11:14 **** Incremental Build of configuration Debug for project proba ****
make -j12 all 
arm-none-eabi-size   proba.elf 
   text	   data	    bss	    dec	    hex	filename
  14316	     20	   1916	  16252	   3f7c	proba.elf
Finished building: default.size.stdout
 
15:12:58 **** Incremental Build of configuration Debug for project proba ****
make -j12 all 
arm-none-eabi-gcc "../Core/Src/main.c" -mcpu=cortex-m0plus -std=gnu11 -g3 -DDEBUG -DUSE_HAL_DRIVER -DSTM32L051xx -c -I../Core/Inc -I../Drivers/STM32L0xx_HAL_Driver/Inc -I../Drivers/STM32L0xx_HAL_Driver/Inc/Legacy -I../Drivers/CMSIS/Device/ST/STM32L0xx/Include -I../Drivers/CMSIS/Include -O0 -ffunction-sections -fdata-sections -Wall -fstack-usage -fcyclomatic-complexity -MMD -MP -MF"Core/Src/main.d" -MT"Core/Src/main.o" --specs=nano.specs -mfloat-abi=soft -mthumb -o "Core/Src/main.o"
../Core/Src/main.c: In function 'main':
../Core/Src/main.c:120:12: warning: unused variable 'status' [-Wunused-variable]
  120 |    uint8_t status;
      |            ^~~~~~
arm-none-eabi-gcc -o "proba.elf" @"objects.list"   -mcpu=cortex-m0plus -T"C:\Users\mikol\OneDrive\Pulpit\repos\Projekt_PBL4\software\proba\STM32L051K8TX_FLASH.ld" --specs=nosys.specs -Wl,-Map="proba.map" -Wl,--gc-sections -static --specs=nano.specs -mfloat-abi=soft -mthumb -Wl,--start-group -lc -lm -Wl,--end-group
Finished building target: proba.elf
 
arm-none-eabi-size   proba.elf 
arm-none-eabi-objdump -h -S  proba.elf  > "proba.list"
   text	   data	    bss	    dec	    hex	filename
  14308	     20	   1916	  16244	   3f74	proba.elf
Finished building: default.size.stdout
 
Finished building: proba.list
 
15:17:27 **** Incremental Build of configuration Debug for project proba ****
make -j12 all 
arm-none-eabi-gcc "../Core/Src/main.c" -mcpu=cortex-m0plus -std=gnu11 -g3 -DDEBUG -DUSE_HAL_DRIVER -DSTM32L051xx -c -I../Core/Inc -I../Drivers/STM32L0xx_HAL_Driver/Inc -I../Drivers/STM32L0xx_HAL_Driver/Inc/Legacy -I../Drivers/CMSIS/Device/ST/STM32L0xx/Include -I../Drivers/CMSIS/Include -O0 -ffunction-sections -fdata-sections -Wall -fstack-usage -fcyclomatic-complexity -MMD -MP -MF"Core/Src/main.d" -MT"Core/Src/main.o" --specs=nano.specs -mfloat-abi=soft -mthumb -o "Core/Src/main.o"
arm-none-eabi-gcc "../Core/Src/stm32l0xx_hal_msp.c" -mcpu=cortex-m0plus -std=gnu11 -g3 -DDEBUG -DUSE_HAL_DRIVER -DSTM32L051xx -c -I../Core/Inc -I../Drivers/STM32L0xx_HAL_Driver/Inc -I../Drivers/STM32L0xx_HAL_Driver/Inc/Legacy -I../Drivers/CMSIS/Device/ST/STM32L0xx/Include -I../Drivers/CMSIS/Include -O0 -ffunction-sections -fdata-sections -Wall -fstack-usage -fcyclomatic-complexity -MMD -MP -MF"Core/Src/stm32l0xx_hal_msp.d" -MT"Core/Src/stm32l0xx_hal_msp.o" --specs=nano.specs -mfloat-abi=soft -mthumb -o "Core/Src/stm32l0xx_hal_msp.o"
../Core/Src/main.c: In function 'main':
../Core/Src/main.c:120:12: warning: unused variable 'status' [-Wunused-variable]
  120 |    uint8_t status;
      |            ^~~~~~
arm-none-eabi-gcc -o "proba.elf" @"objects.list"   -mcpu=cortex-m0plus -T"C:\Users\mikol\OneDrive\Pulpit\repos\Projekt_PBL4\software\proba\STM32L051K8TX_FLASH.ld" --specs=nosys.specs -Wl,-Map="proba.map" -Wl,--gc-sections -static --specs=nano.specs -mfloat-abi=soft -mthumb -Wl,--start-group -lc -lm -Wl,--end-group
Finished building target: proba.elf
 
arm-none-eabi-size   proba.elf 
arm-none-eabi-objdump -h -S  proba.elf  > "proba.list"
   text	   data	    bss	    dec	    hex	filename
  14312	     20	   1916	  16248	   3f78	proba.elf
Finished building: default.size.stdout
 
Finished building: proba.list
 
15:17:40 **** Incremental Build of configuration Debug for project proba ****
make -j12 all 
arm-none-eabi-size   proba.elf 
   text	   data	    bss	    dec	    hex	filename
  14312	     20	   1916	  16248	   3f78	proba.elf
Finished building: default.size.stdout
 
15:18:50 **** Incremental Build of configuration Debug for project proba ****
make -j12 all 
arm-none-eabi-gcc "../Core/Src/main.c" -mcpu=cortex-m0plus -std=gnu11 -g3 -DDEBUG -DUSE_HAL_DRIVER -DSTM32L051xx -c -I../Core/Inc -I../Drivers/STM32L0xx_HAL_Driver/Inc -I../Drivers/STM32L0xx_HAL_Driver/Inc/Legacy -I../Drivers/CMSIS/Device/ST/STM32L0xx/Include -I../Drivers/CMSIS/Include -O0 -ffunction-sections -fdata-sections -Wall -fstack-usage -fcyclomatic-complexity -MMD -MP -MF"Core/Src/main.d" -MT"Core/Src/main.o" --specs=nano.specs -mfloat-abi=soft -mthumb -o "Core/Src/main.o"
../Core/Src/main.c: In function 'main':
../Core/Src/main.c:120:12: warning: unused variable 'status' [-Wunused-variable]
  120 |    uint8_t status;
      |            ^~~~~~
arm-none-eabi-gcc -o "proba.elf" @"objects.list"   -mcpu=cortex-m0plus -T"C:\Users\mikol\OneDrive\Pulpit\repos\Projekt_PBL4\software\proba\STM32L051K8TX_FLASH.ld" --specs=nosys.specs -Wl,-Map="proba.map" -Wl,--gc-sections -static --specs=nano.specs -mfloat-abi=soft -mthumb -Wl,--start-group -lc -lm -Wl,--end-group
Finished building target: proba.elf
 
arm-none-eabi-size   proba.elf 
arm-none-eabi-objdump -h -S  proba.elf  > "proba.list"
   text	   data	    bss	    dec	    hex	filename
  14312	     20	   1916	  16248	   3f78	proba.elf
Finished building: default.size.stdout
 
Finished building: proba.list
 
15:20:23 **** Incremental Build of configuration Debug for project proba ****
make -j12 all 
arm-none-eabi-gcc "../Core/Src/main.c" -mcpu=cortex-m0plus -std=gnu11 -g3 -DDEBUG -DUSE_HAL_DRIVER -DSTM32L051xx -c -I../Core/Inc -I../Drivers/STM32L0xx_HAL_Driver/Inc -I../Drivers/STM32L0xx_HAL_Driver/Inc/Legacy -I../Drivers/CMSIS/Device/ST/STM32L0xx/Include -I../Drivers/CMSIS/Include -O0 -ffunction-sections -fdata-sections -Wall -fstack-usage -fcyclomatic-complexity -MMD -MP -MF"Core/Src/main.d" -MT"Core/Src/main.o" --specs=nano.specs -mfloat-abi=soft -mthumb -o "Core/Src/main.o"
arm-none-eabi-gcc -o "proba.elf" @"objects.list"   -mcpu=cortex-m0plus -T"C:\Users\mikol\OneDrive\Pulpit\repos\Projekt_PBL4\software\proba\STM32L051K8TX_FLASH.ld" --specs=nosys.specs -Wl,-Map="proba.map" -Wl,--gc-sections -static --specs=nano.specs -mfloat-abi=soft -mthumb -Wl,--start-group -lc -lm -Wl,--end-group
Finished building target: proba.elf
 
arm-none-eabi-size   proba.elf 
arm-none-eabi-objdump -h -S  proba.elf  > "proba.list"
   text	   data	    bss	    dec	    hex	filename
  14312	     20	   1916	  16248	   3f78	proba.elf
Finished building: default.size.stdout
 
Finished building: proba.list
 
15:21:54 **** Incremental Build of configuration Debug for project proba ****
make -j12 all 
arm-none-eabi-gcc "../Core/Src/main.c" -mcpu=cortex-m0plus -std=gnu11 -g3 -DDEBUG -DUSE_HAL_DRIVER -DSTM32L051xx -c -I../Core/Inc -I../Drivers/STM32L0xx_HAL_Driver/Inc -I../Drivers/STM32L0xx_HAL_Driver/Inc/Legacy -I../Drivers/CMSIS/Device/ST/STM32L0xx/Include -I../Drivers/CMSIS/Include -O0 -ffunction-sections -fdata-sections -Wall -fstack-usage -fcyclomatic-complexity -MMD -MP -MF"Core/Src/main.d" -MT"Core/Src/main.o" --specs=nano.specs -mfloat-abi=soft -mthumb -o "Core/Src/main.o"
arm-none-eabi-gcc -o "proba.elf" @"objects.list"   -mcpu=cortex-m0plus -T"C:\Users\mikol\OneDrive\Pulpit\repos\Projekt_PBL4\software\proba\STM32L051K8TX_FLASH.ld" --specs=nosys.specs -Wl,-Map="proba.map" -Wl,--gc-sections -static --specs=nano.specs -mfloat-abi=soft -mthumb -Wl,--start-group -lc -lm -Wl,--end-group
Finished building target: proba.elf
 
arm-none-eabi-size   proba.elf 
arm-none-eabi-objdump -h -S  proba.elf  > "proba.list"
   text	   data	    bss	    dec	    hex	filename
  14312	     20	   1916	  16248	   3f78	proba.elf
Finished building: default.size.stdout
 
Finished building: proba.list
 
15:31:35 **** Incremental Build of configuration Debug for project proba ****
make -j12 all 
arm-none-eabi-gcc "../Core/Src/main.c" -mcpu=cortex-m0plus -std=gnu11 -g3 -DDEBUG -DUSE_HAL_DRIVER -DSTM32L051xx -c -I../Core/Inc -I../Drivers/STM32L0xx_HAL_Driver/Inc -I../Drivers/STM32L0xx_HAL_Driver/Inc/Legacy -I../Drivers/CMSIS/Device/ST/STM32L0xx/Include -I../Drivers/CMSIS/Include -O0 -ffunction-sections -fdata-sections -Wall -fstack-usage -fcyclomatic-complexity -MMD -MP -MF"Core/Src/main.d" -MT"Core/Src/main.o" --specs=nano.specs -mfloat-abi=soft -mthumb -o "Core/Src/main.o"
arm-none-eabi-gcc -o "proba.elf" @"objects.list"   -mcpu=cortex-m0plus -T"C:\Users\mikol\OneDrive\Pulpit\repos\Projekt_PBL4\software\proba\STM32L051K8TX_FLASH.ld" --specs=nosys.specs -Wl,-Map="proba.map" -Wl,--gc-sections -static --specs=nano.specs -mfloat-abi=soft -mthumb -Wl,--start-group -lc -lm -Wl,--end-group
Finished building target: proba.elf
 
arm-none-eabi-size   proba.elf 
arm-none-eabi-objdump -h -S  proba.elf  > "proba.list"
   text	   data	    bss	    dec	    hex	filename
  14324	     20	   1916	  16260	   3f84	proba.elf
Finished building: default.size.stdout
 
Finished building: proba.list
 
15:31:48 **** Incremental Build of configuration Debug for project proba ****
make -j12 all 
arm-none-eabi-size   proba.elf 
   text	   data	    bss	    dec	    hex	filename
  14324	     20	   1916	  16260	   3f84	proba.elf
Finished building: default.size.stdout
 
15:32:52 **** Incremental Build of configuration Debug for project proba ****
make -j12 all 
arm-none-eabi-size   proba.elf 
   text	   data	    bss	    dec	    hex	filename
  14324	     20	   1916	  16260	   3f84	proba.elf
Finished building: default.size.stdout
 
15:38:56 **** Incremental Build of configuration Debug for project proba ****
make -j12 all 
arm-none-eabi-size   proba.elf 
   text	   data	    bss	    dec	    hex	filename
  14324	     20	   1916	  16260	   3f84	proba.elf
Finished building: default.size.stdout
 
15:43:01 **** Incremental Build of configuration Debug for project proba ****
make -j12 all 
arm-none-eabi-gcc "../Drivers/STM32L0xx_HAL_Driver/Src/stm32l0xx_hal.c" -mcpu=cortex-m0plus -std=gnu11 -g3 -DDEBUG -DUSE_HAL_DRIVER -DSTM32L051xx -c -I../Core/Inc -I../Drivers/STM32L0xx_HAL_Driver/Inc -I../Drivers/STM32L0xx_HAL_Driver/Inc/Legacy -I../Drivers/CMSIS/Device/ST/STM32L0xx/Include -I../Drivers/CMSIS/Include -O0 -ffunction-sections -fdata-sections -Wall -fstack-usage -fcyclomatic-complexity -MMD -MP -MF"Drivers/STM32L0xx_HAL_Driver/Src/stm32l0xx_hal.d" -MT"Drivers/STM32L0xx_HAL_Driver/Src/stm32l0xx_hal.o" --specs=nano.specs -mfloat-abi=soft -mthumb -o "Drivers/STM32L0xx_HAL_Driver/Src/stm32l0xx_hal.o"
arm-none-eabi-gcc "../Drivers/STM32L0xx_HAL_Driver/Src/stm32l0xx_hal_cortex.c" -mcpu=cortex-m0plus -std=gnu11 -g3 -DDEBUG -DUSE_HAL_DRIVER -DSTM32L051xx -c -I../Core/Inc -I../Drivers/STM32L0xx_HAL_Driver/Inc -I../Drivers/STM32L0xx_HAL_Driver/Inc/Legacy -I../Drivers/CMSIS/Device/ST/STM32L0xx/Include -I../Drivers/CMSIS/Include -O0 -ffunction-sections -fdata-sections -Wall -fstack-usage -fcyclomatic-complexity -MMD -MP -MF"Drivers/STM32L0xx_HAL_Driver/Src/stm32l0xx_hal_cortex.d" -MT"Drivers/STM32L0xx_HAL_Driver/Src/stm32l0xx_hal_cortex.o" --specs=nano.specs -mfloat-abi=soft -mthumb -o "Drivers/STM32L0xx_HAL_Driver/Src/stm32l0xx_hal_cortex.o"
arm-none-eabi-gcc "../Drivers/STM32L0xx_HAL_Driver/Src/stm32l0xx_hal_dma.c" -mcpu=cortex-m0plus -std=gnu11 -g3 -DDEBUG -DUSE_HAL_DRIVER -DSTM32L051xx -c -I../Core/Inc -I../Drivers/STM32L0xx_HAL_Driver/Inc -I../Drivers/STM32L0xx_HAL_Driver/Inc/Legacy -I../Drivers/CMSIS/Device/ST/STM32L0xx/Include -I../Drivers/CMSIS/Include -O0 -ffunction-sections -fdata-sections -Wall -fstack-usage -fcyclomatic-complexity -MMD -MP -MF"Drivers/STM32L0xx_HAL_Driver/Src/stm32l0xx_hal_dma.d" -MT"Drivers/STM32L0xx_HAL_Driver/Src/stm32l0xx_hal_dma.o" --specs=nano.specs -mfloat-abi=soft -mthumb -o "Drivers/STM32L0xx_HAL_Driver/Src/stm32l0xx_hal_dma.o"
arm-none-eabi-gcc "../Drivers/STM32L0xx_HAL_Driver/Src/stm32l0xx_hal_exti.c" -mcpu=cortex-m0plus -std=gnu11 -g3 -DDEBUG -DUSE_HAL_DRIVER -DSTM32L051xx -c -I../Core/Inc -I../Drivers/STM32L0xx_HAL_Driver/Inc -I../Drivers/STM32L0xx_HAL_Driver/Inc/Legacy -I../Drivers/CMSIS/Device/ST/STM32L0xx/Include -I../Drivers/CMSIS/Include -O0 -ffunction-sections -fdata-sections -Wall -fstack-usage -fcyclomatic-complexity -MMD -MP -MF"Drivers/STM32L0xx_HAL_Driver/Src/stm32l0xx_hal_exti.d" -MT"Drivers/STM32L0xx_HAL_Driver/Src/stm32l0xx_hal_exti.o" --specs=nano.specs -mfloat-abi=soft -mthumb -o "Drivers/STM32L0xx_HAL_Driver/Src/stm32l0xx_hal_exti.o"
arm-none-eabi-gcc "../Drivers/STM32L0xx_HAL_Driver/Src/stm32l0xx_hal_flash.c" -mcpu=cortex-m0plus -std=gnu11 -g3 -DDEBUG -DUSE_HAL_DRIVER -DSTM32L051xx -c -I../Core/Inc -I../Drivers/STM32L0xx_HAL_Driver/Inc -I../Drivers/STM32L0xx_HAL_Driver/Inc/Legacy -I../Drivers/CMSIS/Device/ST/STM32L0xx/Include -I../Drivers/CMSIS/Include -O0 -ffunction-sections -fdata-sections -Wall -fstack-usage -fcyclomatic-complexity -MMD -MP -MF"Drivers/STM32L0xx_HAL_Driver/Src/stm32l0xx_hal_flash.d" -MT"Drivers/STM32L0xx_HAL_Driver/Src/stm32l0xx_hal_flash.o" --specs=nano.specs -mfloat-abi=soft -mthumb -o "Drivers/STM32L0xx_HAL_Driver/Src/stm32l0xx_hal_flash.o"
arm-none-eabi-gcc "../Drivers/STM32L0xx_HAL_Driver/Src/stm32l0xx_hal_flash_ex.c" -mcpu=cortex-m0plus -std=gnu11 -g3 -DDEBUG -DUSE_HAL_DRIVER -DSTM32L051xx -c -I../Core/Inc -I../Drivers/STM32L0xx_HAL_Driver/Inc -I../Drivers/STM32L0xx_HAL_Driver/Inc/Legacy -I../Drivers/CMSIS/Device/ST/STM32L0xx/Include -I../Drivers/CMSIS/Include -O0 -ffunction-sections -fdata-sections -Wall -fstack-usage -fcyclomatic-complexity -MMD -MP -MF"Drivers/STM32L0xx_HAL_Driver/Src/stm32l0xx_hal_flash_ex.d" -MT"Drivers/STM32L0xx_HAL_Driver/Src/stm32l0xx_hal_flash_ex.o" --specs=nano.specs -mfloat-abi=soft -mthumb -o "Drivers/STM32L0xx_HAL_Driver/Src/stm32l0xx_hal_flash_ex.o"
arm-none-eabi-gcc "../Drivers/STM32L0xx_HAL_Driver/Src/stm32l0xx_hal_flash_ramfunc.c" -mcpu=cortex-m0plus -std=gnu11 -g3 -DDEBUG -DUSE_HAL_DRIVER -DSTM32L051xx -c -I../Core/Inc -I../Drivers/STM32L0xx_HAL_Driver/Inc -I../Drivers/STM32L0xx_HAL_Driver/Inc/Legacy -I../Drivers/CMSIS/Device/ST/STM32L0xx/Include -I../Drivers/CMSIS/Include -O0 -ffunction-sections -fdata-sections -Wall -fstack-usage -fcyclomatic-complexity -MMD -MP -MF"Drivers/STM32L0xx_HAL_Driver/Src/stm32l0xx_hal_flash_ramfunc.d" -MT"Drivers/STM32L0xx_HAL_Driver/Src/stm32l0xx_hal_flash_ramfunc.o" --specs=nano.specs -mfloat-abi=soft -mthumb -o "Drivers/STM32L0xx_HAL_Driver/Src/stm32l0xx_hal_flash_ramfunc.o"
arm-none-eabi-gcc "../Drivers/STM32L0xx_HAL_Driver/Src/stm32l0xx_hal_gpio.c" -mcpu=cortex-m0plus -std=gnu11 -g3 -DDEBUG -DUSE_HAL_DRIVER -DSTM32L051xx -c -I../Core/Inc -I../Drivers/STM32L0xx_HAL_Driver/Inc -I../Drivers/STM32L0xx_HAL_Driver/Inc/Legacy -I../Drivers/CMSIS/Device/ST/STM32L0xx/Include -I../Drivers/CMSIS/Include -O0 -ffunction-sections -fdata-sections -Wall -fstack-usage -fcyclomatic-complexity -MMD -MP -MF"Drivers/STM32L0xx_HAL_Driver/Src/stm32l0xx_hal_gpio.d" -MT"Drivers/STM32L0xx_HAL_Driver/Src/stm32l0xx_hal_gpio.o" --specs=nano.specs -mfloat-abi=soft -mthumb -o "Drivers/STM32L0xx_HAL_Driver/Src/stm32l0xx_hal_gpio.o"
arm-none-eabi-gcc "../Drivers/STM32L0xx_HAL_Driver/Src/stm32l0xx_hal_i2c.c" -mcpu=cortex-m0plus -std=gnu11 -g3 -DDEBUG -DUSE_HAL_DRIVER -DSTM32L051xx -c -I../Core/Inc -I../Drivers/STM32L0xx_HAL_Driver/Inc -I../Drivers/STM32L0xx_HAL_Driver/Inc/Legacy -I../Drivers/CMSIS/Device/ST/STM32L0xx/Include -I../Drivers/CMSIS/Include -O0 -ffunction-sections -fdata-sections -Wall -fstack-usage -fcyclomatic-complexity -MMD -MP -MF"Drivers/STM32L0xx_HAL_Driver/Src/stm32l0xx_hal_i2c.d" -MT"Drivers/STM32L0xx_HAL_Driver/Src/stm32l0xx_hal_i2c.o" --specs=nano.specs -mfloat-abi=soft -mthumb -o "Drivers/STM32L0xx_HAL_Driver/Src/stm32l0xx_hal_i2c.o"
arm-none-eabi-gcc "../Drivers/STM32L0xx_HAL_Driver/Src/stm32l0xx_hal_i2c_ex.c" -mcpu=cortex-m0plus -std=gnu11 -g3 -DDEBUG -DUSE_HAL_DRIVER -DSTM32L051xx -c -I../Core/Inc -I../Drivers/STM32L0xx_HAL_Driver/Inc -I../Drivers/STM32L0xx_HAL_Driver/Inc/Legacy -I../Drivers/CMSIS/Device/ST/STM32L0xx/Include -I../Drivers/CMSIS/Include -O0 -ffunction-sections -fdata-sections -Wall -fstack-usage -fcyclomatic-complexity -MMD -MP -MF"Drivers/STM32L0xx_HAL_Driver/Src/stm32l0xx_hal_i2c_ex.d" -MT"Drivers/STM32L0xx_HAL_Driver/Src/stm32l0xx_hal_i2c_ex.o" --specs=nano.specs -mfloat-abi=soft -mthumb -o "Drivers/STM32L0xx_HAL_Driver/Src/stm32l0xx_hal_i2c_ex.o"
arm-none-eabi-gcc "../Drivers/STM32L0xx_HAL_Driver/Src/stm32l0xx_hal_pwr.c" -mcpu=cortex-m0plus -std=gnu11 -g3 -DDEBUG -DUSE_HAL_DRIVER -DSTM32L051xx -c -I../Core/Inc -I../Drivers/STM32L0xx_HAL_Driver/Inc -I../Drivers/STM32L0xx_HAL_Driver/Inc/Legacy -I../Drivers/CMSIS/Device/ST/STM32L0xx/Include -I../Drivers/CMSIS/Include -O0 -ffunction-sections -fdata-sections -Wall -fstack-usage -fcyclomatic-complexity -MMD -MP -MF"Drivers/STM32L0xx_HAL_Driver/Src/stm32l0xx_hal_pwr.d" -MT"Drivers/STM32L0xx_HAL_Driver/Src/stm32l0xx_hal_pwr.o" --specs=nano.specs -mfloat-abi=soft -mthumb -o "Drivers/STM32L0xx_HAL_Driver/Src/stm32l0xx_hal_pwr.o"
arm-none-eabi-gcc "../Drivers/STM32L0xx_HAL_Driver/Src/stm32l0xx_hal_pwr_ex.c" -mcpu=cortex-m0plus -std=gnu11 -g3 -DDEBUG -DUSE_HAL_DRIVER -DSTM32L051xx -c -I../Core/Inc -I../Drivers/STM32L0xx_HAL_Driver/Inc -I../Drivers/STM32L0xx_HAL_Driver/Inc/Legacy -I../Drivers/CMSIS/Device/ST/STM32L0xx/Include -I../Drivers/CMSIS/Include -O0 -ffunction-sections -fdata-sections -Wall -fstack-usage -fcyclomatic-complexity -MMD -MP -MF"Drivers/STM32L0xx_HAL_Driver/Src/stm32l0xx_hal_pwr_ex.d" -MT"Drivers/STM32L0xx_HAL_Driver/Src/stm32l0xx_hal_pwr_ex.o" --specs=nano.specs -mfloat-abi=soft -mthumb -o "Drivers/STM32L0xx_HAL_Driver/Src/stm32l0xx_hal_pwr_ex.o"
arm-none-eabi-gcc "../Drivers/STM32L0xx_HAL_Driver/Src/stm32l0xx_hal_rcc.c" -mcpu=cortex-m0plus -std=gnu11 -g3 -DDEBUG -DUSE_HAL_DRIVER -DSTM32L051xx -c -I../Core/Inc -I../Drivers/STM32L0xx_HAL_Driver/Inc -I../Drivers/STM32L0xx_HAL_Driver/Inc/Legacy -I../Drivers/CMSIS/Device/ST/STM32L0xx/Include -I../Drivers/CMSIS/Include -O0 -ffunction-sections -fdata-sections -Wall -fstack-usage -fcyclomatic-complexity -MMD -MP -MF"Drivers/STM32L0xx_HAL_Driver/Src/stm32l0xx_hal_rcc.d" -MT"Drivers/STM32L0xx_HAL_Driver/Src/stm32l0xx_hal_rcc.o" --specs=nano.specs -mfloat-abi=soft -mthumb -o "Drivers/STM32L0xx_HAL_Driver/Src/stm32l0xx_hal_rcc.o"
arm-none-eabi-gcc "../Drivers/STM32L0xx_HAL_Driver/Src/stm32l0xx_hal_rcc_ex.c" -mcpu=cortex-m0plus -std=gnu11 -g3 -DDEBUG -DUSE_HAL_DRIVER -DSTM32L051xx -c -I../Core/Inc -I../Drivers/STM32L0xx_HAL_Driver/Inc -I../Drivers/STM32L0xx_HAL_Driver/Inc/Legacy -I../Drivers/CMSIS/Device/ST/STM32L0xx/Include -I../Drivers/CMSIS/Include -O0 -ffunction-sections -fdata-sections -Wall -fstack-usage -fcyclomatic-complexity -MMD -MP -MF"Drivers/STM32L0xx_HAL_Driver/Src/stm32l0xx_hal_rcc_ex.d" -MT"Drivers/STM32L0xx_HAL_Driver/Src/stm32l0xx_hal_rcc_ex.o" --specs=nano.specs -mfloat-abi=soft -mthumb -o "Drivers/STM32L0xx_HAL_Driver/Src/stm32l0xx_hal_rcc_ex.o"
arm-none-eabi-gcc "../Drivers/STM32L0xx_HAL_Driver/Src/stm32l0xx_hal_tim.c" -mcpu=cortex-m0plus -std=gnu11 -g3 -DDEBUG -DUSE_HAL_DRIVER -DSTM32L051xx -c -I../Core/Inc -I../Drivers/STM32L0xx_HAL_Driver/Inc -I../Drivers/STM32L0xx_HAL_Driver/Inc/Legacy -I../Drivers/CMSIS/Device/ST/STM32L0xx/Include -I../Drivers/CMSIS/Include -O0 -ffunction-sections -fdata-sections -Wall -fstack-usage -fcyclomatic-complexity -MMD -MP -MF"Drivers/STM32L0xx_HAL_Driver/Src/stm32l0xx_hal_tim.d" -MT"Drivers/STM32L0xx_HAL_Driver/Src/stm32l0xx_hal_tim.o" --specs=nano.specs -mfloat-abi=soft -mthumb -o "Drivers/STM32L0xx_HAL_Driver/Src/stm32l0xx_hal_tim.o"
arm-none-eabi-gcc "../Drivers/STM32L0xx_HAL_Driver/Src/stm32l0xx_hal_tim_ex.c" -mcpu=cortex-m0plus -std=gnu11 -g3 -DDEBUG -DUSE_HAL_DRIVER -DSTM32L051xx -c -I../Core/Inc -I../Drivers/STM32L0xx_HAL_Driver/Inc -I../Drivers/STM32L0xx_HAL_Driver/Inc/Legacy -I../Drivers/CMSIS/Device/ST/STM32L0xx/Include -I../Drivers/CMSIS/Include -O0 -ffunction-sections -fdata-sections -Wall -fstack-usage -fcyclomatic-complexity -MMD -MP -MF"Drivers/STM32L0xx_HAL_Driver/Src/stm32l0xx_hal_tim_ex.d" -MT"Drivers/STM32L0xx_HAL_Driver/Src/stm32l0xx_hal_tim_ex.o" --specs=nano.specs -mfloat-abi=soft -mthumb -o "Drivers/STM32L0xx_HAL_Driver/Src/stm32l0xx_hal_tim_ex.o"
arm-none-eabi-gcc "../Drivers/STM32L0xx_HAL_Driver/Src/stm32l0xx_hal_uart.c" -mcpu=cortex-m0plus -std=gnu11 -g3 -DDEBUG -DUSE_HAL_DRIVER -DSTM32L051xx -c -I../Core/Inc -I../Drivers/STM32L0xx_HAL_Driver/Inc -I../Drivers/STM32L0xx_HAL_Driver/Inc/Legacy -I../Drivers/CMSIS/Device/ST/STM32L0xx/Include -I../Drivers/CMSIS/Include -O0 -ffunction-sections -fdata-sections -Wall -fstack-usage -fcyclomatic-complexity -MMD -MP -MF"Drivers/STM32L0xx_HAL_Driver/Src/stm32l0xx_hal_uart.d" -MT"Drivers/STM32L0xx_HAL_Driver/Src/stm32l0xx_hal_uart.o" --specs=nano.specs -mfloat-abi=soft -mthumb -o "Drivers/STM32L0xx_HAL_Driver/Src/stm32l0xx_hal_uart.o"
arm-none-eabi-gcc "../Drivers/STM32L0xx_HAL_Driver/Src/stm32l0xx_hal_uart_ex.c" -mcpu=cortex-m0plus -std=gnu11 -g3 -DDEBUG -DUSE_HAL_DRIVER -DSTM32L051xx -c -I../Core/Inc -I../Drivers/STM32L0xx_HAL_Driver/Inc -I../Drivers/STM32L0xx_HAL_Driver/Inc/Legacy -I../Drivers/CMSIS/Device/ST/STM32L0xx/Include -I../Drivers/CMSIS/Include -O0 -ffunction-sections -fdata-sections -Wall -fstack-usage -fcyclomatic-complexity -MMD -MP -MF"Drivers/STM32L0xx_HAL_Driver/Src/stm32l0xx_hal_uart_ex.d" -MT"Drivers/STM32L0xx_HAL_Driver/Src/stm32l0xx_hal_uart_ex.o" --specs=nano.specs -mfloat-abi=soft -mthumb -o "Drivers/STM32L0xx_HAL_Driver/Src/stm32l0xx_hal_uart_ex.o"
arm-none-eabi-gcc -o "proba.elf" @"objects.list"   -mcpu=cortex-m0plus -T"C:\Users\mikol\OneDrive\Pulpit\repos\Projekt_PBL4\software\proba\STM32L051K8TX_FLASH.ld" --specs=nosys.specs -Wl,-Map="proba.map" -Wl,--gc-sections -static --specs=nano.specs -mfloat-abi=soft -mthumb -Wl,--start-group -lc -lm -Wl,--end-group
Finished building target: proba.elf
 
arm-none-eabi-size   proba.elf 
arm-none-eabi-objdump -h -S  proba.elf  > "proba.list"
   text	   data	    bss	    dec	    hex	filename
  14324	     20	   1916	  16260	   3f84	proba.elf
Finished building: default.size.stdout
 
Finished building: proba.list
 
15:43:11 **** Incremental Build of configuration Debug for project proba ****
make -j12 all 
arm-none-eabi-size   proba.elf 
   text	   data	    bss	    dec	    hex	filename
  14324	     20	   1916	  16260	   3f84	proba.elf
Finished building: default.size.stdout
 
15:47:16 **** Incremental Build of configuration Debug for project proba ****
make -j12 all 
arm-none-eabi-gcc "../Drivers/STM32L0xx_HAL_Driver/Src/stm32l0xx_hal.c" -mcpu=cortex-m0plus -std=gnu11 -g3 -DDEBUG -DUSE_HAL_DRIVER -DSTM32L051xx -c -I../Core/Inc -I../Drivers/STM32L0xx_HAL_Driver/Inc -I../Drivers/STM32L0xx_HAL_Driver/Inc/Legacy -I../Drivers/CMSIS/Device/ST/STM32L0xx/Include -I../Drivers/CMSIS/Include -O0 -ffunction-sections -fdata-sections -Wall -fstack-usage -fcyclomatic-complexity -MMD -MP -MF"Drivers/STM32L0xx_HAL_Driver/Src/stm32l0xx_hal.d" -MT"Drivers/STM32L0xx_HAL_Driver/Src/stm32l0xx_hal.o" --specs=nano.specs -mfloat-abi=soft -mthumb -o "Drivers/STM32L0xx_HAL_Driver/Src/stm32l0xx_hal.o"
arm-none-eabi-gcc "../Drivers/STM32L0xx_HAL_Driver/Src/stm32l0xx_hal_cortex.c" -mcpu=cortex-m0plus -std=gnu11 -g3 -DDEBUG -DUSE_HAL_DRIVER -DSTM32L051xx -c -I../Core/Inc -I../Drivers/STM32L0xx_HAL_Driver/Inc -I../Drivers/STM32L0xx_HAL_Driver/Inc/Legacy -I../Drivers/CMSIS/Device/ST/STM32L0xx/Include -I../Drivers/CMSIS/Include -O0 -ffunction-sections -fdata-sections -Wall -fstack-usage -fcyclomatic-complexity -MMD -MP -MF"Drivers/STM32L0xx_HAL_Driver/Src/stm32l0xx_hal_cortex.d" -MT"Drivers/STM32L0xx_HAL_Driver/Src/stm32l0xx_hal_cortex.o" --specs=nano.specs -mfloat-abi=soft -mthumb -o "Drivers/STM32L0xx_HAL_Driver/Src/stm32l0xx_hal_cortex.o"
arm-none-eabi-gcc "../Drivers/STM32L0xx_HAL_Driver/Src/stm32l0xx_hal_dma.c" -mcpu=cortex-m0plus -std=gnu11 -g3 -DDEBUG -DUSE_HAL_DRIVER -DSTM32L051xx -c -I../Core/Inc -I../Drivers/STM32L0xx_HAL_Driver/Inc -I../Drivers/STM32L0xx_HAL_Driver/Inc/Legacy -I../Drivers/CMSIS/Device/ST/STM32L0xx/Include -I../Drivers/CMSIS/Include -O0 -ffunction-sections -fdata-sections -Wall -fstack-usage -fcyclomatic-complexity -MMD -MP -MF"Drivers/STM32L0xx_HAL_Driver/Src/stm32l0xx_hal_dma.d" -MT"Drivers/STM32L0xx_HAL_Driver/Src/stm32l0xx_hal_dma.o" --specs=nano.specs -mfloat-abi=soft -mthumb -o "Drivers/STM32L0xx_HAL_Driver/Src/stm32l0xx_hal_dma.o"
arm-none-eabi-gcc "../Drivers/STM32L0xx_HAL_Driver/Src/stm32l0xx_hal_exti.c" -mcpu=cortex-m0plus -std=gnu11 -g3 -DDEBUG -DUSE_HAL_DRIVER -DSTM32L051xx -c -I../Core/Inc -I../Drivers/STM32L0xx_HAL_Driver/Inc -I../Drivers/STM32L0xx_HAL_Driver/Inc/Legacy -I../Drivers/CMSIS/Device/ST/STM32L0xx/Include -I../Drivers/CMSIS/Include -O0 -ffunction-sections -fdata-sections -Wall -fstack-usage -fcyclomatic-complexity -MMD -MP -MF"Drivers/STM32L0xx_HAL_Driver/Src/stm32l0xx_hal_exti.d" -MT"Drivers/STM32L0xx_HAL_Driver/Src/stm32l0xx_hal_exti.o" --specs=nano.specs -mfloat-abi=soft -mthumb -o "Drivers/STM32L0xx_HAL_Driver/Src/stm32l0xx_hal_exti.o"
arm-none-eabi-gcc "../Drivers/STM32L0xx_HAL_Driver/Src/stm32l0xx_hal_flash.c" -mcpu=cortex-m0plus -std=gnu11 -g3 -DDEBUG -DUSE_HAL_DRIVER -DSTM32L051xx -c -I../Core/Inc -I../Drivers/STM32L0xx_HAL_Driver/Inc -I../Drivers/STM32L0xx_HAL_Driver/Inc/Legacy -I../Drivers/CMSIS/Device/ST/STM32L0xx/Include -I../Drivers/CMSIS/Include -O0 -ffunction-sections -fdata-sections -Wall -fstack-usage -fcyclomatic-complexity -MMD -MP -MF"Drivers/STM32L0xx_HAL_Driver/Src/stm32l0xx_hal_flash.d" -MT"Drivers/STM32L0xx_HAL_Driver/Src/stm32l0xx_hal_flash.o" --specs=nano.specs -mfloat-abi=soft -mthumb -o "Drivers/STM32L0xx_HAL_Driver/Src/stm32l0xx_hal_flash.o"
arm-none-eabi-gcc "../Drivers/STM32L0xx_HAL_Driver/Src/stm32l0xx_hal_flash_ex.c" -mcpu=cortex-m0plus -std=gnu11 -g3 -DDEBUG -DUSE_HAL_DRIVER -DSTM32L051xx -c -I../Core/Inc -I../Drivers/STM32L0xx_HAL_Driver/Inc -I../Drivers/STM32L0xx_HAL_Driver/Inc/Legacy -I../Drivers/CMSIS/Device/ST/STM32L0xx/Include -I../Drivers/CMSIS/Include -O0 -ffunction-sections -fdata-sections -Wall -fstack-usage -fcyclomatic-complexity -MMD -MP -MF"Drivers/STM32L0xx_HAL_Driver/Src/stm32l0xx_hal_flash_ex.d" -MT"Drivers/STM32L0xx_HAL_Driver/Src/stm32l0xx_hal_flash_ex.o" --specs=nano.specs -mfloat-abi=soft -mthumb -o "Drivers/STM32L0xx_HAL_Driver/Src/stm32l0xx_hal_flash_ex.o"
arm-none-eabi-gcc "../Drivers/STM32L0xx_HAL_Driver/Src/stm32l0xx_hal_flash_ramfunc.c" -mcpu=cortex-m0plus -std=gnu11 -g3 -DDEBUG -DUSE_HAL_DRIVER -DSTM32L051xx -c -I../Core/Inc -I../Drivers/STM32L0xx_HAL_Driver/Inc -I../Drivers/STM32L0xx_HAL_Driver/Inc/Legacy -I../Drivers/CMSIS/Device/ST/STM32L0xx/Include -I../Drivers/CMSIS/Include -O0 -ffunction-sections -fdata-sections -Wall -fstack-usage -fcyclomatic-complexity -MMD -MP -MF"Drivers/STM32L0xx_HAL_Driver/Src/stm32l0xx_hal_flash_ramfunc.d" -MT"Drivers/STM32L0xx_HAL_Driver/Src/stm32l0xx_hal_flash_ramfunc.o" --specs=nano.specs -mfloat-abi=soft -mthumb -o "Drivers/STM32L0xx_HAL_Driver/Src/stm32l0xx_hal_flash_ramfunc.o"
arm-none-eabi-gcc "../Drivers/STM32L0xx_HAL_Driver/Src/stm32l0xx_hal_gpio.c" -mcpu=cortex-m0plus -std=gnu11 -g3 -DDEBUG -DUSE_HAL_DRIVER -DSTM32L051xx -c -I../Core/Inc -I../Drivers/STM32L0xx_HAL_Driver/Inc -I../Drivers/STM32L0xx_HAL_Driver/Inc/Legacy -I../Drivers/CMSIS/Device/ST/STM32L0xx/Include -I../Drivers/CMSIS/Include -O0 -ffunction-sections -fdata-sections -Wall -fstack-usage -fcyclomatic-complexity -MMD -MP -MF"Drivers/STM32L0xx_HAL_Driver/Src/stm32l0xx_hal_gpio.d" -MT"Drivers/STM32L0xx_HAL_Driver/Src/stm32l0xx_hal_gpio.o" --specs=nano.specs -mfloat-abi=soft -mthumb -o "Drivers/STM32L0xx_HAL_Driver/Src/stm32l0xx_hal_gpio.o"
arm-none-eabi-gcc "../Drivers/STM32L0xx_HAL_Driver/Src/stm32l0xx_hal_i2c.c" -mcpu=cortex-m0plus -std=gnu11 -g3 -DDEBUG -DUSE_HAL_DRIVER -DSTM32L051xx -c -I../Core/Inc -I../Drivers/STM32L0xx_HAL_Driver/Inc -I../Drivers/STM32L0xx_HAL_Driver/Inc/Legacy -I../Drivers/CMSIS/Device/ST/STM32L0xx/Include -I../Drivers/CMSIS/Include -O0 -ffunction-sections -fdata-sections -Wall -fstack-usage -fcyclomatic-complexity -MMD -MP -MF"Drivers/STM32L0xx_HAL_Driver/Src/stm32l0xx_hal_i2c.d" -MT"Drivers/STM32L0xx_HAL_Driver/Src/stm32l0xx_hal_i2c.o" --specs=nano.specs -mfloat-abi=soft -mthumb -o "Drivers/STM32L0xx_HAL_Driver/Src/stm32l0xx_hal_i2c.o"
arm-none-eabi-gcc "../Drivers/STM32L0xx_HAL_Driver/Src/stm32l0xx_hal_i2c_ex.c" -mcpu=cortex-m0plus -std=gnu11 -g3 -DDEBUG -DUSE_HAL_DRIVER -DSTM32L051xx -c -I../Core/Inc -I../Drivers/STM32L0xx_HAL_Driver/Inc -I../Drivers/STM32L0xx_HAL_Driver/Inc/Legacy -I../Drivers/CMSIS/Device/ST/STM32L0xx/Include -I../Drivers/CMSIS/Include -O0 -ffunction-sections -fdata-sections -Wall -fstack-usage -fcyclomatic-complexity -MMD -MP -MF"Drivers/STM32L0xx_HAL_Driver/Src/stm32l0xx_hal_i2c_ex.d" -MT"Drivers/STM32L0xx_HAL_Driver/Src/stm32l0xx_hal_i2c_ex.o" --specs=nano.specs -mfloat-abi=soft -mthumb -o "Drivers/STM32L0xx_HAL_Driver/Src/stm32l0xx_hal_i2c_ex.o"
arm-none-eabi-gcc "../Drivers/STM32L0xx_HAL_Driver/Src/stm32l0xx_hal_pwr.c" -mcpu=cortex-m0plus -std=gnu11 -g3 -DDEBUG -DUSE_HAL_DRIVER -DSTM32L051xx -c -I../Core/Inc -I../Drivers/STM32L0xx_HAL_Driver/Inc -I../Drivers/STM32L0xx_HAL_Driver/Inc/Legacy -I../Drivers/CMSIS/Device/ST/STM32L0xx/Include -I../Drivers/CMSIS/Include -O0 -ffunction-sections -fdata-sections -Wall -fstack-usage -fcyclomatic-complexity -MMD -MP -MF"Drivers/STM32L0xx_HAL_Driver/Src/stm32l0xx_hal_pwr.d" -MT"Drivers/STM32L0xx_HAL_Driver/Src/stm32l0xx_hal_pwr.o" --specs=nano.specs -mfloat-abi=soft -mthumb -o "Drivers/STM32L0xx_HAL_Driver/Src/stm32l0xx_hal_pwr.o"
arm-none-eabi-gcc "../Drivers/STM32L0xx_HAL_Driver/Src/stm32l0xx_hal_pwr_ex.c" -mcpu=cortex-m0plus -std=gnu11 -g3 -DDEBUG -DUSE_HAL_DRIVER -DSTM32L051xx -c -I../Core/Inc -I../Drivers/STM32L0xx_HAL_Driver/Inc -I../Drivers/STM32L0xx_HAL_Driver/Inc/Legacy -I../Drivers/CMSIS/Device/ST/STM32L0xx/Include -I../Drivers/CMSIS/Include -O0 -ffunction-sections -fdata-sections -Wall -fstack-usage -fcyclomatic-complexity -MMD -MP -MF"Drivers/STM32L0xx_HAL_Driver/Src/stm32l0xx_hal_pwr_ex.d" -MT"Drivers/STM32L0xx_HAL_Driver/Src/stm32l0xx_hal_pwr_ex.o" --specs=nano.specs -mfloat-abi=soft -mthumb -o "Drivers/STM32L0xx_HAL_Driver/Src/stm32l0xx_hal_pwr_ex.o"
arm-none-eabi-gcc "../Drivers/STM32L0xx_HAL_Driver/Src/stm32l0xx_hal_rcc.c" -mcpu=cortex-m0plus -std=gnu11 -g3 -DDEBUG -DUSE_HAL_DRIVER -DSTM32L051xx -c -I../Core/Inc -I../Drivers/STM32L0xx_HAL_Driver/Inc -I../Drivers/STM32L0xx_HAL_Driver/Inc/Legacy -I../Drivers/CMSIS/Device/ST/STM32L0xx/Include -I../Drivers/CMSIS/Include -O0 -ffunction-sections -fdata-sections -Wall -fstack-usage -fcyclomatic-complexity -MMD -MP -MF"Drivers/STM32L0xx_HAL_Driver/Src/stm32l0xx_hal_rcc.d" -MT"Drivers/STM32L0xx_HAL_Driver/Src/stm32l0xx_hal_rcc.o" --specs=nano.specs -mfloat-abi=soft -mthumb -o "Drivers/STM32L0xx_HAL_Driver/Src/stm32l0xx_hal_rcc.o"
arm-none-eabi-gcc "../Drivers/STM32L0xx_HAL_Driver/Src/stm32l0xx_hal_rcc_ex.c" -mcpu=cortex-m0plus -std=gnu11 -g3 -DDEBUG -DUSE_HAL_DRIVER -DSTM32L051xx -c -I../Core/Inc -I../Drivers/STM32L0xx_HAL_Driver/Inc -I../Drivers/STM32L0xx_HAL_Driver/Inc/Legacy -I../Drivers/CMSIS/Device/ST/STM32L0xx/Include -I../Drivers/CMSIS/Include -O0 -ffunction-sections -fdata-sections -Wall -fstack-usage -fcyclomatic-complexity -MMD -MP -MF"Drivers/STM32L0xx_HAL_Driver/Src/stm32l0xx_hal_rcc_ex.d" -MT"Drivers/STM32L0xx_HAL_Driver/Src/stm32l0xx_hal_rcc_ex.o" --specs=nano.specs -mfloat-abi=soft -mthumb -o "Drivers/STM32L0xx_HAL_Driver/Src/stm32l0xx_hal_rcc_ex.o"
arm-none-eabi-gcc "../Drivers/STM32L0xx_HAL_Driver/Src/stm32l0xx_hal_uart.c" -mcpu=cortex-m0plus -std=gnu11 -g3 -DDEBUG -DUSE_HAL_DRIVER -DSTM32L051xx -c -I../Core/Inc -I../Drivers/STM32L0xx_HAL_Driver/Inc -I../Drivers/STM32L0xx_HAL_Driver/Inc/Legacy -I../Drivers/CMSIS/Device/ST/STM32L0xx/Include -I../Drivers/CMSIS/Include -O0 -ffunction-sections -fdata-sections -Wall -fstack-usage -fcyclomatic-complexity -MMD -MP -MF"Drivers/STM32L0xx_HAL_Driver/Src/stm32l0xx_hal_uart.d" -MT"Drivers/STM32L0xx_HAL_Driver/Src/stm32l0xx_hal_uart.o" --specs=nano.specs -mfloat-abi=soft -mthumb -o "Drivers/STM32L0xx_HAL_Driver/Src/stm32l0xx_hal_uart.o"
arm-none-eabi-gcc "../Drivers/STM32L0xx_HAL_Driver/Src/stm32l0xx_hal_uart_ex.c" -mcpu=cortex-m0plus -std=gnu11 -g3 -DDEBUG -DUSE_HAL_DRIVER -DSTM32L051xx -c -I../Core/Inc -I../Drivers/STM32L0xx_HAL_Driver/Inc -I../Drivers/STM32L0xx_HAL_Driver/Inc/Legacy -I../Drivers/CMSIS/Device/ST/STM32L0xx/Include -I../Drivers/CMSIS/Include -O0 -ffunction-sections -fdata-sections -Wall -fstack-usage -fcyclomatic-complexity -MMD -MP -MF"Drivers/STM32L0xx_HAL_Driver/Src/stm32l0xx_hal_uart_ex.d" -MT"Drivers/STM32L0xx_HAL_Driver/Src/stm32l0xx_hal_uart_ex.o" --specs=nano.specs -mfloat-abi=soft -mthumb -o "Drivers/STM32L0xx_HAL_Driver/Src/stm32l0xx_hal_uart_ex.o"
arm-none-eabi-gcc "../Core/Src/main.c" -mcpu=cortex-m0plus -std=gnu11 -g3 -DDEBUG -DUSE_HAL_DRIVER -DSTM32L051xx -c -I../Core/Inc -I../Drivers/STM32L0xx_HAL_Driver/Inc -I../Drivers/STM32L0xx_HAL_Driver/Inc/Legacy -I../Drivers/CMSIS/Device/ST/STM32L0xx/Include -I../Drivers/CMSIS/Include -O0 -ffunction-sections -fdata-sections -Wall -fstack-usage -fcyclomatic-complexity -MMD -MP -MF"Core/Src/main.d" -MT"Core/Src/main.o" --specs=nano.specs -mfloat-abi=soft -mthumb -o "Core/Src/main.o"
arm-none-eabi-gcc -o "proba.elf" @"objects.list"   -mcpu=cortex-m0plus -T"C:\Users\mikol\OneDrive\Pulpit\repos\Projekt_PBL4\software\proba\STM32L051K8TX_FLASH.ld" --specs=nosys.specs -Wl,-Map="proba.map" -Wl,--gc-sections -static --specs=nano.specs -mfloat-abi=soft -mthumb -Wl,--start-group -lc -lm -Wl,--end-group
Finished building target: proba.elf
 
arm-none-eabi-size   proba.elf 
arm-none-eabi-objdump -h -S  proba.elf  > "proba.list"
   text	   data	    bss	    dec	    hex	filename
  14324	     20	   1916	  16260	   3f84	proba.elf
Finished building: default.size.stdout
 
Finished building: proba.list
 
15:47:33 **** Incremental Build of configuration Debug for project proba ****
make -j12 all 
arm-none-eabi-size   proba.elf 
   text	   data	    bss	    dec	    hex	filename
  14324	     20	   1916	  16260	   3f84	proba.elf
Finished building: default.size.stdout
 
15:53:19 **** Incremental Build of configuration Debug for project proba ****
make -j12 all 
arm-none-eabi-gcc "../Core/Src/main.c" -mcpu=cortex-m0plus -std=gnu11 -g3 -DDEBUG -DUSE_HAL_DRIVER -DSTM32L051xx -c -I../Core/Inc -I../Drivers/STM32L0xx_HAL_Driver/Inc -I../Drivers/STM32L0xx_HAL_Driver/Inc/Legacy -I../Drivers/CMSIS/Device/ST/STM32L0xx/Include -I../Drivers/CMSIS/Include -O0 -ffunction-sections -fdata-sections -Wall -fstack-usage -fcyclomatic-complexity -MMD -MP -MF"Core/Src/main.d" -MT"Core/Src/main.o" --specs=nano.specs -mfloat-abi=soft -mthumb -o "Core/Src/main.o"
arm-none-eabi-gcc -o "proba.elf" @"objects.list"   -mcpu=cortex-m0plus -T"C:\Users\mikol\OneDrive\Pulpit\repos\Projekt_PBL4\software\proba\STM32L051K8TX_FLASH.ld" --specs=nosys.specs -Wl,-Map="proba.map" -Wl,--gc-sections -static --specs=nano.specs -mfloat-abi=soft -mthumb -Wl,--start-group -lc -lm -Wl,--end-group
Finished building target: proba.elf
 
arm-none-eabi-size   proba.elf 
arm-none-eabi-objdump -h -S  proba.elf  > "proba.list"
   text	   data	    bss	    dec	    hex	filename
  14324	     20	   1916	  16260	   3f84	proba.elf
Finished building: default.size.stdout
 
Finished building: proba.list
 
15:59:11 **** Incremental Build of configuration Debug for project proba ****
make -j12 all 
arm-none-eabi-size   proba.elf 
   text	   data	    bss	    dec	    hex	filename
  14324	     20	   1916	  16260	   3f84	proba.elf
Finished building: default.size.stdout
 
11:29:23 **** Incremental Build of configuration Debug for project proba ****
make -j12 all 
arm-none-eabi-size   proba.elf 
   text	   data	    bss	    dec	    hex	filename
  14324	     20	   1916	  16260	   3f84	proba.elf
Finished building: default.size.stdout
 
11:29:47 **** Incremental Build of configuration Debug for project proba ****
make -j12 all 
arm-none-eabi-size   proba.elf 
   text	   data	    bss	    dec	    hex	filename
  14324	     20	   1916	  16260	   3f84	proba.elf
Finished building: default.size.stdout
 
11:30:41 **** Incremental Build of configuration Debug for project proba ****
make -j12 all 
arm-none-eabi-size   proba.elf 
   text	   data	    bss	    dec	    hex	filename
  14324	     20	   1916	  16260	   3f84	proba.elf
Finished building: default.size.stdout
 
11:31:12 **** Incremental Build of configuration Debug for project proba ****
make -j12 all 
arm-none-eabi-size   proba.elf 
   text	   data	    bss	    dec	    hex	filename
  14324	     20	   1916	  16260	   3f84	proba.elf
Finished building: default.size.stdout
 
11:31:27 **** Incremental Build of configuration Debug for project proba ****
make -j12 all 
arm-none-eabi-size   proba.elf 
   text	   data	    bss	    dec	    hex	filename
  14324	     20	   1916	  16260	   3f84	proba.elf
Finished building: default.size.stdout
 
12:17:23 **** Clean-only build of configuration Debug for project BMA456 ****
make -j12 clean 
rm -rf ./Drivers/STM32L0xx_HAL_Driver/Src/stm32l0xx_hal.cyclo ./Drivers/STM32L0xx_HAL_Driver/Src/stm32l0xx_hal.d ./Drivers/STM32L0xx_HAL_Driver/Src/stm32l0xx_hal.o ./Drivers/STM32L0xx_HAL_Driver/Src/stm32l0xx_hal.su ./Drivers/STM32L0xx_HAL_Driver/Src/stm32l0xx_hal_cortex.cyclo ./Drivers/STM32L0xx_HAL_Driver/Src/stm32l0xx_hal_cortex.d ./Drivers/STM32L0xx_HAL_Driver/Src/stm32l0xx_hal_cortex.o ./Drivers/STM32L0xx_HAL_Driver/Src/stm32l0xx_hal_cortex.su ./Drivers/STM32L0xx_HAL_Driver/Src/stm32l0xx_hal_dma.cyclo ./Drivers/STM32L0xx_HAL_Driver/Src/stm32l0xx_hal_dma.d ./Drivers/STM32L0xx_HAL_Driver/Src/stm32l0xx_hal_dma.o ./Drivers/STM32L0xx_HAL_Driver/Src/stm32l0xx_hal_dma.su ./Drivers/STM32L0xx_HAL_Driver/Src/stm32l0xx_hal_exti.cyclo ./Drivers/STM32L0xx_HAL_Driver/Src/stm32l0xx_hal_exti.d ./Drivers/STM32L0xx_HAL_Driver/Src/stm32l0xx_hal_exti.o ./Drivers/STM32L0xx_HAL_Driver/Src/stm32l0xx_hal_exti.su ./Drivers/STM32L0xx_HAL_Driver/Src/stm32l0xx_hal_flash.cyclo ./Drivers/STM32L0xx_HAL_Driver/Src/stm32l0xx_hal_flash.d ./Drivers/STM32L0xx_HAL_Driver/Src/stm32l0xx_hal_flash.o ./Drivers/STM32L0xx_HAL_Driver/Src/stm32l0xx_hal_flash.su ./Drivers/STM32L0xx_HAL_Driver/Src/stm32l0xx_hal_flash_ex.cyclo ./Drivers/STM32L0xx_HAL_Driver/Src/stm32l0xx_hal_flash_ex.d ./Drivers/STM32L0xx_HAL_Driver/Src/stm32l0xx_hal_flash_ex.o ./Drivers/STM32L0xx_HAL_Driver/Src/stm32l0xx_hal_flash_ex.su ./Drivers/STM32L0xx_HAL_Driver/Src/stm32l0xx_hal_flash_ramfunc.cyclo ./Drivers/STM32L0xx_HAL_Driver/Src/stm32l0xx_hal_flash_ramfunc.d ./Drivers/STM32L0xx_HAL_Driver/Src/stm32l0xx_hal_flash_ramfunc.o ./Drivers/STM32L0xx_HAL_Driver/Src/stm32l0xx_hal_flash_ramfunc.su ./Drivers/STM32L0xx_HAL_Driver/Src/stm32l0xx_hal_gpio.cyclo ./Drivers/STM32L0xx_HAL_Driver/Src/stm32l0xx_hal_gpio.d ./Drivers/STM32L0xx_HAL_Driver/Src/stm32l0xx_hal_gpio.o ./Drivers/STM32L0xx_HAL_Driver/Src/stm32l0xx_hal_gpio.su ./Drivers/STM32L0xx_HAL_Driver/Src/stm32l0xx_hal_i2c.cyclo ./Drivers/STM32L0xx_HAL_Driver/Src/stm32l0xx_hal_i2c.d ./Drivers/STM32L0xx_HAL_Driver/Src/stm32l0xx_hal_i2c.o ./Drivers/STM32L0xx_HAL_Driver/Src/stm32l0xx_hal_i2c.su ./Drivers/STM32L0xx_HAL_Driver/Src/stm32l0xx_hal_i2c_ex.cyclo ./Drivers/STM32L0xx_HAL_Driver/Src/stm32l0xx_hal_i2c_ex.d ./Drivers/STM32L0xx_HAL_Driver/Src/stm32l0xx_hal_i2c_ex.o ./Drivers/STM32L0xx_HAL_Driver/Src/stm32l0xx_hal_i2c_ex.su ./Drivers/STM32L0xx_HAL_Driver/Src/stm32l0xx_hal_pwr.cyclo ./Drivers/STM32L0xx_HAL_Driver/Src/stm32l0xx_hal_pwr.d ./Drivers/STM32L0xx_HAL_Driver/Src/stm32l0xx_hal_pwr.o ./Drivers/STM32L0xx_HAL_Driver/Src/stm32l0xx_hal_pwr.su ./Drivers/STM32L0xx_HAL_Driver/Src/stm32l0xx_hal_pwr_ex.cyclo ./Drivers/STM32L0xx_HAL_Driver/Src/stm32l0xx_hal_pwr_ex.d ./Drivers/STM32L0xx_HAL_Driver/Src/stm32l0xx_hal_pwr_ex.o ./Drivers/STM32L0xx_HAL_Driver/Src/stm32l0xx_hal_pwr_ex.su ./Drivers/STM32L0xx_HAL_Driver/Src/stm32l0xx_hal_rcc.cyclo ./Drivers/STM32L0xx_HAL_Driver/Src/stm32l0xx_hal_rcc.d ./Drivers/STM32L0xx_HAL_Driver/Src/stm32l0xx_hal_rcc.o ./Drivers/STM32L0xx_HAL_Driver/Src/stm32l0xx_hal_rcc.su ./Drivers/STM32L0xx_HAL_Driver/Src/stm32l0xx_hal_rcc_ex.cyclo ./Drivers/STM32L0xx_HAL_Driver/Src/stm32l0xx_hal_rcc_ex.d ./Drivers/STM32L0xx_HAL_Driver/Src/stm32l0xx_hal_rcc_ex.o ./Drivers/STM32L0xx_HAL_Driver/Src/stm32l0xx_hal_rcc_ex.su ./Drivers/STM32L0xx_HAL_Driver/Src/stm32l0xx_hal_spi.cyclo ./Drivers/STM32L0xx_HAL_Driver/Src/stm32l0xx_hal_spi.d ./Drivers/STM32L0xx_HAL_Driver/Src/stm32l0xx_hal_spi.o ./Drivers/STM32L0xx_HAL_Driver/Src/stm32l0xx_hal_spi.su ./Drivers/STM32L0xx_HAL_Driver/Src/stm32l0xx_hal_tim.cyclo ./Drivers/STM32L0xx_HAL_Driver/Src/stm32l0xx_hal_tim.d ./Drivers/STM32L0xx_HAL_Driver/Src/stm32l0xx_hal_tim.o ./Drivers/STM32L0xx_HAL_Driver/Src/stm32l0xx_hal_tim.su ./Drivers/STM32L0xx_HAL_Driver/Src/stm32l0xx_hal_tim_ex.cyclo ./Drivers/STM32L0xx_HAL_Driver/Src/stm32l0xx_hal_tim_ex.d ./Drivers/STM32L0xx_HAL_Driver/Src/stm32l0xx_hal_tim_ex.o ./Drivers/STM32L0xx_HAL_Driver/Src/stm32l0xx_hal_tim_ex.su ./Drivers/STM32L0xx_HAL_Driver/Src/stm32l0xx_hal_uart.cyclo ./Drivers/STM32L0xx_HAL_Driver/Src/stm32l0xx_hal_uart.d ./Drivers/STM32L0xx_HAL_Driver/Src/stm32l0xx_hal_uart.o ./Drivers/STM32L0xx_HAL_Driver/Src/stm32l0xx_hal_uart.su ./Drivers/STM32L0xx_HAL_Driver/Src/stm32l0xx_hal_uart_ex.cyclo ./Drivers/STM32L0xx_HAL_Driver/Src/stm32l0xx_hal_uart_ex.d ./Drivers/STM32L0xx_HAL_Driver/Src/stm32l0xx_hal_uart_ex.o ./Drivers/STM32L0xx_HAL_Driver/Src/stm32l0xx_hal_uart_ex.su
rm -rf ./Core/Startup/startup_stm32l073rztx.d ./Core/Startup/startup_stm32l073rztx.o
rm -rf ./Core/Src/main.cyclo ./Core/Src/main.d ./Core/Src/main.o ./Core/Src/main.su ./Core/Src/stm32l0xx_hal_msp.cyclo ./Core/Src/stm32l0xx_hal_msp.d ./Core/Src/stm32l0xx_hal_msp.o ./Core/Src/stm32l0xx_hal_msp.su ./Core/Src/stm32l0xx_it.cyclo ./Core/Src/stm32l0xx_it.d ./Core/Src/stm32l0xx_it.o ./Core/Src/stm32l0xx_it.su ./Core/Src/syscalls.cyclo ./Core/Src/syscalls.d ./Core/Src/syscalls.o ./Core/Src/syscalls.su ./Core/Src/sysmem.cyclo ./Core/Src/sysmem.d ./Core/Src/sysmem.o ./Core/Src/sysmem.su ./Core/Src/system_stm32l0xx.cyclo ./Core/Src/system_stm32l0xx.d ./Core/Src/system_stm32l0xx.o ./Core/Src/system_stm32l0xx.su
rm -rf BMA456.elf BMA456.list BMA456.map default.size.stdout
 
12:17:24 **** Build of configuration Debug for project BMA456 ****
make -j12 all 
arm-none-eabi-gcc "../Drivers/STM32L0xx_HAL_Driver/Src/stm32l0xx_hal.c" -mcpu=cortex-m0plus -std=gnu11 -g3 -DDEBUG -DUSE_HAL_DRIVER -DSTM32L073xx -c -I../Core/Inc -I../Drivers/STM32L0xx_HAL_Driver/Inc -I../Drivers/STM32L0xx_HAL_Driver/Inc/Legacy -I../Drivers/CMSIS/Device/ST/STM32L0xx/Include -I../Drivers/CMSIS/Include -O0 -ffunction-sections -fdata-sections -Wall -fstack-usage -fcyclomatic-complexity -MMD -MP -MF"Drivers/STM32L0xx_HAL_Driver/Src/stm32l0xx_hal.d" -MT"Drivers/STM32L0xx_HAL_Driver/Src/stm32l0xx_hal.o" --specs=nano.specs -mfloat-abi=soft -mthumb -o "Drivers/STM32L0xx_HAL_Driver/Src/stm32l0xx_hal.o"
arm-none-eabi-gcc "../Drivers/STM32L0xx_HAL_Driver/Src/stm32l0xx_hal_cortex.c" -mcpu=cortex-m0plus -std=gnu11 -g3 -DDEBUG -DUSE_HAL_DRIVER -DSTM32L073xx -c -I../Core/Inc -I../Drivers/STM32L0xx_HAL_Driver/Inc -I../Drivers/STM32L0xx_HAL_Driver/Inc/Legacy -I../Drivers/CMSIS/Device/ST/STM32L0xx/Include -I../Drivers/CMSIS/Include -O0 -ffunction-sections -fdata-sections -Wall -fstack-usage -fcyclomatic-complexity -MMD -MP -MF"Drivers/STM32L0xx_HAL_Driver/Src/stm32l0xx_hal_cortex.d" -MT"Drivers/STM32L0xx_HAL_Driver/Src/stm32l0xx_hal_cortex.o" --specs=nano.specs -mfloat-abi=soft -mthumb -o "Drivers/STM32L0xx_HAL_Driver/Src/stm32l0xx_hal_cortex.o"
arm-none-eabi-gcc "../Drivers/STM32L0xx_HAL_Driver/Src/stm32l0xx_hal_dma.c" -mcpu=cortex-m0plus -std=gnu11 -g3 -DDEBUG -DUSE_HAL_DRIVER -DSTM32L073xx -c -I../Core/Inc -I../Drivers/STM32L0xx_HAL_Driver/Inc -I../Drivers/STM32L0xx_HAL_Driver/Inc/Legacy -I../Drivers/CMSIS/Device/ST/STM32L0xx/Include -I../Drivers/CMSIS/Include -O0 -ffunction-sections -fdata-sections -Wall -fstack-usage -fcyclomatic-complexity -MMD -MP -MF"Drivers/STM32L0xx_HAL_Driver/Src/stm32l0xx_hal_dma.d" -MT"Drivers/STM32L0xx_HAL_Driver/Src/stm32l0xx_hal_dma.o" --specs=nano.specs -mfloat-abi=soft -mthumb -o "Drivers/STM32L0xx_HAL_Driver/Src/stm32l0xx_hal_dma.o"
arm-none-eabi-gcc "../Drivers/STM32L0xx_HAL_Driver/Src/stm32l0xx_hal_exti.c" -mcpu=cortex-m0plus -std=gnu11 -g3 -DDEBUG -DUSE_HAL_DRIVER -DSTM32L073xx -c -I../Core/Inc -I../Drivers/STM32L0xx_HAL_Driver/Inc -I../Drivers/STM32L0xx_HAL_Driver/Inc/Legacy -I../Drivers/CMSIS/Device/ST/STM32L0xx/Include -I../Drivers/CMSIS/Include -O0 -ffunction-sections -fdata-sections -Wall -fstack-usage -fcyclomatic-complexity -MMD -MP -MF"Drivers/STM32L0xx_HAL_Driver/Src/stm32l0xx_hal_exti.d" -MT"Drivers/STM32L0xx_HAL_Driver/Src/stm32l0xx_hal_exti.o" --specs=nano.specs -mfloat-abi=soft -mthumb -o "Drivers/STM32L0xx_HAL_Driver/Src/stm32l0xx_hal_exti.o"
arm-none-eabi-gcc "../Drivers/STM32L0xx_HAL_Driver/Src/stm32l0xx_hal_flash.c" -mcpu=cortex-m0plus -std=gnu11 -g3 -DDEBUG -DUSE_HAL_DRIVER -DSTM32L073xx -c -I../Core/Inc -I../Drivers/STM32L0xx_HAL_Driver/Inc -I../Drivers/STM32L0xx_HAL_Driver/Inc/Legacy -I../Drivers/CMSIS/Device/ST/STM32L0xx/Include -I../Drivers/CMSIS/Include -O0 -ffunction-sections -fdata-sections -Wall -fstack-usage -fcyclomatic-complexity -MMD -MP -MF"Drivers/STM32L0xx_HAL_Driver/Src/stm32l0xx_hal_flash.d" -MT"Drivers/STM32L0xx_HAL_Driver/Src/stm32l0xx_hal_flash.o" --specs=nano.specs -mfloat-abi=soft -mthumb -o "Drivers/STM32L0xx_HAL_Driver/Src/stm32l0xx_hal_flash.o"
arm-none-eabi-gcc "../Drivers/STM32L0xx_HAL_Driver/Src/stm32l0xx_hal_flash_ex.c" -mcpu=cortex-m0plus -std=gnu11 -g3 -DDEBUG -DUSE_HAL_DRIVER -DSTM32L073xx -c -I../Core/Inc -I../Drivers/STM32L0xx_HAL_Driver/Inc -I../Drivers/STM32L0xx_HAL_Driver/Inc/Legacy -I../Drivers/CMSIS/Device/ST/STM32L0xx/Include -I../Drivers/CMSIS/Include -O0 -ffunction-sections -fdata-sections -Wall -fstack-usage -fcyclomatic-complexity -MMD -MP -MF"Drivers/STM32L0xx_HAL_Driver/Src/stm32l0xx_hal_flash_ex.d" -MT"Drivers/STM32L0xx_HAL_Driver/Src/stm32l0xx_hal_flash_ex.o" --specs=nano.specs -mfloat-abi=soft -mthumb -o "Drivers/STM32L0xx_HAL_Driver/Src/stm32l0xx_hal_flash_ex.o"
arm-none-eabi-gcc "../Drivers/STM32L0xx_HAL_Driver/Src/stm32l0xx_hal_flash_ramfunc.c" -mcpu=cortex-m0plus -std=gnu11 -g3 -DDEBUG -DUSE_HAL_DRIVER -DSTM32L073xx -c -I../Core/Inc -I../Drivers/STM32L0xx_HAL_Driver/Inc -I../Drivers/STM32L0xx_HAL_Driver/Inc/Legacy -I../Drivers/CMSIS/Device/ST/STM32L0xx/Include -I../Drivers/CMSIS/Include -O0 -ffunction-sections -fdata-sections -Wall -fstack-usage -fcyclomatic-complexity -MMD -MP -MF"Drivers/STM32L0xx_HAL_Driver/Src/stm32l0xx_hal_flash_ramfunc.d" -MT"Drivers/STM32L0xx_HAL_Driver/Src/stm32l0xx_hal_flash_ramfunc.o" --specs=nano.specs -mfloat-abi=soft -mthumb -o "Drivers/STM32L0xx_HAL_Driver/Src/stm32l0xx_hal_flash_ramfunc.o"
arm-none-eabi-gcc "../Drivers/STM32L0xx_HAL_Driver/Src/stm32l0xx_hal_gpio.c" -mcpu=cortex-m0plus -std=gnu11 -g3 -DDEBUG -DUSE_HAL_DRIVER -DSTM32L073xx -c -I../Core/Inc -I../Drivers/STM32L0xx_HAL_Driver/Inc -I../Drivers/STM32L0xx_HAL_Driver/Inc/Legacy -I../Drivers/CMSIS/Device/ST/STM32L0xx/Include -I../Drivers/CMSIS/Include -O0 -ffunction-sections -fdata-sections -Wall -fstack-usage -fcyclomatic-complexity -MMD -MP -MF"Drivers/STM32L0xx_HAL_Driver/Src/stm32l0xx_hal_gpio.d" -MT"Drivers/STM32L0xx_HAL_Driver/Src/stm32l0xx_hal_gpio.o" --specs=nano.specs -mfloat-abi=soft -mthumb -o "Drivers/STM32L0xx_HAL_Driver/Src/stm32l0xx_hal_gpio.o"
arm-none-eabi-gcc "../Drivers/STM32L0xx_HAL_Driver/Src/stm32l0xx_hal_i2c.c" -mcpu=cortex-m0plus -std=gnu11 -g3 -DDEBUG -DUSE_HAL_DRIVER -DSTM32L073xx -c -I../Core/Inc -I../Drivers/STM32L0xx_HAL_Driver/Inc -I../Drivers/STM32L0xx_HAL_Driver/Inc/Legacy -I../Drivers/CMSIS/Device/ST/STM32L0xx/Include -I../Drivers/CMSIS/Include -O0 -ffunction-sections -fdata-sections -Wall -fstack-usage -fcyclomatic-complexity -MMD -MP -MF"Drivers/STM32L0xx_HAL_Driver/Src/stm32l0xx_hal_i2c.d" -MT"Drivers/STM32L0xx_HAL_Driver/Src/stm32l0xx_hal_i2c.o" --specs=nano.specs -mfloat-abi=soft -mthumb -o "Drivers/STM32L0xx_HAL_Driver/Src/stm32l0xx_hal_i2c.o"
arm-none-eabi-gcc "../Drivers/STM32L0xx_HAL_Driver/Src/stm32l0xx_hal_i2c_ex.c" -mcpu=cortex-m0plus -std=gnu11 -g3 -DDEBUG -DUSE_HAL_DRIVER -DSTM32L073xx -c -I../Core/Inc -I../Drivers/STM32L0xx_HAL_Driver/Inc -I../Drivers/STM32L0xx_HAL_Driver/Inc/Legacy -I../Drivers/CMSIS/Device/ST/STM32L0xx/Include -I../Drivers/CMSIS/Include -O0 -ffunction-sections -fdata-sections -Wall -fstack-usage -fcyclomatic-complexity -MMD -MP -MF"Drivers/STM32L0xx_HAL_Driver/Src/stm32l0xx_hal_i2c_ex.d" -MT"Drivers/STM32L0xx_HAL_Driver/Src/stm32l0xx_hal_i2c_ex.o" --specs=nano.specs -mfloat-abi=soft -mthumb -o "Drivers/STM32L0xx_HAL_Driver/Src/stm32l0xx_hal_i2c_ex.o"
arm-none-eabi-gcc "../Drivers/STM32L0xx_HAL_Driver/Src/stm32l0xx_hal_pwr.c" -mcpu=cortex-m0plus -std=gnu11 -g3 -DDEBUG -DUSE_HAL_DRIVER -DSTM32L073xx -c -I../Core/Inc -I../Drivers/STM32L0xx_HAL_Driver/Inc -I../Drivers/STM32L0xx_HAL_Driver/Inc/Legacy -I../Drivers/CMSIS/Device/ST/STM32L0xx/Include -I../Drivers/CMSIS/Include -O0 -ffunction-sections -fdata-sections -Wall -fstack-usage -fcyclomatic-complexity -MMD -MP -MF"Drivers/STM32L0xx_HAL_Driver/Src/stm32l0xx_hal_pwr.d" -MT"Drivers/STM32L0xx_HAL_Driver/Src/stm32l0xx_hal_pwr.o" --specs=nano.specs -mfloat-abi=soft -mthumb -o "Drivers/STM32L0xx_HAL_Driver/Src/stm32l0xx_hal_pwr.o"
arm-none-eabi-gcc "../Drivers/STM32L0xx_HAL_Driver/Src/stm32l0xx_hal_pwr_ex.c" -mcpu=cortex-m0plus -std=gnu11 -g3 -DDEBUG -DUSE_HAL_DRIVER -DSTM32L073xx -c -I../Core/Inc -I../Drivers/STM32L0xx_HAL_Driver/Inc -I../Drivers/STM32L0xx_HAL_Driver/Inc/Legacy -I../Drivers/CMSIS/Device/ST/STM32L0xx/Include -I../Drivers/CMSIS/Include -O0 -ffunction-sections -fdata-sections -Wall -fstack-usage -fcyclomatic-complexity -MMD -MP -MF"Drivers/STM32L0xx_HAL_Driver/Src/stm32l0xx_hal_pwr_ex.d" -MT"Drivers/STM32L0xx_HAL_Driver/Src/stm32l0xx_hal_pwr_ex.o" --specs=nano.specs -mfloat-abi=soft -mthumb -o "Drivers/STM32L0xx_HAL_Driver/Src/stm32l0xx_hal_pwr_ex.o"
arm-none-eabi-gcc "../Drivers/STM32L0xx_HAL_Driver/Src/stm32l0xx_hal_rcc.c" -mcpu=cortex-m0plus -std=gnu11 -g3 -DDEBUG -DUSE_HAL_DRIVER -DSTM32L073xx -c -I../Core/Inc -I../Drivers/STM32L0xx_HAL_Driver/Inc -I../Drivers/STM32L0xx_HAL_Driver/Inc/Legacy -I../Drivers/CMSIS/Device/ST/STM32L0xx/Include -I../Drivers/CMSIS/Include -O0 -ffunction-sections -fdata-sections -Wall -fstack-usage -fcyclomatic-complexity -MMD -MP -MF"Drivers/STM32L0xx_HAL_Driver/Src/stm32l0xx_hal_rcc.d" -MT"Drivers/STM32L0xx_HAL_Driver/Src/stm32l0xx_hal_rcc.o" --specs=nano.specs -mfloat-abi=soft -mthumb -o "Drivers/STM32L0xx_HAL_Driver/Src/stm32l0xx_hal_rcc.o"
arm-none-eabi-gcc "../Drivers/STM32L0xx_HAL_Driver/Src/stm32l0xx_hal_rcc_ex.c" -mcpu=cortex-m0plus -std=gnu11 -g3 -DDEBUG -DUSE_HAL_DRIVER -DSTM32L073xx -c -I../Core/Inc -I../Drivers/STM32L0xx_HAL_Driver/Inc -I../Drivers/STM32L0xx_HAL_Driver/Inc/Legacy -I../Drivers/CMSIS/Device/ST/STM32L0xx/Include -I../Drivers/CMSIS/Include -O0 -ffunction-sections -fdata-sections -Wall -fstack-usage -fcyclomatic-complexity -MMD -MP -MF"Drivers/STM32L0xx_HAL_Driver/Src/stm32l0xx_hal_rcc_ex.d" -MT"Drivers/STM32L0xx_HAL_Driver/Src/stm32l0xx_hal_rcc_ex.o" --specs=nano.specs -mfloat-abi=soft -mthumb -o "Drivers/STM32L0xx_HAL_Driver/Src/stm32l0xx_hal_rcc_ex.o"
arm-none-eabi-gcc "../Drivers/STM32L0xx_HAL_Driver/Src/stm32l0xx_hal_spi.c" -mcpu=cortex-m0plus -std=gnu11 -g3 -DDEBUG -DUSE_HAL_DRIVER -DSTM32L073xx -c -I../Core/Inc -I../Drivers/STM32L0xx_HAL_Driver/Inc -I../Drivers/STM32L0xx_HAL_Driver/Inc/Legacy -I../Drivers/CMSIS/Device/ST/STM32L0xx/Include -I../Drivers/CMSIS/Include -O0 -ffunction-sections -fdata-sections -Wall -fstack-usage -fcyclomatic-complexity -MMD -MP -MF"Drivers/STM32L0xx_HAL_Driver/Src/stm32l0xx_hal_spi.d" -MT"Drivers/STM32L0xx_HAL_Driver/Src/stm32l0xx_hal_spi.o" --specs=nano.specs -mfloat-abi=soft -mthumb -o "Drivers/STM32L0xx_HAL_Driver/Src/stm32l0xx_hal_spi.o"
arm-none-eabi-gcc "../Drivers/STM32L0xx_HAL_Driver/Src/stm32l0xx_hal_tim.c" -mcpu=cortex-m0plus -std=gnu11 -g3 -DDEBUG -DUSE_HAL_DRIVER -DSTM32L073xx -c -I../Core/Inc -I../Drivers/STM32L0xx_HAL_Driver/Inc -I../Drivers/STM32L0xx_HAL_Driver/Inc/Legacy -I../Drivers/CMSIS/Device/ST/STM32L0xx/Include -I../Drivers/CMSIS/Include -O0 -ffunction-sections -fdata-sections -Wall -fstack-usage -fcyclomatic-complexity -MMD -MP -MF"Drivers/STM32L0xx_HAL_Driver/Src/stm32l0xx_hal_tim.d" -MT"Drivers/STM32L0xx_HAL_Driver/Src/stm32l0xx_hal_tim.o" --specs=nano.specs -mfloat-abi=soft -mthumb -o "Drivers/STM32L0xx_HAL_Driver/Src/stm32l0xx_hal_tim.o"
arm-none-eabi-gcc "../Drivers/STM32L0xx_HAL_Driver/Src/stm32l0xx_hal_tim_ex.c" -mcpu=cortex-m0plus -std=gnu11 -g3 -DDEBUG -DUSE_HAL_DRIVER -DSTM32L073xx -c -I../Core/Inc -I../Drivers/STM32L0xx_HAL_Driver/Inc -I../Drivers/STM32L0xx_HAL_Driver/Inc/Legacy -I../Drivers/CMSIS/Device/ST/STM32L0xx/Include -I../Drivers/CMSIS/Include -O0 -ffunction-sections -fdata-sections -Wall -fstack-usage -fcyclomatic-complexity -MMD -MP -MF"Drivers/STM32L0xx_HAL_Driver/Src/stm32l0xx_hal_tim_ex.d" -MT"Drivers/STM32L0xx_HAL_Driver/Src/stm32l0xx_hal_tim_ex.o" --specs=nano.specs -mfloat-abi=soft -mthumb -o "Drivers/STM32L0xx_HAL_Driver/Src/stm32l0xx_hal_tim_ex.o"
arm-none-eabi-gcc "../Drivers/STM32L0xx_HAL_Driver/Src/stm32l0xx_hal_uart.c" -mcpu=cortex-m0plus -std=gnu11 -g3 -DDEBUG -DUSE_HAL_DRIVER -DSTM32L073xx -c -I../Core/Inc -I../Drivers/STM32L0xx_HAL_Driver/Inc -I../Drivers/STM32L0xx_HAL_Driver/Inc/Legacy -I../Drivers/CMSIS/Device/ST/STM32L0xx/Include -I../Drivers/CMSIS/Include -O0 -ffunction-sections -fdata-sections -Wall -fstack-usage -fcyclomatic-complexity -MMD -MP -MF"Drivers/STM32L0xx_HAL_Driver/Src/stm32l0xx_hal_uart.d" -MT"Drivers/STM32L0xx_HAL_Driver/Src/stm32l0xx_hal_uart.o" --specs=nano.specs -mfloat-abi=soft -mthumb -o "Drivers/STM32L0xx_HAL_Driver/Src/stm32l0xx_hal_uart.o"
arm-none-eabi-gcc "../Drivers/STM32L0xx_HAL_Driver/Src/stm32l0xx_hal_uart_ex.c" -mcpu=cortex-m0plus -std=gnu11 -g3 -DDEBUG -DUSE_HAL_DRIVER -DSTM32L073xx -c -I../Core/Inc -I../Drivers/STM32L0xx_HAL_Driver/Inc -I../Drivers/STM32L0xx_HAL_Driver/Inc/Legacy -I../Drivers/CMSIS/Device/ST/STM32L0xx/Include -I../Drivers/CMSIS/Include -O0 -ffunction-sections -fdata-sections -Wall -fstack-usage -fcyclomatic-complexity -MMD -MP -MF"Drivers/STM32L0xx_HAL_Driver/Src/stm32l0xx_hal_uart_ex.d" -MT"Drivers/STM32L0xx_HAL_Driver/Src/stm32l0xx_hal_uart_ex.o" --specs=nano.specs -mfloat-abi=soft -mthumb -o "Drivers/STM32L0xx_HAL_Driver/Src/stm32l0xx_hal_uart_ex.o"
arm-none-eabi-gcc -mcpu=cortex-m0plus -g3 -DDEBUG -c -x assembler-with-cpp -MMD -MP -MF"Core/Startup/startup_stm32l073rztx.d" -MT"Core/Startup/startup_stm32l073rztx.o" --specs=nano.specs -mfloat-abi=soft -mthumb -o "Core/Startup/startup_stm32l073rztx.o" "../Core/Startup/startup_stm32l073rztx.s"
arm-none-eabi-gcc "../Core/Src/main.c" -mcpu=cortex-m0plus -std=gnu11 -g3 -DDEBUG -DUSE_HAL_DRIVER -DSTM32L073xx -c -I../Core/Inc -I../Drivers/STM32L0xx_HAL_Driver/Inc -I../Drivers/STM32L0xx_HAL_Driver/Inc/Legacy -I../Drivers/CMSIS/Device/ST/STM32L0xx/Include -I../Drivers/CMSIS/Include -O0 -ffunction-sections -fdata-sections -Wall -fstack-usage -fcyclomatic-complexity -MMD -MP -MF"Core/Src/main.d" -MT"Core/Src/main.o" --specs=nano.specs -mfloat-abi=soft -mthumb -o "Core/Src/main.o"
arm-none-eabi-gcc "../Core/Src/stm32l0xx_hal_msp.c" -mcpu=cortex-m0plus -std=gnu11 -g3 -DDEBUG -DUSE_HAL_DRIVER -DSTM32L073xx -c -I../Core/Inc -I../Drivers/STM32L0xx_HAL_Driver/Inc -I../Drivers/STM32L0xx_HAL_Driver/Inc/Legacy -I../Drivers/CMSIS/Device/ST/STM32L0xx/Include -I../Drivers/CMSIS/Include -O0 -ffunction-sections -fdata-sections -Wall -fstack-usage -fcyclomatic-complexity -MMD -MP -MF"Core/Src/stm32l0xx_hal_msp.d" -MT"Core/Src/stm32l0xx_hal_msp.o" --specs=nano.specs -mfloat-abi=soft -mthumb -o "Core/Src/stm32l0xx_hal_msp.o"
arm-none-eabi-gcc "../Core/Src/stm32l0xx_it.c" -mcpu=cortex-m0plus -std=gnu11 -g3 -DDEBUG -DUSE_HAL_DRIVER -DSTM32L073xx -c -I../Core/Inc -I../Drivers/STM32L0xx_HAL_Driver/Inc -I../Drivers/STM32L0xx_HAL_Driver/Inc/Legacy -I../Drivers/CMSIS/Device/ST/STM32L0xx/Include -I../Drivers/CMSIS/Include -O0 -ffunction-sections -fdata-sections -Wall -fstack-usage -fcyclomatic-complexity -MMD -MP -MF"Core/Src/stm32l0xx_it.d" -MT"Core/Src/stm32l0xx_it.o" --specs=nano.specs -mfloat-abi=soft -mthumb -o "Core/Src/stm32l0xx_it.o"
arm-none-eabi-gcc "../Core/Src/syscalls.c" -mcpu=cortex-m0plus -std=gnu11 -g3 -DDEBUG -DUSE_HAL_DRIVER -DSTM32L073xx -c -I../Core/Inc -I../Drivers/STM32L0xx_HAL_Driver/Inc -I../Drivers/STM32L0xx_HAL_Driver/Inc/Legacy -I../Drivers/CMSIS/Device/ST/STM32L0xx/Include -I../Drivers/CMSIS/Include -O0 -ffunction-sections -fdata-sections -Wall -fstack-usage -fcyclomatic-complexity -MMD -MP -MF"Core/Src/syscalls.d" -MT"Core/Src/syscalls.o" --specs=nano.specs -mfloat-abi=soft -mthumb -o "Core/Src/syscalls.o"
../Core/Src/main.c: In function 'main':
../Core/Src/main.c:197:4: warning: implicit declaration of function 'printf' [-Wimplicit-function-declaration]
  197 |    printf("Output data:\r\n");
      |    ^~~~~~
../Core/Src/main.c:197:4: warning: incompatible implicit declaration of built-in function 'printf'
../Core/Src/main.c:25:1: note: include '<stdio.h>' or provide a declaration of 'printf'
   24 | #include "bma456.h"
  +++ |+#include <stdio.h>
   25 | /* USER CODE END Includes */
arm-none-eabi-gcc "../Core/Src/sysmem.c" -mcpu=cortex-m0plus -std=gnu11 -g3 -DDEBUG -DUSE_HAL_DRIVER -DSTM32L073xx -c -I../Core/Inc -I../Drivers/STM32L0xx_HAL_Driver/Inc -I../Drivers/STM32L0xx_HAL_Driver/Inc/Legacy -I../Drivers/CMSIS/Device/ST/STM32L0xx/Include -I../Drivers/CMSIS/Include -O0 -ffunction-sections -fdata-sections -Wall -fstack-usage -fcyclomatic-complexity -MMD -MP -MF"Core/Src/sysmem.d" -MT"Core/Src/sysmem.o" --specs=nano.specs -mfloat-abi=soft -mthumb -o "Core/Src/sysmem.o"
arm-none-eabi-gcc "../Core/Src/system_stm32l0xx.c" -mcpu=cortex-m0plus -std=gnu11 -g3 -DDEBUG -DUSE_HAL_DRIVER -DSTM32L073xx -c -I../Core/Inc -I../Drivers/STM32L0xx_HAL_Driver/Inc -I../Drivers/STM32L0xx_HAL_Driver/Inc/Legacy -I../Drivers/CMSIS/Device/ST/STM32L0xx/Include -I../Drivers/CMSIS/Include -O0 -ffunction-sections -fdata-sections -Wall -fstack-usage -fcyclomatic-complexity -MMD -MP -MF"Core/Src/system_stm32l0xx.d" -MT"Core/Src/system_stm32l0xx.o" --specs=nano.specs -mfloat-abi=soft -mthumb -o "Core/Src/system_stm32l0xx.o"
arm-none-eabi-gcc -o "BMA456.elf" @"objects.list"   -mcpu=cortex-m0plus -T"C:\Users\mikol\OneDrive\Pulpit\repos\Projekt_PBL4\software\BMA456\STM32L073RZTX_FLASH.ld" --specs=nosys.specs -Wl,-Map="BMA456.map" -Wl,--gc-sections -static --specs=nano.specs -mfloat-abi=soft -mthumb -u _printf_float -Wl,--start-group -lc -lm -Wl,--end-group
Finished building target: BMA456.elf
 
arm-none-eabi-size   BMA456.elf 
arm-none-eabi-objdump -h -S  BMA456.elf  > "BMA456.list"
   text	   data	    bss	    dec	    hex	filename
  34820	    484	   1820	  37124	   9104	BMA456.elf
Finished building: default.size.stdout
 
Finished building: BMA456.list
 
12:19:14 **** Incremental Build of configuration Debug for project BMA456 ****
make -j12 all 
arm-none-eabi-size   BMA456.elf 
   text	   data	    bss	    dec	    hex	filename
  34820	    484	   1820	  37124	   9104	BMA456.elf
Finished building: default.size.stdout
 
12:29:22 **** Incremental Build of configuration Debug for project BMA456 ****
make -j12 all 
arm-none-eabi-gcc "../Core/Src/main.c" -mcpu=cortex-m0plus -std=gnu11 -g3 -DDEBUG -DUSE_HAL_DRIVER -DSTM32L073xx -c -I../Core/Inc -I../Drivers/STM32L0xx_HAL_Driver/Inc -I../Drivers/STM32L0xx_HAL_Driver/Inc/Legacy -I../Drivers/CMSIS/Device/ST/STM32L0xx/Include -I../Drivers/CMSIS/Include -O0 -ffunction-sections -fdata-sections -Wall -fstack-usage -fcyclomatic-complexity -MMD -MP -MF"Core/Src/main.d" -MT"Core/Src/main.o" --specs=nano.specs -mfloat-abi=soft -mthumb -o "Core/Src/main.o"
../Core/Src/main.c: In function 'main':
../Core/Src/main.c:194:44: warning: suggest parentheses around '+' inside '<<' [-Wparentheses]
  194 |    data_read_readable[0] = data_read[1]<<8 + data_read[0];
      |                                          ~~^~~~~~~~~~~~~~
../Core/Src/main.c:195:44: warning: suggest parentheses around '+' inside '<<' [-Wparentheses]
  195 |    data_read_readable[1] = data_read[3]<<8 + data_read[2];
      |                                          ~~^~~~~~~~~~~~~~
../Core/Src/main.c:196:44: warning: suggest parentheses around '+' inside '<<' [-Wparentheses]
  196 |    data_read_readable[2] = data_read[5]<<8 + data_read[4];
      |                                          ~~^~~~~~~~~~~~~~
../Core/Src/main.c:197:4: warning: implicit declaration of function 'printf' [-Wimplicit-function-declaration]
  197 |    printf("Output data:\r\n");
      |    ^~~~~~
../Core/Src/main.c:197:4: warning: incompatible implicit declaration of built-in function 'printf'
../Core/Src/main.c:25:1: note: include '<stdio.h>' or provide a declaration of 'printf'
   24 | #include "bma456.h"
  +++ |+#include <stdio.h>
   25 | /* USER CODE END Includes */
arm-none-eabi-gcc -o "BMA456.elf" @"objects.list"   -mcpu=cortex-m0plus -T"C:\Users\mikol\OneDrive\Pulpit\repos\Projekt_PBL4\software\BMA456\STM32L073RZTX_FLASH.ld" --specs=nosys.specs -Wl,-Map="BMA456.map" -Wl,--gc-sections -static --specs=nano.specs -mfloat-abi=soft -mthumb -u _printf_float -Wl,--start-group -lc -lm -Wl,--end-group
Finished building target: BMA456.elf
 
arm-none-eabi-size   BMA456.elf 
arm-none-eabi-objdump -h -S  BMA456.elf  > "BMA456.list"
   text	   data	    bss	    dec	    hex	filename
  34808	    484	   1820	  37112	   90f8	BMA456.elf
Finished building: default.size.stdout
 
Finished building: BMA456.list
 
12:30:43 **** Incremental Build of configuration Debug for project BMA456 ****
make -j12 all 
arm-none-eabi-gcc "../Core/Src/main.c" -mcpu=cortex-m0plus -std=gnu11 -g3 -DDEBUG -DUSE_HAL_DRIVER -DSTM32L073xx -c -I../Core/Inc -I../Drivers/STM32L0xx_HAL_Driver/Inc -I../Drivers/STM32L0xx_HAL_Driver/Inc/Legacy -I../Drivers/CMSIS/Device/ST/STM32L0xx/Include -I../Drivers/CMSIS/Include -O0 -ffunction-sections -fdata-sections -Wall -fstack-usage -fcyclomatic-complexity -MMD -MP -MF"Core/Src/main.d" -MT"Core/Src/main.o" --specs=nano.specs -mfloat-abi=soft -mthumb -o "Core/Src/main.o"
../Core/Src/main.c: In function 'main':
../Core/Src/main.c:197:4: warning: implicit declaration of function 'printf' [-Wimplicit-function-declaration]
  197 |    printf("Output data:\r\n");
      |    ^~~~~~
../Core/Src/main.c:197:4: warning: incompatible implicit declaration of built-in function 'printf'
../Core/Src/main.c:25:1: note: include '<stdio.h>' or provide a declaration of 'printf'
   24 | #include "bma456.h"
  +++ |+#include <stdio.h>
   25 | /* USER CODE END Includes */
arm-none-eabi-gcc -o "BMA456.elf" @"objects.list"   -mcpu=cortex-m0plus -T"C:\Users\mikol\OneDrive\Pulpit\repos\Projekt_PBL4\software\BMA456\STM32L073RZTX_FLASH.ld" --specs=nosys.specs -Wl,-Map="BMA456.map" -Wl,--gc-sections -static --specs=nano.specs -mfloat-abi=soft -mthumb -u _printf_float -Wl,--start-group -lc -lm -Wl,--end-group
Finished building target: BMA456.elf
 
arm-none-eabi-size   BMA456.elf 
arm-none-eabi-objdump -h -S  BMA456.elf  > "BMA456.list"
   text	   data	    bss	    dec	    hex	filename
  34820	    484	   1820	  37124	   9104	BMA456.elf
Finished building: default.size.stdout
 
Finished building: BMA456.list
 
12:31:42 **** Incremental Build of configuration Debug for project BMA456 ****
make -j12 all 
arm-none-eabi-gcc "../Core/Src/main.c" -mcpu=cortex-m0plus -std=gnu11 -g3 -DDEBUG -DUSE_HAL_DRIVER -DSTM32L073xx -c -I../Core/Inc -I../Drivers/STM32L0xx_HAL_Driver/Inc -I../Drivers/STM32L0xx_HAL_Driver/Inc/Legacy -I../Drivers/CMSIS/Device/ST/STM32L0xx/Include -I../Drivers/CMSIS/Include -O0 -ffunction-sections -fdata-sections -Wall -fstack-usage -fcyclomatic-complexity -MMD -MP -MF"Core/Src/main.d" -MT"Core/Src/main.o" --specs=nano.specs -mfloat-abi=soft -mthumb -o "Core/Src/main.o"
../Core/Src/main.c: In function 'main':
../Core/Src/main.c:194:44: warning: suggest parentheses around '+' inside '<<' [-Wparentheses]
  194 |    data_read_readable[0] = data_read[1]<<8 + data_read[0];
      |                                          ~~^~~~~~~~~~~~~~
../Core/Src/main.c:195:44: warning: suggest parentheses around '+' inside '<<' [-Wparentheses]
  195 |    data_read_readable[1] = data_read[3]<<8 + data_read[2];
      |                                          ~~^~~~~~~~~~~~~~
../Core/Src/main.c:196:44: warning: suggest parentheses around '+' inside '<<' [-Wparentheses]
  196 |    data_read_readable[2] = data_read[5]<<8 + data_read[4];
      |                                          ~~^~~~~~~~~~~~~~
../Core/Src/main.c:197:4: warning: implicit declaration of function 'printf' [-Wimplicit-function-declaration]
  197 |    printf("Output data:\r\n");
      |    ^~~~~~
../Core/Src/main.c:197:4: warning: incompatible implicit declaration of built-in function 'printf'
../Core/Src/main.c:25:1: note: include '<stdio.h>' or provide a declaration of 'printf'
   24 | #include "bma456.h"
  +++ |+#include <stdio.h>
   25 | /* USER CODE END Includes */
arm-none-eabi-gcc -o "BMA456.elf" @"objects.list"   -mcpu=cortex-m0plus -T"C:\Users\mikol\OneDrive\Pulpit\repos\Projekt_PBL4\software\BMA456\STM32L073RZTX_FLASH.ld" --specs=nosys.specs -Wl,-Map="BMA456.map" -Wl,--gc-sections -static --specs=nano.specs -mfloat-abi=soft -mthumb -u _printf_float -Wl,--start-group -lc -lm -Wl,--end-group
Finished building target: BMA456.elf
 
arm-none-eabi-size   BMA456.elf 
arm-none-eabi-objdump -h -S  BMA456.elf  > "BMA456.list"
   text	   data	    bss	    dec	    hex	filename
  34808	    484	   1820	  37112	   90f8	BMA456.elf
Finished building: default.size.stdout
 
Finished building: BMA456.list
 
12:32:41 **** Incremental Build of configuration Debug for project BMA456 ****
make -j12 all 
arm-none-eabi-gcc "../Core/Src/main.c" -mcpu=cortex-m0plus -std=gnu11 -g3 -DDEBUG -DUSE_HAL_DRIVER -DSTM32L073xx -c -I../Core/Inc -I../Drivers/STM32L0xx_HAL_Driver/Inc -I../Drivers/STM32L0xx_HAL_Driver/Inc/Legacy -I../Drivers/CMSIS/Device/ST/STM32L0xx/Include -I../Drivers/CMSIS/Include -O0 -ffunction-sections -fdata-sections -Wall -fstack-usage -fcyclomatic-complexity -MMD -MP -MF"Core/Src/main.d" -MT"Core/Src/main.o" --specs=nano.specs -mfloat-abi=soft -mthumb -o "Core/Src/main.o"
../Core/Src/main.c: In function 'main':
../Core/Src/main.c:197:4: warning: implicit declaration of function 'printf' [-Wimplicit-function-declaration]
  197 |    printf("Output data:\r\n");
      |    ^~~~~~
../Core/Src/main.c:197:4: warning: incompatible implicit declaration of built-in function 'printf'
../Core/Src/main.c:25:1: note: include '<stdio.h>' or provide a declaration of 'printf'
   24 | #include "bma456.h"
  +++ |+#include <stdio.h>
   25 | /* USER CODE END Includes */
arm-none-eabi-gcc -o "BMA456.elf" @"objects.list"   -mcpu=cortex-m0plus -T"C:\Users\mikol\OneDrive\Pulpit\repos\Projekt_PBL4\software\BMA456\STM32L073RZTX_FLASH.ld" --specs=nosys.specs -Wl,-Map="BMA456.map" -Wl,--gc-sections -static --specs=nano.specs -mfloat-abi=soft -mthumb -u _printf_float -Wl,--start-group -lc -lm -Wl,--end-group
Finished building target: BMA456.elf
 
arm-none-eabi-size   BMA456.elf 
arm-none-eabi-objdump -h -S  BMA456.elf  > "BMA456.list"
   text	   data	    bss	    dec	    hex	filename
  34820	    484	   1820	  37124	   9104	BMA456.elf
Finished building: default.size.stdout
 
Finished building: BMA456.list
 
12:54:01 **** Incremental Build of configuration Debug for project BMA456 ****
make -j12 all 
arm-none-eabi-gcc "../Core/Src/main.c" -mcpu=cortex-m0plus -std=gnu11 -g3 -DDEBUG -DUSE_HAL_DRIVER -DSTM32L073xx -c -I../Core/Inc -I../Drivers/STM32L0xx_HAL_Driver/Inc -I../Drivers/STM32L0xx_HAL_Driver/Inc/Legacy -I../Drivers/CMSIS/Device/ST/STM32L0xx/Include -I../Drivers/CMSIS/Include -O0 -ffunction-sections -fdata-sections -Wall -fstack-usage -fcyclomatic-complexity -MMD -MP -MF"Core/Src/main.d" -MT"Core/Src/main.o" --specs=nano.specs -mfloat-abi=soft -mthumb -o "Core/Src/main.o"
../Core/Src/main.c: In function 'main':
../Core/Src/main.c:197:4: warning: implicit declaration of function 'printf' [-Wimplicit-function-declaration]
  197 |    printf("Output data:\r\n");
      |    ^~~~~~
../Core/Src/main.c:197:4: warning: incompatible implicit declaration of built-in function 'printf'
../Core/Src/main.c:25:1: note: include '<stdio.h>' or provide a declaration of 'printf'
   24 | #include "bma456.h"
  +++ |+#include <stdio.h>
   25 | /* USER CODE END Includes */
arm-none-eabi-gcc -o "BMA456.elf" @"objects.list"   -mcpu=cortex-m0plus -T"C:\Users\mikol\OneDrive\Pulpit\repos\Projekt_PBL4\software\BMA456\STM32L073RZTX_FLASH.ld" --specs=nosys.specs -Wl,-Map="BMA456.map" -Wl,--gc-sections -static --specs=nano.specs -mfloat-abi=soft -mthumb -u _printf_float -Wl,--start-group -lc -lm -Wl,--end-group
Finished building target: BMA456.elf
 
arm-none-eabi-size   BMA456.elf 
arm-none-eabi-objdump -h -S  BMA456.elf  > "BMA456.list"
   text	   data	    bss	    dec	    hex	filename
  34840	    484	   1820	  37144	   9118	BMA456.elf
Finished building: default.size.stdout
 
Finished building: BMA456.list
 
12:56:31 **** Incremental Build of configuration Debug for project BMA456 ****
make -j12 all 
arm-none-eabi-gcc "../Core/Src/main.c" -mcpu=cortex-m0plus -std=gnu11 -g3 -DDEBUG -DUSE_HAL_DRIVER -DSTM32L073xx -c -I../Core/Inc -I../Drivers/STM32L0xx_HAL_Driver/Inc -I../Drivers/STM32L0xx_HAL_Driver/Inc/Legacy -I../Drivers/CMSIS/Device/ST/STM32L0xx/Include -I../Drivers/CMSIS/Include -O0 -ffunction-sections -fdata-sections -Wall -fstack-usage -fcyclomatic-complexity -MMD -MP -MF"Core/Src/main.d" -MT"Core/Src/main.o" --specs=nano.specs -mfloat-abi=soft -mthumb -o "Core/Src/main.o"
../Core/Src/main.c: In function 'main':
../Core/Src/main.c:197:4: warning: implicit declaration of function 'printf' [-Wimplicit-function-declaration]
  197 |    printf("Output data:\r\n");
      |    ^~~~~~
../Core/Src/main.c:197:4: warning: incompatible implicit declaration of built-in function 'printf'
../Core/Src/main.c:25:1: note: include '<stdio.h>' or provide a declaration of 'printf'
   24 | #include "bma456.h"
  +++ |+#include <stdio.h>
   25 | /* USER CODE END Includes */
arm-none-eabi-gcc -o "BMA456.elf" @"objects.list"   -mcpu=cortex-m0plus -T"C:\Users\mikol\OneDrive\Pulpit\repos\Projekt_PBL4\software\BMA456\STM32L073RZTX_FLASH.ld" --specs=nosys.specs -Wl,-Map="BMA456.map" -Wl,--gc-sections -static --specs=nano.specs -mfloat-abi=soft -mthumb -u _printf_float -Wl,--start-group -lc -lm -Wl,--end-group
Finished building target: BMA456.elf
 
arm-none-eabi-size   BMA456.elf 
arm-none-eabi-objdump -h -S  BMA456.elf  > "BMA456.list"
   text	   data	    bss	    dec	    hex	filename
  34840	    484	   1820	  37144	   9118	BMA456.elf
Finished building: default.size.stdout
 
Finished building: BMA456.list
 
12:56:50 **** Incremental Build of configuration Debug for project BMA456 ****
make -j12 all 
arm-none-eabi-size   BMA456.elf 
   text	   data	    bss	    dec	    hex	filename
  34840	    484	   1820	  37144	   9118	BMA456.elf
Finished building: default.size.stdout
 
12:57:39 **** Incremental Build of configuration Debug for project BMA456 ****
make -j12 all 
arm-none-eabi-gcc "../Core/Src/main.c" -mcpu=cortex-m0plus -std=gnu11 -g3 -DDEBUG -DUSE_HAL_DRIVER -DSTM32L073xx -c -I../Core/Inc -I../Drivers/STM32L0xx_HAL_Driver/Inc -I../Drivers/STM32L0xx_HAL_Driver/Inc/Legacy -I../Drivers/CMSIS/Device/ST/STM32L0xx/Include -I../Drivers/CMSIS/Include -O0 -ffunction-sections -fdata-sections -Wall -fstack-usage -fcyclomatic-complexity -MMD -MP -MF"Core/Src/main.d" -MT"Core/Src/main.o" --specs=nano.specs -mfloat-abi=soft -mthumb -o "Core/Src/main.o"
../Core/Src/main.c: In function 'main':
../Core/Src/main.c:197:4: warning: implicit declaration of function 'printf' [-Wimplicit-function-declaration]
  197 |    printf("Output data:\r\n");
      |    ^~~~~~
../Core/Src/main.c:197:4: warning: incompatible implicit declaration of built-in function 'printf'
../Core/Src/main.c:25:1: note: include '<stdio.h>' or provide a declaration of 'printf'
   24 | #include "bma456.h"
  +++ |+#include <stdio.h>
   25 | /* USER CODE END Includes */
arm-none-eabi-gcc -o "BMA456.elf" @"objects.list"   -mcpu=cortex-m0plus -T"C:\Users\mikol\OneDrive\Pulpit\repos\Projekt_PBL4\software\BMA456\STM32L073RZTX_FLASH.ld" --specs=nosys.specs -Wl,-Map="BMA456.map" -Wl,--gc-sections -static --specs=nano.specs -mfloat-abi=soft -mthumb -u _printf_float -Wl,--start-group -lc -lm -Wl,--end-group
Finished building target: BMA456.elf
 
arm-none-eabi-size   BMA456.elf 
arm-none-eabi-objdump -h -S  BMA456.elf  > "BMA456.list"
   text	   data	    bss	    dec	    hex	filename
  34820	    484	   1820	  37124	   9104	BMA456.elf
Finished building: default.size.stdout
 
Finished building: BMA456.list
 
13:09:17 **** Incremental Build of configuration Debug for project BMA456 ****
make -j12 all 
arm-none-eabi-gcc "../Core/Src/main.c" -mcpu=cortex-m0plus -std=gnu11 -g3 -DDEBUG -DUSE_HAL_DRIVER -DSTM32L073xx -c -I../Core/Inc -I../Drivers/STM32L0xx_HAL_Driver/Inc -I../Drivers/STM32L0xx_HAL_Driver/Inc/Legacy -I../Drivers/CMSIS/Device/ST/STM32L0xx/Include -I../Drivers/CMSIS/Include -O0 -ffunction-sections -fdata-sections -Wall -fstack-usage -fcyclomatic-complexity -MMD -MP -MF"Core/Src/main.d" -MT"Core/Src/main.o" --specs=nano.specs -mfloat-abi=soft -mthumb -o "Core/Src/main.o"
../Core/Src/main.c: In function 'main':
../Core/Src/main.c:197:4: warning: implicit declaration of function 'printf' [-Wimplicit-function-declaration]
  197 |    printf("Output data:\r\n");
      |    ^~~~~~
../Core/Src/main.c:197:4: warning: incompatible implicit declaration of built-in function 'printf'
../Core/Src/main.c:25:1: note: include '<stdio.h>' or provide a declaration of 'printf'
   24 | #include "bma456.h"
  +++ |+#include <stdio.h>
   25 | /* USER CODE END Includes */
../Core/Src/main.c:206:15: warning: format '%d' expects argument of type 'int', but argument 2 has type 'double' [-Wformat=]
  206 |      printf("%d \r\n", data_read_readable[i]*9.81/16384);
      |              ~^        ~~~~~~~~~~~~~~~~~~~~~~~~~~~~~~~~
      |               |                                  |
      |               int                                double
      |              %f
arm-none-eabi-gcc -o "BMA456.elf" @"objects.list"   -mcpu=cortex-m0plus -T"C:\Users\mikol\OneDrive\Pulpit\repos\Projekt_PBL4\software\BMA456\STM32L073RZTX_FLASH.ld" --specs=nosys.specs -Wl,-Map="BMA456.map" -Wl,--gc-sections -static --specs=nano.specs -mfloat-abi=soft -mthumb -u _printf_float -Wl,--start-group -lc -lm -Wl,--end-group
Finished building target: BMA456.elf
 
arm-none-eabi-size   BMA456.elf 
arm-none-eabi-objdump -h -S  BMA456.elf  > "BMA456.list"
   text	   data	    bss	    dec	    hex	filename
  34864	    484	   1820	  37168	   9130	BMA456.elf
Finished building: default.size.stdout
 
Finished building: BMA456.list
 
13:10:23 **** Incremental Build of configuration Debug for project BMA456 ****
make -j12 all 
arm-none-eabi-gcc "../Core/Src/main.c" -mcpu=cortex-m0plus -std=gnu11 -g3 -DDEBUG -DUSE_HAL_DRIVER -DSTM32L073xx -c -I../Core/Inc -I../Drivers/STM32L0xx_HAL_Driver/Inc -I../Drivers/STM32L0xx_HAL_Driver/Inc/Legacy -I../Drivers/CMSIS/Device/ST/STM32L0xx/Include -I../Drivers/CMSIS/Include -O0 -ffunction-sections -fdata-sections -Wall -fstack-usage -fcyclomatic-complexity -MMD -MP -MF"Core/Src/main.d" -MT"Core/Src/main.o" --specs=nano.specs -mfloat-abi=soft -mthumb -o "Core/Src/main.o"
../Core/Src/main.c: In function 'main':
../Core/Src/main.c:197:4: warning: implicit declaration of function 'printf' [-Wimplicit-function-declaration]
  197 |    printf("Output data:\r\n");
      |    ^~~~~~
../Core/Src/main.c:197:4: warning: incompatible implicit declaration of built-in function 'printf'
../Core/Src/main.c:25:1: note: include '<stdio.h>' or provide a declaration of 'printf'
   24 | #include "bma456.h"
  +++ |+#include <stdio.h>
   25 | /* USER CODE END Includes */
arm-none-eabi-gcc -o "BMA456.elf" @"objects.list"   -mcpu=cortex-m0plus -T"C:\Users\mikol\OneDrive\Pulpit\repos\Projekt_PBL4\software\BMA456\STM32L073RZTX_FLASH.ld" --specs=nosys.specs -Wl,-Map="BMA456.map" -Wl,--gc-sections -static --specs=nano.specs -mfloat-abi=soft -mthumb -u _printf_float -Wl,--start-group -lc -lm -Wl,--end-group
Finished building target: BMA456.elf
 
arm-none-eabi-size   BMA456.elf 
arm-none-eabi-objdump -h -S  BMA456.elf  > "BMA456.list"
   text	   data	    bss	    dec	    hex	filename
  34844	    484	   1820	  37148	   911c	BMA456.elf
Finished building: default.size.stdout
 
Finished building: BMA456.list
 
13:11:46 **** Incremental Build of configuration Debug for project BMA456 ****
make -j12 all 
arm-none-eabi-size   BMA456.elf 
   text	   data	    bss	    dec	    hex	filename
  34844	    484	   1820	  37148	   911c	BMA456.elf
Finished building: default.size.stdout
 
14:07:16 **** Incremental Build of configuration Debug for project BMA456 ****
make -j12 all 
arm-none-eabi-gcc "../Core/Src/main.c" -mcpu=cortex-m0plus -std=gnu11 -g3 -DDEBUG -DUSE_HAL_DRIVER -DSTM32L073xx -c -I../Core/Inc -I../Drivers/STM32L0xx_HAL_Driver/Inc -I../Drivers/STM32L0xx_HAL_Driver/Inc/Legacy -I../Drivers/CMSIS/Device/ST/STM32L0xx/Include -I../Drivers/CMSIS/Include -O0 -ffunction-sections -fdata-sections -Wall -fstack-usage -fcyclomatic-complexity -MMD -MP -MF"Core/Src/main.d" -MT"Core/Src/main.o" --specs=nano.specs -mfloat-abi=soft -mthumb -o "Core/Src/main.o"
../Core/Src/main.c: In function 'main':
../Core/Src/main.c:197:4: warning: implicit declaration of function 'printf' [-Wimplicit-function-declaration]
  197 |    printf("Output data:\r\n");
      |    ^~~~~~
../Core/Src/main.c:197:4: warning: incompatible implicit declaration of built-in function 'printf'
../Core/Src/main.c:25:1: note: include '<stdio.h>' or provide a declaration of 'printf'
   24 | #include "bma456.h"
  +++ |+#include <stdio.h>
   25 | /* USER CODE END Includes */
arm-none-eabi-gcc -o "BMA456.elf" @"objects.list"   -mcpu=cortex-m0plus -T"C:\Users\mikol\OneDrive\Pulpit\repos\Projekt_PBL4\software\BMA456\STM32L073RZTX_FLASH.ld" --specs=nosys.specs -Wl,-Map="BMA456.map" -Wl,--gc-sections -static --specs=nano.specs -mfloat-abi=soft -mthumb -u _printf_float -Wl,--start-group -lc -lm -Wl,--end-group
Finished building target: BMA456.elf
 
arm-none-eabi-size   BMA456.elf 
arm-none-eabi-objdump -h -S  BMA456.elf  > "BMA456.list"
   text	   data	    bss	    dec	    hex	filename
  34820	    484	   1820	  37124	   9104	BMA456.elf
Finished building: default.size.stdout
 
Finished building: BMA456.list
 
14:09:32 **** Incremental Build of configuration Debug for project BMA456 ****
make -j12 all 
arm-none-eabi-gcc "../Core/Src/main.c" -mcpu=cortex-m0plus -std=gnu11 -g3 -DDEBUG -DUSE_HAL_DRIVER -DSTM32L073xx -c -I../Core/Inc -I../Drivers/STM32L0xx_HAL_Driver/Inc -I../Drivers/STM32L0xx_HAL_Driver/Inc/Legacy -I../Drivers/CMSIS/Device/ST/STM32L0xx/Include -I../Drivers/CMSIS/Include -O0 -ffunction-sections -fdata-sections -Wall -fstack-usage -fcyclomatic-complexity -MMD -MP -MF"Core/Src/main.d" -MT"Core/Src/main.o" --specs=nano.specs -mfloat-abi=soft -mthumb -o "Core/Src/main.o"
../Core/Src/main.c: In function 'main':
../Core/Src/main.c:197:4: warning: implicit declaration of function 'printf' [-Wimplicit-function-declaration]
  197 |    printf("Output data:\r\n");
      |    ^~~~~~
../Core/Src/main.c:197:4: warning: incompatible implicit declaration of built-in function 'printf'
../Core/Src/main.c:25:1: note: include '<stdio.h>' or provide a declaration of 'printf'
   24 | #include "bma456.h"
  +++ |+#include <stdio.h>
   25 | /* USER CODE END Includes */
arm-none-eabi-gcc -o "BMA456.elf" @"objects.list"   -mcpu=cortex-m0plus -T"C:\Users\mikol\OneDrive\Pulpit\repos\Projekt_PBL4\software\BMA456\STM32L073RZTX_FLASH.ld" --specs=nosys.specs -Wl,-Map="BMA456.map" -Wl,--gc-sections -static --specs=nano.specs -mfloat-abi=soft -mthumb -u _printf_float -Wl,--start-group -lc -lm -Wl,--end-group
Finished building target: BMA456.elf
 
arm-none-eabi-size   BMA456.elf 
arm-none-eabi-objdump -h -S  BMA456.elf  > "BMA456.list"
   text	   data	    bss	    dec	    hex	filename
  34832	    484	   1820	  37136	   9110	BMA456.elf
Finished building: default.size.stdout
 
Finished building: BMA456.list
 
14:09:49 **** Incremental Build of configuration Debug for project BMA456 ****
make -j12 all 
arm-none-eabi-size   BMA456.elf 
   text	   data	    bss	    dec	    hex	filename
  34832	    484	   1820	  37136	   9110	BMA456.elf
Finished building: default.size.stdout
 
14:35:08 **** Incremental Build of configuration Debug for project BMA456 ****
make -j12 all 
arm-none-eabi-size   BMA456.elf 
   text	   data	    bss	    dec	    hex	filename
  34832	    484	   1820	  37136	   9110	BMA456.elf
Finished building: default.size.stdout
 
15:05:25 **** Incremental Build of configuration Debug for project BMA456 ****
make -j12 all 
arm-none-eabi-gcc "../Core/Src/main.c" -mcpu=cortex-m0plus -std=gnu11 -g3 -DDEBUG -DUSE_HAL_DRIVER -DSTM32L073xx -c -I../Core/Inc -I../Drivers/STM32L0xx_HAL_Driver/Inc -I../Drivers/STM32L0xx_HAL_Driver/Inc/Legacy -I../Drivers/CMSIS/Device/ST/STM32L0xx/Include -I../Drivers/CMSIS/Include -O0 -ffunction-sections -fdata-sections -Wall -fstack-usage -fcyclomatic-complexity -MMD -MP -MF"Core/Src/main.d" -MT"Core/Src/main.o" --specs=nano.specs -mfloat-abi=soft -mthumb -o "Core/Src/main.o"
../Core/Src/main.c: In function 'main':
../Core/Src/main.c:197:4: warning: implicit declaration of function 'printf' [-Wimplicit-function-declaration]
  197 |    printf("Output data:\r\n");
      |    ^~~~~~
../Core/Src/main.c:197:4: warning: incompatible implicit declaration of built-in function 'printf'
../Core/Src/main.c:25:1: note: include '<stdio.h>' or provide a declaration of 'printf'
   24 | #include "bma456.h"
  +++ |+#include <stdio.h>
   25 | /* USER CODE END Includes */
arm-none-eabi-gcc -o "BMA456.elf" @"objects.list"   -mcpu=cortex-m0plus -T"C:\Users\mikol\OneDrive\Pulpit\repos\Projekt_PBL4\software\BMA456\STM32L073RZTX_FLASH.ld" --specs=nosys.specs -Wl,-Map="BMA456.map" -Wl,--gc-sections -static --specs=nano.specs -mfloat-abi=soft -mthumb -u _printf_float -Wl,--start-group -lc -lm -Wl,--end-group
Finished building target: BMA456.elf
 
arm-none-eabi-size   BMA456.elf 
arm-none-eabi-objdump -h -S  BMA456.elf  > "BMA456.list"
   text	   data	    bss	    dec	    hex	filename
  34832	    484	   1820	  37136	   9110	BMA456.elf
Finished building: default.size.stdout
 
Finished building: BMA456.list
 
15:15:16 **** Incremental Build of configuration Debug for project BMA456 ****
make -j12 all 
arm-none-eabi-gcc "../Core/Src/main.c" -mcpu=cortex-m0plus -std=gnu11 -g3 -DDEBUG -DUSE_HAL_DRIVER -DSTM32L073xx -c -I../Core/Inc -I../Drivers/STM32L0xx_HAL_Driver/Inc -I../Drivers/STM32L0xx_HAL_Driver/Inc/Legacy -I../Drivers/CMSIS/Device/ST/STM32L0xx/Include -I../Drivers/CMSIS/Include -O0 -ffunction-sections -fdata-sections -Wall -fstack-usage -fcyclomatic-complexity -MMD -MP -MF"Core/Src/main.d" -MT"Core/Src/main.o" --specs=nano.specs -mfloat-abi=soft -mthumb -o "Core/Src/main.o"
../Core/Src/main.c: In function 'main':
../Core/Src/main.c:197:4: warning: implicit declaration of function 'printf' [-Wimplicit-function-declaration]
  197 |    printf("Output data:\r\n");
      |    ^~~~~~
../Core/Src/main.c:197:4: warning: incompatible implicit declaration of built-in function 'printf'
../Core/Src/main.c:25:1: note: include '<stdio.h>' or provide a declaration of 'printf'
   24 | #include "bma456.h"
  +++ |+#include <stdio.h>
   25 | /* USER CODE END Includes */
../Core/Src/main.c: In function 'BMA456_Get_Sensor_Data':
../Core/Src/main.c:570:4: error: too few arguments to function 'HAL_SPI_Transmit'
  570 |    HAL_SPI_Transmit(&hspi2, &reg_addr, 100);
      |    ^~~~~~~~~~~~~~~~
In file included from ../Core/Inc/stm32l0xx_hal_conf.h:269,
                 from ../Drivers/STM32L0xx_HAL_Driver/Inc/stm32l0xx_hal.h:29,
                 from ../Core/Inc/main.h:30,
                 from ../Core/Src/main.c:20:
../Drivers/STM32L0xx_HAL_Driver/Inc/stm32l0xx_hal_spi.h:676:19: note: declared here
  676 | HAL_StatusTypeDef HAL_SPI_Transmit(SPI_HandleTypeDef *hspi, uint8_t *pData, uint16_t Size, uint32_t Timeout);
      |                   ^~~~~~~~~~~~~~~~
../Core/Src/main.c:564:10: warning: variable 'data_sent' set but not used [-Wunused-but-set-variable]
  564 |  uint8_t data_sent[6];
      |          ^~~~~~~~~
make: *** [Core/Src/subdir.mk:34: Core/Src/main.o] Error 1
"make -j12 all" terminated with exit code 2. Build might be incomplete.
15:15:33 **** Incremental Build of configuration Debug for project BMA456 ****
make -j12 all 
arm-none-eabi-gcc "../Core/Src/main.c" -mcpu=cortex-m0plus -std=gnu11 -g3 -DDEBUG -DUSE_HAL_DRIVER -DSTM32L073xx -c -I../Core/Inc -I../Drivers/STM32L0xx_HAL_Driver/Inc -I../Drivers/STM32L0xx_HAL_Driver/Inc/Legacy -I../Drivers/CMSIS/Device/ST/STM32L0xx/Include -I../Drivers/CMSIS/Include -O0 -ffunction-sections -fdata-sections -Wall -fstack-usage -fcyclomatic-complexity -MMD -MP -MF"Core/Src/main.d" -MT"Core/Src/main.o" --specs=nano.specs -mfloat-abi=soft -mthumb -o "Core/Src/main.o"
../Core/Src/main.c: In function 'main':
../Core/Src/main.c:197:4: warning: implicit declaration of function 'printf' [-Wimplicit-function-declaration]
  197 |    printf("Output data:\r\n");
      |    ^~~~~~
../Core/Src/main.c:197:4: warning: incompatible implicit declaration of built-in function 'printf'
../Core/Src/main.c:25:1: note: include '<stdio.h>' or provide a declaration of 'printf'
   24 | #include "bma456.h"
  +++ |+#include <stdio.h>
   25 | /* USER CODE END Includes */
../Core/Src/main.c: In function 'BMA456_Get_Sensor_Data':
../Core/Src/main.c:570:4: error: too few arguments to function 'HAL_SPI_Transmit'
  570 |    HAL_SPI_Transmit(&hspi2, &reg_addr, 100);
      |    ^~~~~~~~~~~~~~~~
In file included from ../Core/Inc/stm32l0xx_hal_conf.h:269,
                 from ../Drivers/STM32L0xx_HAL_Driver/Inc/stm32l0xx_hal.h:29,
                 from ../Core/Inc/main.h:30,
                 from ../Core/Src/main.c:20:
../Drivers/STM32L0xx_HAL_Driver/Inc/stm32l0xx_hal_spi.h:676:19: note: declared here
  676 | HAL_StatusTypeDef HAL_SPI_Transmit(SPI_HandleTypeDef *hspi, uint8_t *pData, uint16_t Size, uint32_t Timeout);
      |                   ^~~~~~~~~~~~~~~~
../Core/Src/main.c:564:10: warning: variable 'data_sent' set but not used [-Wunused-but-set-variable]
  564 |  uint8_t data_sent[6];
      |          ^~~~~~~~~
make: *** [Core/Src/subdir.mk:34: Core/Src/main.o] Error 1
"make -j12 all" terminated with exit code 2. Build might be incomplete.
15:16:01 **** Incremental Build of configuration Debug for project BMA456 ****
make -j12 all 
arm-none-eabi-gcc "../Core/Src/main.c" -mcpu=cortex-m0plus -std=gnu11 -g3 -DDEBUG -DUSE_HAL_DRIVER -DSTM32L073xx -c -I../Core/Inc -I../Drivers/STM32L0xx_HAL_Driver/Inc -I../Drivers/STM32L0xx_HAL_Driver/Inc/Legacy -I../Drivers/CMSIS/Device/ST/STM32L0xx/Include -I../Drivers/CMSIS/Include -O0 -ffunction-sections -fdata-sections -Wall -fstack-usage -fcyclomatic-complexity -MMD -MP -MF"Core/Src/main.d" -MT"Core/Src/main.o" --specs=nano.specs -mfloat-abi=soft -mthumb -o "Core/Src/main.o"
../Core/Src/main.c: In function 'main':
../Core/Src/main.c:197:4: warning: implicit declaration of function 'printf' [-Wimplicit-function-declaration]
  197 |    printf("Output data:\r\n");
      |    ^~~~~~
../Core/Src/main.c:197:4: warning: incompatible implicit declaration of built-in function 'printf'
../Core/Src/main.c:25:1: note: include '<stdio.h>' or provide a declaration of 'printf'
   24 | #include "bma456.h"
  +++ |+#include <stdio.h>
   25 | /* USER CODE END Includes */
../Core/Src/main.c: In function 'BMA456_Get_Sensor_Data':
../Core/Src/main.c:564:10: warning: variable 'data_sent' set but not used [-Wunused-but-set-variable]
  564 |  uint8_t data_sent[6];
      |          ^~~~~~~~~
arm-none-eabi-gcc -o "BMA456.elf" @"objects.list"   -mcpu=cortex-m0plus -T"C:\Users\mikol\OneDrive\Pulpit\repos\Projekt_PBL4\software\BMA456\STM32L073RZTX_FLASH.ld" --specs=nosys.specs -Wl,-Map="BMA456.map" -Wl,--gc-sections -static --specs=nano.specs -mfloat-abi=soft -mthumb -u _printf_float -Wl,--start-group -lc -lm -Wl,--end-group
Finished building target: BMA456.elf
 
arm-none-eabi-size   BMA456.elf 
arm-none-eabi-objdump -h -S  BMA456.elf  > "BMA456.list"
   text	   data	    bss	    dec	    hex	filename
  35664	    484	   1820	  37968	   9450	BMA456.elf
Finished building: default.size.stdout
 
Finished building: BMA456.list
 
15:17:33 **** Incremental Build of configuration Debug for project BMA456 ****
make -j12 all 
arm-none-eabi-gcc "../Core/Src/main.c" -mcpu=cortex-m0plus -std=gnu11 -g3 -DDEBUG -DUSE_HAL_DRIVER -DSTM32L073xx -c -I../Core/Inc -I../Drivers/STM32L0xx_HAL_Driver/Inc -I../Drivers/STM32L0xx_HAL_Driver/Inc/Legacy -I../Drivers/CMSIS/Device/ST/STM32L0xx/Include -I../Drivers/CMSIS/Include -O0 -ffunction-sections -fdata-sections -Wall -fstack-usage -fcyclomatic-complexity -MMD -MP -MF"Core/Src/main.d" -MT"Core/Src/main.o" --specs=nano.specs -mfloat-abi=soft -mthumb -o "Core/Src/main.o"
../Core/Src/main.c: In function 'main':
../Core/Src/main.c:197:4: warning: implicit declaration of function 'printf' [-Wimplicit-function-declaration]
  197 |    printf("Output data:\r\n");
      |    ^~~~~~
../Core/Src/main.c:197:4: warning: incompatible implicit declaration of built-in function 'printf'
../Core/Src/main.c:25:1: note: include '<stdio.h>' or provide a declaration of 'printf'
   24 | #include "bma456.h"
  +++ |+#include <stdio.h>
   25 | /* USER CODE END Includes */
arm-none-eabi-gcc -o "BMA456.elf" @"objects.list"   -mcpu=cortex-m0plus -T"C:\Users\mikol\OneDrive\Pulpit\repos\Projekt_PBL4\software\BMA456\STM32L073RZTX_FLASH.ld" --specs=nosys.specs -Wl,-Map="BMA456.map" -Wl,--gc-sections -static --specs=nano.specs -mfloat-abi=soft -mthumb -u _printf_float -Wl,--start-group -lc -lm -Wl,--end-group
Finished building target: BMA456.elf
 
arm-none-eabi-size   BMA456.elf 
arm-none-eabi-objdump -h -S  BMA456.elf  > "BMA456.list"
   text	   data	    bss	    dec	    hex	filename
  34832	    484	   1820	  37136	   9110	BMA456.elf
Finished building: default.size.stdout
 
Finished building: BMA456.list
 
15:22:25 **** Incremental Build of configuration Debug for project BMA456 ****
make -j12 all 
arm-none-eabi-gcc "../Core/Src/main.c" -mcpu=cortex-m0plus -std=gnu11 -g3 -DDEBUG -DUSE_HAL_DRIVER -DSTM32L073xx -c -I../Core/Inc -I../Drivers/STM32L0xx_HAL_Driver/Inc -I../Drivers/STM32L0xx_HAL_Driver/Inc/Legacy -I../Drivers/CMSIS/Device/ST/STM32L0xx/Include -I../Drivers/CMSIS/Include -O0 -ffunction-sections -fdata-sections -Wall -fstack-usage -fcyclomatic-complexity -MMD -MP -MF"Core/Src/main.d" -MT"Core/Src/main.o" --specs=nano.specs -mfloat-abi=soft -mthumb -o "Core/Src/main.o"
../Core/Src/main.c: In function 'main':
../Core/Src/main.c:197:4: warning: implicit declaration of function 'printf' [-Wimplicit-function-declaration]
  197 |    printf("Output data:\r\n");
      |    ^~~~~~
../Core/Src/main.c:197:4: warning: incompatible implicit declaration of built-in function 'printf'
../Core/Src/main.c:25:1: note: include '<stdio.h>' or provide a declaration of 'printf'
   24 | #include "bma456.h"
  +++ |+#include <stdio.h>
   25 | /* USER CODE END Includes */
arm-none-eabi-gcc -o "BMA456.elf" @"objects.list"   -mcpu=cortex-m0plus -T"C:\Users\mikol\OneDrive\Pulpit\repos\Projekt_PBL4\software\BMA456\STM32L073RZTX_FLASH.ld" --specs=nosys.specs -Wl,-Map="BMA456.map" -Wl,--gc-sections -static --specs=nano.specs -mfloat-abi=soft -mthumb -u _printf_float -Wl,--start-group -lc -lm -Wl,--end-group
Finished building target: BMA456.elf
 
arm-none-eabi-size   BMA456.elf 
arm-none-eabi-objdump -h -S  BMA456.elf  > "BMA456.list"
   text	   data	    bss	    dec	    hex	filename
  34832	    484	   1820	  37136	   9110	BMA456.elf
Finished building: default.size.stdout
 
Finished building: BMA456.list
 
15:27:09 **** Incremental Build of configuration Debug for project BMA456 ****
make -j12 all 
arm-none-eabi-gcc "../Core/Src/main.c" -mcpu=cortex-m0plus -std=gnu11 -g3 -DDEBUG -DUSE_HAL_DRIVER -DSTM32L073xx -c -I../Core/Inc -I../Drivers/STM32L0xx_HAL_Driver/Inc -I../Drivers/STM32L0xx_HAL_Driver/Inc/Legacy -I../Drivers/CMSIS/Device/ST/STM32L0xx/Include -I../Drivers/CMSIS/Include -O0 -ffunction-sections -fdata-sections -Wall -fstack-usage -fcyclomatic-complexity -MMD -MP -MF"Core/Src/main.d" -MT"Core/Src/main.o" --specs=nano.specs -mfloat-abi=soft -mthumb -o "Core/Src/main.o"
../Core/Src/main.c: In function 'main':
../Core/Src/main.c:197:4: warning: implicit declaration of function 'printf' [-Wimplicit-function-declaration]
  197 |    printf("Output data:\r\n");
      |    ^~~~~~
../Core/Src/main.c:197:4: warning: incompatible implicit declaration of built-in function 'printf'
../Core/Src/main.c:25:1: note: include '<stdio.h>' or provide a declaration of 'printf'
   24 | #include "bma456.h"
  +++ |+#include <stdio.h>
   25 | /* USER CODE END Includes */
arm-none-eabi-gcc -o "BMA456.elf" @"objects.list"   -mcpu=cortex-m0plus -T"C:\Users\mikol\OneDrive\Pulpit\repos\Projekt_PBL4\software\BMA456\STM32L073RZTX_FLASH.ld" --specs=nosys.specs -Wl,-Map="BMA456.map" -Wl,--gc-sections -static --specs=nano.specs -mfloat-abi=soft -mthumb -u _printf_float -Wl,--start-group -lc -lm -Wl,--end-group
Finished building target: BMA456.elf
 
arm-none-eabi-size   BMA456.elf 
arm-none-eabi-objdump -h -S  BMA456.elf  > "BMA456.list"
   text	   data	    bss	    dec	    hex	filename
  34836	    484	   1820	  37140	   9114	BMA456.elf
Finished building: default.size.stdout
 
Finished building: BMA456.list
 
15:28:08 **** Incremental Build of configuration Debug for project BMA456 ****
make -j12 all 
arm-none-eabi-gcc "../Core/Src/main.c" -mcpu=cortex-m0plus -std=gnu11 -g3 -DDEBUG -DUSE_HAL_DRIVER -DSTM32L073xx -c -I../Core/Inc -I../Drivers/STM32L0xx_HAL_Driver/Inc -I../Drivers/STM32L0xx_HAL_Driver/Inc/Legacy -I../Drivers/CMSIS/Device/ST/STM32L0xx/Include -I../Drivers/CMSIS/Include -O0 -ffunction-sections -fdata-sections -Wall -fstack-usage -fcyclomatic-complexity -MMD -MP -MF"Core/Src/main.d" -MT"Core/Src/main.o" --specs=nano.specs -mfloat-abi=soft -mthumb -o "Core/Src/main.o"
../Core/Src/main.c: In function 'main':
../Core/Src/main.c:197:4: warning: implicit declaration of function 'printf' [-Wimplicit-function-declaration]
  197 |    printf("Output data:\r\n");
      |    ^~~~~~
../Core/Src/main.c:197:4: warning: incompatible implicit declaration of built-in function 'printf'
../Core/Src/main.c:25:1: note: include '<stdio.h>' or provide a declaration of 'printf'
   24 | #include "bma456.h"
  +++ |+#include <stdio.h>
   25 | /* USER CODE END Includes */
arm-none-eabi-gcc -o "BMA456.elf" @"objects.list"   -mcpu=cortex-m0plus -T"C:\Users\mikol\OneDrive\Pulpit\repos\Projekt_PBL4\software\BMA456\STM32L073RZTX_FLASH.ld" --specs=nosys.specs -Wl,-Map="BMA456.map" -Wl,--gc-sections -static --specs=nano.specs -mfloat-abi=soft -mthumb -u _printf_float -Wl,--start-group -lc -lm -Wl,--end-group
Finished building target: BMA456.elf
 
arm-none-eabi-size   BMA456.elf 
arm-none-eabi-objdump -h -S  BMA456.elf  > "BMA456.list"
   text	   data	    bss	    dec	    hex	filename
  34836	    484	   1820	  37140	   9114	BMA456.elf
Finished building: default.size.stdout
 
Finished building: BMA456.list
 
14:35:57 **** Incremental Build of configuration Debug for project BMA456 ****
make -j12 all 
arm-none-eabi-gcc "../Core/Src/main.c" -mcpu=cortex-m0plus -std=gnu11 -g3 -DDEBUG -DUSE_HAL_DRIVER -DSTM32L073xx -c -I../Core/Inc -I../Drivers/STM32L0xx_HAL_Driver/Inc -I../Drivers/STM32L0xx_HAL_Driver/Inc/Legacy -I../Drivers/CMSIS/Device/ST/STM32L0xx/Include -I../Drivers/CMSIS/Include -O0 -ffunction-sections -fdata-sections -Wall -fstack-usage -fcyclomatic-complexity -MMD -MP -MF"Core/Src/main.d" -MT"Core/Src/main.o" --specs=nano.specs -mfloat-abi=soft -mthumb -o "Core/Src/main.o"
../Core/Src/main.c: In function 'main':
../Core/Src/main.c:197:4: warning: implicit declaration of function 'printf' [-Wimplicit-function-declaration]
  197 |    printf("Output data:\r\n");
      |    ^~~~~~
../Core/Src/main.c:197:4: warning: incompatible implicit declaration of built-in function 'printf'
../Core/Src/main.c:25:1: note: include '<stdio.h>' or provide a declaration of 'printf'
   24 | #include "bma456.h"
  +++ |+#include <stdio.h>
   25 | /* USER CODE END Includes */
arm-none-eabi-gcc -o "BMA456.elf" @"objects.list"   -mcpu=cortex-m0plus -T"C:\Users\mikol\OneDrive\Pulpit\repos\Projekt_PBL4\software\BMA456\STM32L073RZTX_FLASH.ld" --specs=nosys.specs -Wl,-Map="BMA456.map" -Wl,--gc-sections -static --specs=nano.specs -mfloat-abi=soft -mthumb -u _printf_float -Wl,--start-group -lc -lm -Wl,--end-group
Finished building target: BMA456.elf
 
arm-none-eabi-size   BMA456.elf 
arm-none-eabi-objdump -h -S  BMA456.elf  > "BMA456.list"
   text	   data	    bss	    dec	    hex	filename
  34832	    484	   1820	  37136	   9110	BMA456.elf
Finished building: default.size.stdout
 
Finished building: BMA456.list
 
14:41:45 **** Incremental Build of configuration Debug for project BMA456 ****
make -j12 all 
arm-none-eabi-gcc "../Core/Src/main.c" -mcpu=cortex-m0plus -std=gnu11 -g3 -DDEBUG -DUSE_HAL_DRIVER -DSTM32L073xx -c -I../Core/Inc -I../Drivers/STM32L0xx_HAL_Driver/Inc -I../Drivers/STM32L0xx_HAL_Driver/Inc/Legacy -I../Drivers/CMSIS/Device/ST/STM32L0xx/Include -I../Drivers/CMSIS/Include -O0 -ffunction-sections -fdata-sections -Wall -fstack-usage -fcyclomatic-complexity -MMD -MP -MF"Core/Src/main.d" -MT"Core/Src/main.o" --specs=nano.specs -mfloat-abi=soft -mthumb -o "Core/Src/main.o"
../Core/Src/main.c: In function 'main':
../Core/Src/main.c:523:4: warning: implicit declaration of function 'printf' [-Wimplicit-function-declaration]
  523 |    printf("Output data:\r\n");
      |    ^~~~~~
../Core/Src/main.c:523:4: warning: incompatible implicit declaration of built-in function 'printf'
../Core/Src/main.c:25:1: note: include '<stdio.h>' or provide a declaration of 'printf'
   24 | #include "bma456.h"
  +++ |+#include <stdio.h>
   25 | /* USER CODE END Includes */
arm-none-eabi-gcc -o "BMA456.elf" @"objects.list"   -mcpu=cortex-m0plus -T"C:\Users\mikol\OneDrive\Pulpit\repos\Projekt_PBL4\software\BMA456\STM32L073RZTX_FLASH.ld" --specs=nosys.specs -Wl,-Map="BMA456.map" -Wl,--gc-sections -static --specs=nano.specs -mfloat-abi=soft -mthumb -u _printf_float -Wl,--start-group -lc -lm -Wl,--end-group
Finished building target: BMA456.elf
 
arm-none-eabi-size   BMA456.elf 
arm-none-eabi-objdump -h -S  BMA456.elf  > "BMA456.list"
   text	   data	    bss	    dec	    hex	filename
  34832	    484	   1820	  37136	   9110	BMA456.elf
Finished building: default.size.stdout
 
Finished building: BMA456.list
 
15:08:06 **** Incremental Build of configuration Debug for project BMA456 ****
make -j12 all 
arm-none-eabi-gcc "../Core/Src/main.c" -mcpu=cortex-m0plus -std=gnu11 -g3 -DDEBUG -DUSE_HAL_DRIVER -DSTM32L073xx -c -I../Core/Inc -I../Drivers/STM32L0xx_HAL_Driver/Inc -I../Drivers/STM32L0xx_HAL_Driver/Inc/Legacy -I../Drivers/CMSIS/Device/ST/STM32L0xx/Include -I../Drivers/CMSIS/Include -O0 -ffunction-sections -fdata-sections -Wall -fstack-usage -fcyclomatic-complexity -MMD -MP -MF"Core/Src/main.d" -MT"Core/Src/main.o" --specs=nano.specs -mfloat-abi=soft -mthumb -o "Core/Src/main.o"
../Core/Src/main.c:130:1: error: expected identifier or '(' before '}' token
  130 | }
      | ^
../Core/Src/main.c: In function 'main':
../Core/Src/main.c:203:4: warning: implicit declaration of function 'printf' [-Wimplicit-function-declaration]
  203 |    printf("Output data:\r\n");
      |    ^~~~~~
../Core/Src/main.c:203:4: warning: incompatible implicit declaration of built-in function 'printf'
../Core/Src/main.c:25:1: note: include '<stdio.h>' or provide a declaration of 'printf'
   24 | #include "bma456.h"
  +++ |+#include <stdio.h>
   25 | /* USER CODE END Includes */
make: *** [Core/Src/subdir.mk:34: Core/Src/main.o] Error 1
"make -j12 all" terminated with exit code 2. Build might be incomplete.
15:08:39 **** Incremental Build of configuration Debug for project BMA456 ****
make -j12 all 
arm-none-eabi-gcc "../Core/Src/main.c" -mcpu=cortex-m0plus -std=gnu11 -g3 -DDEBUG -DUSE_HAL_DRIVER -DSTM32L073xx -c -I../Core/Inc -I../Drivers/STM32L0xx_HAL_Driver/Inc -I../Drivers/STM32L0xx_HAL_Driver/Inc/Legacy -I../Drivers/CMSIS/Device/ST/STM32L0xx/Include -I../Drivers/CMSIS/Include -O0 -ffunction-sections -fdata-sections -Wall -fstack-usage -fcyclomatic-complexity -MMD -MP -MF"Core/Src/main.d" -MT"Core/Src/main.o" --specs=nano.specs -mfloat-abi=soft -mthumb -o "Core/Src/main.o"
../Core/Src/main.c:130:1: error: expected identifier or '(' before '}' token
  130 | }
      | ^
../Core/Src/main.c: In function 'main':
../Core/Src/main.c:203:4: warning: implicit declaration of function 'printf' [-Wimplicit-function-declaration]
  203 |    printf("Output data:\r\n");
      |    ^~~~~~
../Core/Src/main.c:203:4: warning: incompatible implicit declaration of built-in function 'printf'
../Core/Src/main.c:25:1: note: include '<stdio.h>' or provide a declaration of 'printf'
   24 | #include "bma456.h"
  +++ |+#include <stdio.h>
   25 | /* USER CODE END Includes */
make: *** [Core/Src/subdir.mk:34: Core/Src/main.o] Error 1
"make -j12 all" terminated with exit code 2. Build might be incomplete.
15:09:05 **** Incremental Build of configuration Debug for project BMA456 ****
make -j12 all 
arm-none-eabi-gcc "../Core/Src/main.c" -mcpu=cortex-m0plus -std=gnu11 -g3 -DDEBUG -DUSE_HAL_DRIVER -DSTM32L073xx -c -I../Core/Inc -I../Drivers/STM32L0xx_HAL_Driver/Inc -I../Drivers/STM32L0xx_HAL_Driver/Inc/Legacy -I../Drivers/CMSIS/Device/ST/STM32L0xx/Include -I../Drivers/CMSIS/Include -O0 -ffunction-sections -fdata-sections -Wall -fstack-usage -fcyclomatic-complexity -MMD -MP -MF"Core/Src/main.d" -MT"Core/Src/main.o" --specs=nano.specs -mfloat-abi=soft -mthumb -o "Core/Src/main.o"
../Core/Src/main.c: In function 'main':
../Core/Src/main.c:203:4: warning: implicit declaration of function 'printf' [-Wimplicit-function-declaration]
  203 |    printf("Output data:\r\n");
      |    ^~~~~~
../Core/Src/main.c:203:4: warning: incompatible implicit declaration of built-in function 'printf'
../Core/Src/main.c:25:1: note: include '<stdio.h>' or provide a declaration of 'printf'
   24 | #include "bma456.h"
  +++ |+#include <stdio.h>
   25 | /* USER CODE END Includes */
arm-none-eabi-gcc -o "BMA456.elf" @"objects.list"   -mcpu=cortex-m0plus -T"C:\Users\mikol\OneDrive\Pulpit\repos\Projekt_PBL4\software\BMA456\STM32L073RZTX_FLASH.ld" --specs=nosys.specs -Wl,-Map="BMA456.map" -Wl,--gc-sections -static --specs=nano.specs -mfloat-abi=soft -mthumb -u _printf_float -Wl,--start-group -lc -lm -Wl,--end-group
Finished building target: BMA456.elf
 
arm-none-eabi-size   BMA456.elf 
arm-none-eabi-objdump -h -S  BMA456.elf  > "BMA456.list"
   text	   data	    bss	    dec	    hex	filename
  34956	    548	   1820	  37324	   91cc	BMA456.elf
Finished building: default.size.stdout
 
Finished building: BMA456.list
 
15:11:07 **** Incremental Build of configuration Debug for project BMA456 ****
make -j12 all 
arm-none-eabi-gcc "../Core/Src/main.c" -mcpu=cortex-m0plus -std=gnu11 -g3 -DDEBUG -DUSE_HAL_DRIVER -DSTM32L073xx -c -I../Core/Inc -I../Drivers/STM32L0xx_HAL_Driver/Inc -I../Drivers/STM32L0xx_HAL_Driver/Inc/Legacy -I../Drivers/CMSIS/Device/ST/STM32L0xx/Include -I../Drivers/CMSIS/Include -O0 -ffunction-sections -fdata-sections -Wall -fstack-usage -fcyclomatic-complexity -MMD -MP -MF"Core/Src/main.d" -MT"Core/Src/main.o" --specs=nano.specs -mfloat-abi=soft -mthumb -o "Core/Src/main.o"
../Core/Src/main.c: In function 'main':
../Core/Src/main.c:203:4: warning: implicit declaration of function 'printf' [-Wimplicit-function-declaration]
  203 |    printf("Output data:\r\n");
      |    ^~~~~~
../Core/Src/main.c:203:4: warning: incompatible implicit declaration of built-in function 'printf'
../Core/Src/main.c:25:1: note: include '<stdio.h>' or provide a declaration of 'printf'
   24 | #include "bma456.h"
  +++ |+#include <stdio.h>
   25 | /* USER CODE END Includes */
arm-none-eabi-gcc -o "BMA456.elf" @"objects.list"   -mcpu=cortex-m0plus -T"C:\Users\mikol\OneDrive\Pulpit\repos\Projekt_PBL4\software\BMA456\STM32L073RZTX_FLASH.ld" --specs=nosys.specs -Wl,-Map="BMA456.map" -Wl,--gc-sections -static --specs=nano.specs -mfloat-abi=soft -mthumb -u _printf_float -Wl,--start-group -lc -lm -Wl,--end-group
Finished building target: BMA456.elf
 
arm-none-eabi-size   BMA456.elf 
arm-none-eabi-objdump -h -S  BMA456.elf  > "BMA456.list"
   text	   data	    bss	    dec	    hex	filename
  34832	    484	   1820	  37136	   9110	BMA456.elf
Finished building: default.size.stdout
 
Finished building: BMA456.list
 
15:17:01 **** Incremental Build of configuration Debug for project BMA456 ****
make -j12 all 
arm-none-eabi-gcc "../Core/Src/main.c" -mcpu=cortex-m0plus -std=gnu11 -g3 -DDEBUG -DUSE_HAL_DRIVER -DSTM32L073xx -c -I../Core/Inc -I../Drivers/STM32L0xx_HAL_Driver/Inc -I../Drivers/STM32L0xx_HAL_Driver/Inc/Legacy -I../Drivers/CMSIS/Device/ST/STM32L0xx/Include -I../Drivers/CMSIS/Include -O0 -ffunction-sections -fdata-sections -Wall -fstack-usage -fcyclomatic-complexity -MMD -MP -MF"Core/Src/main.d" -MT"Core/Src/main.o" --specs=nano.specs -mfloat-abi=soft -mthumb -o "Core/Src/main.o"
../Core/Src/main.c: In function 'main':
../Core/Src/main.c:209:4: warning: implicit declaration of function 'printf' [-Wimplicit-function-declaration]
  209 |    printf("Output data readable:\r\n");
      |    ^~~~~~
../Core/Src/main.c:209:4: warning: incompatible implicit declaration of built-in function 'printf'
../Core/Src/main.c:25:1: note: include '<stdio.h>' or provide a declaration of 'printf'
   24 | #include "bma456.h"
  +++ |+#include <stdio.h>
   25 | /* USER CODE END Includes */
arm-none-eabi-gcc -o "BMA456.elf" @"objects.list"   -mcpu=cortex-m0plus -T"C:\Users\mikol\OneDrive\Pulpit\repos\Projekt_PBL4\software\BMA456\STM32L073RZTX_FLASH.ld" --specs=nosys.specs -Wl,-Map="BMA456.map" -Wl,--gc-sections -static --specs=nano.specs -mfloat-abi=soft -mthumb -u _printf_float -Wl,--start-group -lc -lm -Wl,--end-group
Finished building target: BMA456.elf
 
arm-none-eabi-size   BMA456.elf 
arm-none-eabi-objdump -h -S  BMA456.elf  > "BMA456.list"
   text	   data	    bss	    dec	    hex	filename
  34756	    484	   1820	  37060	   90c4	BMA456.elf
Finished building: default.size.stdout
 
Finished building: BMA456.list
 
15:20:24 **** Incremental Build of configuration Debug for project BMA456 ****
make -j12 all 
arm-none-eabi-gcc "../Core/Src/main.c" -mcpu=cortex-m0plus -std=gnu11 -g3 -DDEBUG -DUSE_HAL_DRIVER -DSTM32L073xx -c -I../Core/Inc -I../Drivers/STM32L0xx_HAL_Driver/Inc -I../Drivers/STM32L0xx_HAL_Driver/Inc/Legacy -I../Drivers/CMSIS/Device/ST/STM32L0xx/Include -I../Drivers/CMSIS/Include -O0 -ffunction-sections -fdata-sections -Wall -fstack-usage -fcyclomatic-complexity -MMD -MP -MF"Core/Src/main.d" -MT"Core/Src/main.o" --specs=nano.specs -mfloat-abi=soft -mthumb -o "Core/Src/main.o"
../Core/Src/main.c: In function 'main':
../Core/Src/main.c:203:4: warning: implicit declaration of function 'printf' [-Wimplicit-function-declaration]
  203 |    printf("Output data:\r\n");
      |    ^~~~~~
../Core/Src/main.c:203:4: warning: incompatible implicit declaration of built-in function 'printf'
../Core/Src/main.c:25:1: note: include '<stdio.h>' or provide a declaration of 'printf'
   24 | #include "bma456.h"
  +++ |+#include <stdio.h>
   25 | /* USER CODE END Includes */
arm-none-eabi-gcc -o "BMA456.elf" @"objects.list"   -mcpu=cortex-m0plus -T"C:\Users\mikol\OneDrive\Pulpit\repos\Projekt_PBL4\software\BMA456\STM32L073RZTX_FLASH.ld" --specs=nosys.specs -Wl,-Map="BMA456.map" -Wl,--gc-sections -static --specs=nano.specs -mfloat-abi=soft -mthumb -u _printf_float -Wl,--start-group -lc -lm -Wl,--end-group
Finished building target: BMA456.elf
 
arm-none-eabi-size   BMA456.elf 
arm-none-eabi-objdump -h -S  BMA456.elf  > "BMA456.list"
   text	   data	    bss	    dec	    hex	filename
  34832	    484	   1820	  37136	   9110	BMA456.elf
Finished building: default.size.stdout
 
Finished building: BMA456.list
 
15:21:37 **** Incremental Build of configuration Debug for project BMA456 ****
make -j12 all 
arm-none-eabi-size   BMA456.elf 
   text	   data	    bss	    dec	    hex	filename
  34832	    484	   1820	  37136	   9110	BMA456.elf
Finished building: default.size.stdout
 
15:24:09 **** Incremental Build of configuration Debug for project BMA456 ****
make -j12 all 
arm-none-eabi-gcc "../Core/Src/main.c" -mcpu=cortex-m0plus -std=gnu11 -g3 -DDEBUG -DUSE_HAL_DRIVER -DSTM32L073xx -c -I../Core/Inc -I../Drivers/STM32L0xx_HAL_Driver/Inc -I../Drivers/STM32L0xx_HAL_Driver/Inc/Legacy -I../Drivers/CMSIS/Device/ST/STM32L0xx/Include -I../Drivers/CMSIS/Include -O0 -ffunction-sections -fdata-sections -Wall -fstack-usage -fcyclomatic-complexity -MMD -MP -MF"Core/Src/main.d" -MT"Core/Src/main.o" --specs=nano.specs -mfloat-abi=soft -mthumb -o "Core/Src/main.o"
../Core/Src/main.c: In function 'main':
../Core/Src/main.c:203:4: warning: implicit declaration of function 'printf' [-Wimplicit-function-declaration]
  203 |    printf("Output data:\r\n");
      |    ^~~~~~
../Core/Src/main.c:203:4: warning: incompatible implicit declaration of built-in function 'printf'
../Core/Src/main.c:25:1: note: include '<stdio.h>' or provide a declaration of 'printf'
   24 | #include "bma456.h"
  +++ |+#include <stdio.h>
   25 | /* USER CODE END Includes */
arm-none-eabi-gcc -o "BMA456.elf" @"objects.list"   -mcpu=cortex-m0plus -T"C:\Users\mikol\OneDrive\Pulpit\repos\Projekt_PBL4\software\BMA456\STM32L073RZTX_FLASH.ld" --specs=nosys.specs -Wl,-Map="BMA456.map" -Wl,--gc-sections -static --specs=nano.specs -mfloat-abi=soft -mthumb -u _printf_float -Wl,--start-group -lc -lm -Wl,--end-group
Finished building target: BMA456.elf
 
arm-none-eabi-size   BMA456.elf 
arm-none-eabi-objdump -h -S  BMA456.elf  > "BMA456.list"
   text	   data	    bss	    dec	    hex	filename
  34832	    484	   1820	  37136	   9110	BMA456.elf
Finished building: default.size.stdout
 
Finished building: BMA456.list
 
15:25:02 **** Incremental Build of configuration Debug for project BMA456 ****
make -j12 all 
arm-none-eabi-gcc "../Core/Src/main.c" -mcpu=cortex-m0plus -std=gnu11 -g3 -DDEBUG -DUSE_HAL_DRIVER -DSTM32L073xx -c -I../Core/Inc -I../Drivers/STM32L0xx_HAL_Driver/Inc -I../Drivers/STM32L0xx_HAL_Driver/Inc/Legacy -I../Drivers/CMSIS/Device/ST/STM32L0xx/Include -I../Drivers/CMSIS/Include -O0 -ffunction-sections -fdata-sections -Wall -fstack-usage -fcyclomatic-complexity -MMD -MP -MF"Core/Src/main.d" -MT"Core/Src/main.o" --specs=nano.specs -mfloat-abi=soft -mthumb -o "Core/Src/main.o"
../Core/Src/main.c: In function 'main':
../Core/Src/main.c:209:4: warning: implicit declaration of function 'printf' [-Wimplicit-function-declaration]
  209 |    printf("Output data readable:\r\n");
      |    ^~~~~~
../Core/Src/main.c:209:4: warning: incompatible implicit declaration of built-in function 'printf'
../Core/Src/main.c:25:1: note: include '<stdio.h>' or provide a declaration of 'printf'
   24 | #include "bma456.h"
  +++ |+#include <stdio.h>
   25 | /* USER CODE END Includes */
arm-none-eabi-gcc -o "BMA456.elf" @"objects.list"   -mcpu=cortex-m0plus -T"C:\Users\mikol\OneDrive\Pulpit\repos\Projekt_PBL4\software\BMA456\STM32L073RZTX_FLASH.ld" --specs=nosys.specs -Wl,-Map="BMA456.map" -Wl,--gc-sections -static --specs=nano.specs -mfloat-abi=soft -mthumb -u _printf_float -Wl,--start-group -lc -lm -Wl,--end-group
Finished building target: BMA456.elf
 
arm-none-eabi-size   BMA456.elf 
arm-none-eabi-objdump -h -S  BMA456.elf  > "BMA456.list"
   text	   data	    bss	    dec	    hex	filename
  34756	    484	   1820	  37060	   90c4	BMA456.elf
Finished building: default.size.stdout
 
Finished building: BMA456.list
 
16:19:51 **** Incremental Build of configuration Debug for project BMA456 ****
make -j12 all 
arm-none-eabi-size   BMA456.elf 
   text	   data	    bss	    dec	    hex	filename
  34756	    484	   1820	  37060	   90c4	BMA456.elf
Finished building: default.size.stdout
 
16:22:03 **** Incremental Build of configuration Debug for project BMA456 ****
make -j12 all 
arm-none-eabi-gcc "../Core/Src/main.c" -mcpu=cortex-m0plus -std=gnu11 -g3 -DDEBUG -DUSE_HAL_DRIVER -DSTM32L073xx -c -I../Core/Inc -I../Drivers/STM32L0xx_HAL_Driver/Inc -I../Drivers/STM32L0xx_HAL_Driver/Inc/Legacy -I../Drivers/CMSIS/Device/ST/STM32L0xx/Include -I../Drivers/CMSIS/Include -O0 -ffunction-sections -fdata-sections -Wall -fstack-usage -fcyclomatic-complexity -MMD -MP -MF"Core/Src/main.d" -MT"Core/Src/main.o" --specs=nano.specs -mfloat-abi=soft -mthumb -o "Core/Src/main.o"
../Core/Src/main.c: In function 'main':
../Core/Src/main.c:209:4: warning: implicit declaration of function 'printf' [-Wimplicit-function-declaration]
  209 |    printf("Output data readable:\r\n");
      |    ^~~~~~
../Core/Src/main.c:209:4: warning: incompatible implicit declaration of built-in function 'printf'
../Core/Src/main.c:25:1: note: include '<stdio.h>' or provide a declaration of 'printf'
   24 | #include "bma456.h"
  +++ |+#include <stdio.h>
   25 | /* USER CODE END Includes */
arm-none-eabi-gcc -o "BMA456.elf" @"objects.list"   -mcpu=cortex-m0plus -T"C:\Users\mikol\OneDrive\Pulpit\repos\Projekt_PBL4\software\BMA456\STM32L073RZTX_FLASH.ld" --specs=nosys.specs -Wl,-Map="BMA456.map" -Wl,--gc-sections -static --specs=nano.specs -mfloat-abi=soft -mthumb -u _printf_float -Wl,--start-group -lc -lm -Wl,--end-group
Finished building target: BMA456.elf
 
arm-none-eabi-size   BMA456.elf 
arm-none-eabi-objdump -h -S  BMA456.elf  > "BMA456.list"
   text	   data	    bss	    dec	    hex	filename
  34756	    484	   1820	  37060	   90c4	BMA456.elf
Finished building: default.size.stdout
 
Finished building: BMA456.list
 
16:25:52 **** Incremental Build of configuration Debug for project BMA456 ****
make -j12 all 
arm-none-eabi-gcc "../Core/Src/main.c" -mcpu=cortex-m0plus -std=gnu11 -g3 -DDEBUG -DUSE_HAL_DRIVER -DSTM32L073xx -c -I../Core/Inc -I../Drivers/STM32L0xx_HAL_Driver/Inc -I../Drivers/STM32L0xx_HAL_Driver/Inc/Legacy -I../Drivers/CMSIS/Device/ST/STM32L0xx/Include -I../Drivers/CMSIS/Include -O0 -ffunction-sections -fdata-sections -Wall -fstack-usage -fcyclomatic-complexity -MMD -MP -MF"Core/Src/main.d" -MT"Core/Src/main.o" --specs=nano.specs -mfloat-abi=soft -mthumb -o "Core/Src/main.o"
../Core/Src/main.c: In function 'main':
../Core/Src/main.c:209:4: warning: implicit declaration of function 'printf' [-Wimplicit-function-declaration]
  209 |    printf("Output data readable:\r\n");
      |    ^~~~~~
../Core/Src/main.c:209:4: warning: incompatible implicit declaration of built-in function 'printf'
../Core/Src/main.c:25:1: note: include '<stdio.h>' or provide a declaration of 'printf'
   24 | #include "bma456.h"
  +++ |+#include <stdio.h>
   25 | /* USER CODE END Includes */
arm-none-eabi-gcc -o "BMA456.elf" @"objects.list"   -mcpu=cortex-m0plus -T"C:\Users\mikol\OneDrive\Pulpit\repos\Projekt_PBL4\software\BMA456\STM32L073RZTX_FLASH.ld" --specs=nosys.specs -Wl,-Map="BMA456.map" -Wl,--gc-sections -static --specs=nano.specs -mfloat-abi=soft -mthumb -u _printf_float -Wl,--start-group -lc -lm -Wl,--end-group
Finished building target: BMA456.elf
 
arm-none-eabi-size   BMA456.elf 
arm-none-eabi-objdump -h -S  BMA456.elf  > "BMA456.list"
   text	   data	    bss	    dec	    hex	filename
  34756	    484	   1820	  37060	   90c4	BMA456.elf
Finished building: default.size.stdout
 
Finished building: BMA456.list
 
16:43:13 **** Incremental Build of configuration Debug for project BMA456 ****
make -j12 all 
arm-none-eabi-gcc "../Core/Src/main.c" -mcpu=cortex-m0plus -std=gnu11 -g3 -DDEBUG -DUSE_HAL_DRIVER -DSTM32L073xx -c -I../Core/Inc -I../Drivers/STM32L0xx_HAL_Driver/Inc -I../Drivers/STM32L0xx_HAL_Driver/Inc/Legacy -I../Drivers/CMSIS/Device/ST/STM32L0xx/Include -I../Drivers/CMSIS/Include -O0 -ffunction-sections -fdata-sections -Wall -fstack-usage -fcyclomatic-complexity -MMD -MP -MF"Core/Src/main.d" -MT"Core/Src/main.o" --specs=nano.specs -mfloat-abi=soft -mthumb -o "Core/Src/main.o"
../Core/Src/main.c: In function 'main':
../Core/Src/main.c:209:4: warning: implicit declaration of function 'printf' [-Wimplicit-function-declaration]
  209 |    printf("Output data readable:\r\n");
      |    ^~~~~~
../Core/Src/main.c:209:4: warning: incompatible implicit declaration of built-in function 'printf'
../Core/Src/main.c:25:1: note: include '<stdio.h>' or provide a declaration of 'printf'
   24 | #include "bma456.h"
  +++ |+#include <stdio.h>
   25 | /* USER CODE END Includes */
arm-none-eabi-gcc -o "BMA456.elf" @"objects.list"   -mcpu=cortex-m0plus -T"C:\Users\mikol\OneDrive\Pulpit\repos\Projekt_PBL4\software\BMA456\STM32L073RZTX_FLASH.ld" --specs=nosys.specs -Wl,-Map="BMA456.map" -Wl,--gc-sections -static --specs=nano.specs -mfloat-abi=soft -mthumb -u _printf_float -Wl,--start-group -lc -lm -Wl,--end-group
Finished building target: BMA456.elf
 
arm-none-eabi-size   BMA456.elf 
arm-none-eabi-objdump -h -S  BMA456.elf  > "BMA456.list"
   text	   data	    bss	    dec	    hex	filename
  34756	    484	   1820	  37060	   90c4	BMA456.elf
Finished building: default.size.stdout
 
Finished building: BMA456.list
 
16:44:26 **** Incremental Build of configuration Debug for project BMA456 ****
make -j12 all 
arm-none-eabi-gcc "../Core/Src/main.c" -mcpu=cortex-m0plus -std=gnu11 -g3 -DDEBUG -DUSE_HAL_DRIVER -DSTM32L073xx -c -I../Core/Inc -I../Drivers/STM32L0xx_HAL_Driver/Inc -I../Drivers/STM32L0xx_HAL_Driver/Inc/Legacy -I../Drivers/CMSIS/Device/ST/STM32L0xx/Include -I../Drivers/CMSIS/Include -O0 -ffunction-sections -fdata-sections -Wall -fstack-usage -fcyclomatic-complexity -MMD -MP -MF"Core/Src/main.d" -MT"Core/Src/main.o" --specs=nano.specs -mfloat-abi=soft -mthumb -o "Core/Src/main.o"
../Core/Src/main.c: In function 'main':
../Core/Src/main.c:203:4: warning: implicit declaration of function 'printf' [-Wimplicit-function-declaration]
  203 |    printf("Output data:\r\n");
      |    ^~~~~~
../Core/Src/main.c:203:4: warning: incompatible implicit declaration of built-in function 'printf'
../Core/Src/main.c:25:1: note: include '<stdio.h>' or provide a declaration of 'printf'
   24 | #include "bma456.h"
  +++ |+#include <stdio.h>
   25 | /* USER CODE END Includes */
../Core/Src/main.c:199:12: warning: variable 'data_read_readable' set but not used [-Wunused-but-set-variable]
  199 |    int16_t data_read_readable[3];
      |            ^~~~~~~~~~~~~~~~~~
arm-none-eabi-gcc -o "BMA456.elf" @"objects.list"   -mcpu=cortex-m0plus -T"C:\Users\mikol\OneDrive\Pulpit\repos\Projekt_PBL4\software\BMA456\STM32L073RZTX_FLASH.ld" --specs=nosys.specs -Wl,-Map="BMA456.map" -Wl,--gc-sections -static --specs=nano.specs -mfloat-abi=soft -mthumb -u _printf_float -Wl,--start-group -lc -lm -Wl,--end-group
Finished building target: BMA456.elf
 
arm-none-eabi-size   BMA456.elf 
arm-none-eabi-objdump -h -S  BMA456.elf  > "BMA456.list"
   text	   data	    bss	    dec	    hex	filename
  34748	    484	   1820	  37052	   90bc	BMA456.elf
Finished building: default.size.stdout
 
Finished building: BMA456.list
 
16:46:26 **** Incremental Build of configuration Debug for project BMA456 ****
make -j12 all 
arm-none-eabi-gcc "../Core/Src/main.c" -mcpu=cortex-m0plus -std=gnu11 -g3 -DDEBUG -DUSE_HAL_DRIVER -DSTM32L073xx -c -I../Core/Inc -I../Drivers/STM32L0xx_HAL_Driver/Inc -I../Drivers/STM32L0xx_HAL_Driver/Inc/Legacy -I../Drivers/CMSIS/Device/ST/STM32L0xx/Include -I../Drivers/CMSIS/Include -O0 -ffunction-sections -fdata-sections -Wall -fstack-usage -fcyclomatic-complexity -MMD -MP -MF"Core/Src/main.d" -MT"Core/Src/main.o" --specs=nano.specs -mfloat-abi=soft -mthumb -o "Core/Src/main.o"
../Core/Src/main.c: In function 'main':
../Core/Src/main.c:203:4: warning: implicit declaration of function 'printf' [-Wimplicit-function-declaration]
  203 |    printf("Output data:\r\n");
      |    ^~~~~~
../Core/Src/main.c:203:4: warning: incompatible implicit declaration of built-in function 'printf'
../Core/Src/main.c:25:1: note: include '<stdio.h>' or provide a declaration of 'printf'
   24 | #include "bma456.h"
  +++ |+#include <stdio.h>
   25 | /* USER CODE END Includes */
../Core/Src/main.c:199:12: warning: variable 'data_read_readable' set but not used [-Wunused-but-set-variable]
  199 |    int16_t data_read_readable[3];
      |            ^~~~~~~~~~~~~~~~~~
arm-none-eabi-gcc -o "BMA456.elf" @"objects.list"   -mcpu=cortex-m0plus -T"C:\Users\mikol\OneDrive\Pulpit\repos\Projekt_PBL4\software\BMA456\STM32L073RZTX_FLASH.ld" --specs=nosys.specs -Wl,-Map="BMA456.map" -Wl,--gc-sections -static --specs=nano.specs -mfloat-abi=soft -mthumb -u _printf_float -Wl,--start-group -lc -lm -Wl,--end-group
Finished building target: BMA456.elf
 
arm-none-eabi-size   BMA456.elf 
arm-none-eabi-objdump -h -S  BMA456.elf  > "BMA456.list"
   text	   data	    bss	    dec	    hex	filename
  34748	    484	   1820	  37052	   90bc	BMA456.elf
Finished building: default.size.stdout
 
Finished building: BMA456.list
 
16:49:11 **** Incremental Build of configuration Debug for project BMA456 ****
make -j12 all 
arm-none-eabi-gcc "../Core/Src/main.c" -mcpu=cortex-m0plus -std=gnu11 -g3 -DDEBUG -DUSE_HAL_DRIVER -DSTM32L073xx -c -I../Core/Inc -I../Drivers/STM32L0xx_HAL_Driver/Inc -I../Drivers/STM32L0xx_HAL_Driver/Inc/Legacy -I../Drivers/CMSIS/Device/ST/STM32L0xx/Include -I../Drivers/CMSIS/Include -O0 -ffunction-sections -fdata-sections -Wall -fstack-usage -fcyclomatic-complexity -MMD -MP -MF"Core/Src/main.d" -MT"Core/Src/main.o" --specs=nano.specs -mfloat-abi=soft -mthumb -o "Core/Src/main.o"
../Core/Src/main.c: In function 'main':
../Core/Src/main.c:203:4: warning: implicit declaration of function 'printf' [-Wimplicit-function-declaration]
  203 |    printf("Output data:\r\n");
      |    ^~~~~~
../Core/Src/main.c:203:4: warning: incompatible implicit declaration of built-in function 'printf'
../Core/Src/main.c:25:1: note: include '<stdio.h>' or provide a declaration of 'printf'
   24 | #include "bma456.h"
  +++ |+#include <stdio.h>
   25 | /* USER CODE END Includes */
../Core/Src/main.c:199:12: warning: variable 'data_read_readable' set but not used [-Wunused-but-set-variable]
  199 |    int16_t data_read_readable[3];
      |            ^~~~~~~~~~~~~~~~~~
arm-none-eabi-gcc -o "BMA456.elf" @"objects.list"   -mcpu=cortex-m0plus -T"C:\Users\mikol\OneDrive\Pulpit\repos\Projekt_PBL4\software\BMA456\STM32L073RZTX_FLASH.ld" --specs=nosys.specs -Wl,-Map="BMA456.map" -Wl,--gc-sections -static --specs=nano.specs -mfloat-abi=soft -mthumb -u _printf_float -Wl,--start-group -lc -lm -Wl,--end-group
Finished building target: BMA456.elf
 
arm-none-eabi-size   BMA456.elf 
arm-none-eabi-objdump -h -S  BMA456.elf  > "BMA456.list"
   text	   data	    bss	    dec	    hex	filename
  34748	    484	   1820	  37052	   90bc	BMA456.elf
Finished building: default.size.stdout
 
Finished building: BMA456.list
 
16:51:41 **** Incremental Build of configuration Debug for project BMA456 ****
make -j12 all 
arm-none-eabi-gcc "../Core/Src/main.c" -mcpu=cortex-m0plus -std=gnu11 -g3 -DDEBUG -DUSE_HAL_DRIVER -DSTM32L073xx -c -I../Core/Inc -I../Drivers/STM32L0xx_HAL_Driver/Inc -I../Drivers/STM32L0xx_HAL_Driver/Inc/Legacy -I../Drivers/CMSIS/Device/ST/STM32L0xx/Include -I../Drivers/CMSIS/Include -O0 -ffunction-sections -fdata-sections -Wall -fstack-usage -fcyclomatic-complexity -MMD -MP -MF"Core/Src/main.d" -MT"Core/Src/main.o" --specs=nano.specs -mfloat-abi=soft -mthumb -o "Core/Src/main.o"
../Core/Src/main.c: In function 'main':
../Core/Src/main.c:203:4: warning: implicit declaration of function 'printf' [-Wimplicit-function-declaration]
  203 |    printf("Output data:\r\n");
      |    ^~~~~~
../Core/Src/main.c:203:4: warning: incompatible implicit declaration of built-in function 'printf'
../Core/Src/main.c:25:1: note: include '<stdio.h>' or provide a declaration of 'printf'
   24 | #include "bma456.h"
  +++ |+#include <stdio.h>
   25 | /* USER CODE END Includes */
../Core/Src/main.c:199:12: warning: unused variable 'data_read_readable' [-Wunused-variable]
  199 |    int16_t data_read_readable[3];
      |            ^~~~~~~~~~~~~~~~~~
arm-none-eabi-gcc -o "BMA456.elf" @"objects.list"   -mcpu=cortex-m0plus -T"C:\Users\mikol\OneDrive\Pulpit\repos\Projekt_PBL4\software\BMA456\STM32L073RZTX_FLASH.ld" --specs=nosys.specs -Wl,-Map="BMA456.map" -Wl,--gc-sections -static --specs=nano.specs -mfloat-abi=soft -mthumb -u _printf_float -Wl,--start-group -lc -lm -Wl,--end-group
Finished building target: BMA456.elf
 
arm-none-eabi-size   BMA456.elf 
arm-none-eabi-objdump -h -S  BMA456.elf  > "BMA456.list"
   text	   data	    bss	    dec	    hex	filename
  34672	    484	   1820	  36976	   9070	BMA456.elf
Finished building: default.size.stdout
 
Finished building: BMA456.list
 
16:54:06 **** Incremental Build of configuration Debug for project BMA456 ****
make -j12 all 
arm-none-eabi-gcc "../Core/Src/main.c" -mcpu=cortex-m0plus -std=gnu11 -g3 -DDEBUG -DUSE_HAL_DRIVER -DSTM32L073xx -c -I../Core/Inc -I../Drivers/STM32L0xx_HAL_Driver/Inc -I../Drivers/STM32L0xx_HAL_Driver/Inc/Legacy -I../Drivers/CMSIS/Device/ST/STM32L0xx/Include -I../Drivers/CMSIS/Include -O0 -ffunction-sections -fdata-sections -Wall -fstack-usage -fcyclomatic-complexity -MMD -MP -MF"Core/Src/main.d" -MT"Core/Src/main.o" --specs=nano.specs -mfloat-abi=soft -mthumb -o "Core/Src/main.o"
../Core/Src/main.c: In function 'main':
../Core/Src/main.c:203:4: warning: implicit declaration of function 'printf' [-Wimplicit-function-declaration]
  203 |    printf("Output data:\r\n");
      |    ^~~~~~
../Core/Src/main.c:203:4: warning: incompatible implicit declaration of built-in function 'printf'
../Core/Src/main.c:25:1: note: include '<stdio.h>' or provide a declaration of 'printf'
   24 | #include "bma456.h"
  +++ |+#include <stdio.h>
   25 | /* USER CODE END Includes */
../Core/Src/main.c:199:12: warning: variable 'data_read_readable' set but not used [-Wunused-but-set-variable]
  199 |    int16_t data_read_readable[3];
      |            ^~~~~~~~~~~~~~~~~~
arm-none-eabi-gcc -o "BMA456.elf" @"objects.list"   -mcpu=cortex-m0plus -T"C:\Users\mikol\OneDrive\Pulpit\repos\Projekt_PBL4\software\BMA456\STM32L073RZTX_FLASH.ld" --specs=nosys.specs -Wl,-Map="BMA456.map" -Wl,--gc-sections -static --specs=nano.specs -mfloat-abi=soft -mthumb -u _printf_float -Wl,--start-group -lc -lm -Wl,--end-group
Finished building target: BMA456.elf
 
arm-none-eabi-size   BMA456.elf 
arm-none-eabi-objdump -h -S  BMA456.elf  > "BMA456.list"
   text	   data	    bss	    dec	    hex	filename
  34748	    484	   1820	  37052	   90bc	BMA456.elf
Finished building: default.size.stdout
 
Finished building: BMA456.list
 
16:56:21 **** Incremental Build of configuration Debug for project BMA456 ****
make -j12 all 
arm-none-eabi-gcc "../Core/Src/main.c" -mcpu=cortex-m0plus -std=gnu11 -g3 -DDEBUG -DUSE_HAL_DRIVER -DSTM32L073xx -c -I../Core/Inc -I../Drivers/STM32L0xx_HAL_Driver/Inc -I../Drivers/STM32L0xx_HAL_Driver/Inc/Legacy -I../Drivers/CMSIS/Device/ST/STM32L0xx/Include -I../Drivers/CMSIS/Include -O0 -ffunction-sections -fdata-sections -Wall -fstack-usage -fcyclomatic-complexity -MMD -MP -MF"Core/Src/main.d" -MT"Core/Src/main.o" --specs=nano.specs -mfloat-abi=soft -mthumb -o "Core/Src/main.o"
../Core/Src/main.c: In function 'main':
../Core/Src/main.c:203:4: warning: implicit declaration of function 'printf' [-Wimplicit-function-declaration]
  203 |    printf("Output data:\r\n");
      |    ^~~~~~
../Core/Src/main.c:203:4: warning: incompatible implicit declaration of built-in function 'printf'
../Core/Src/main.c:25:1: note: include '<stdio.h>' or provide a declaration of 'printf'
   24 | #include "bma456.h"
  +++ |+#include <stdio.h>
   25 | /* USER CODE END Includes */
../Core/Src/main.c:199:12: warning: variable 'data_read_readable' set but not used [-Wunused-but-set-variable]
  199 |    int16_t data_read_readable[3];
      |            ^~~~~~~~~~~~~~~~~~
arm-none-eabi-gcc -o "BMA456.elf" @"objects.list"   -mcpu=cortex-m0plus -T"C:\Users\mikol\OneDrive\Pulpit\repos\Projekt_PBL4\software\BMA456\STM32L073RZTX_FLASH.ld" --specs=nosys.specs -Wl,-Map="BMA456.map" -Wl,--gc-sections -static --specs=nano.specs -mfloat-abi=soft -mthumb -u _printf_float -Wl,--start-group -lc -lm -Wl,--end-group
Finished building target: BMA456.elf
 
arm-none-eabi-size   BMA456.elf 
arm-none-eabi-objdump -h -S  BMA456.elf  > "BMA456.list"
   text	   data	    bss	    dec	    hex	filename
  34748	    484	   1820	  37052	   90bc	BMA456.elf
Finished building: default.size.stdout
 
Finished building: BMA456.list
 
17:07:04 **** Incremental Build of configuration Debug for project BMA456 ****
make -j12 all 
arm-none-eabi-gcc "../Core/Src/main.c" -mcpu=cortex-m0plus -std=gnu11 -g3 -DDEBUG -DUSE_HAL_DRIVER -DSTM32L073xx -c -I../Core/Inc -I../Drivers/STM32L0xx_HAL_Driver/Inc -I../Drivers/STM32L0xx_HAL_Driver/Inc/Legacy -I../Drivers/CMSIS/Device/ST/STM32L0xx/Include -I../Drivers/CMSIS/Include -O0 -ffunction-sections -fdata-sections -Wall -fstack-usage -fcyclomatic-complexity -MMD -MP -MF"Core/Src/main.d" -MT"Core/Src/main.o" --specs=nano.specs -mfloat-abi=soft -mthumb -o "Core/Src/main.o"
../Core/Src/main.c: In function 'main':
../Core/Src/main.c:198:14: error: expected expression before ']' token
  198 |    data_read[]={0xff,0xff,0xff,0xff,0xff,0xff,0xff};
      |              ^
../Core/Src/main.c:204:4: warning: implicit declaration of function 'printf' [-Wimplicit-function-declaration]
  204 |    printf("Output data:\r\n");
      |    ^~~~~~
../Core/Src/main.c:204:4: warning: incompatible implicit declaration of built-in function 'printf'
../Core/Src/main.c:25:1: note: include '<stdio.h>' or provide a declaration of 'printf'
   24 | #include "bma456.h"
  +++ |+#include <stdio.h>
   25 | /* USER CODE END Includes */
../Core/Src/main.c:200:12: warning: variable 'data_read_readable' set but not used [-Wunused-but-set-variable]
  200 |    int16_t data_read_readable[3];
      |            ^~~~~~~~~~~~~~~~~~
make: *** [Core/Src/subdir.mk:34: Core/Src/main.o] Error 1
"make -j12 all" terminated with exit code 2. Build might be incomplete.
17:07:24 **** Incremental Build of configuration Debug for project BMA456 ****
make -j12 all 
arm-none-eabi-gcc "../Core/Src/main.c" -mcpu=cortex-m0plus -std=gnu11 -g3 -DDEBUG -DUSE_HAL_DRIVER -DSTM32L073xx -c -I../Core/Inc -I../Drivers/STM32L0xx_HAL_Driver/Inc -I../Drivers/STM32L0xx_HAL_Driver/Inc/Legacy -I../Drivers/CMSIS/Device/ST/STM32L0xx/Include -I../Drivers/CMSIS/Include -O0 -ffunction-sections -fdata-sections -Wall -fstack-usage -fcyclomatic-complexity -MMD -MP -MF"Core/Src/main.d" -MT"Core/Src/main.o" --specs=nano.specs -mfloat-abi=soft -mthumb -o "Core/Src/main.o"
../Core/Src/main.c: In function 'main':
../Core/Src/main.c:198:14: error: expected expression before '{' token
  198 |    data_read={0xff,0xff,0xff,0xff,0xff,0xff,0xff};
      |              ^
../Core/Src/main.c:204:4: warning: implicit declaration of function 'printf' [-Wimplicit-function-declaration]
  204 |    printf("Output data:\r\n");
      |    ^~~~~~
../Core/Src/main.c:204:4: warning: incompatible implicit declaration of built-in function 'printf'
../Core/Src/main.c:25:1: note: include '<stdio.h>' or provide a declaration of 'printf'
   24 | #include "bma456.h"
  +++ |+#include <stdio.h>
   25 | /* USER CODE END Includes */
../Core/Src/main.c:200:12: warning: variable 'data_read_readable' set but not used [-Wunused-but-set-variable]
  200 |    int16_t data_read_readable[3];
      |            ^~~~~~~~~~~~~~~~~~
make: *** [Core/Src/subdir.mk:34: Core/Src/main.o] Error 1
"make -j12 all" terminated with exit code 2. Build might be incomplete.
17:08:19 **** Incremental Build of configuration Debug for project BMA456 ****
make -j12 all 
arm-none-eabi-gcc "../Core/Src/main.c" -mcpu=cortex-m0plus -std=gnu11 -g3 -DDEBUG -DUSE_HAL_DRIVER -DSTM32L073xx -c -I../Core/Inc -I../Drivers/STM32L0xx_HAL_Driver/Inc -I../Drivers/STM32L0xx_HAL_Driver/Inc/Legacy -I../Drivers/CMSIS/Device/ST/STM32L0xx/Include -I../Drivers/CMSIS/Include -O0 -ffunction-sections -fdata-sections -Wall -fstack-usage -fcyclomatic-complexity -MMD -MP -MF"Core/Src/main.d" -MT"Core/Src/main.o" --specs=nano.specs -mfloat-abi=soft -mthumb -o "Core/Src/main.o"
../Core/Src/main.c: In function 'main':
../Core/Src/main.c:206:4: warning: implicit declaration of function 'printf' [-Wimplicit-function-declaration]
  206 |    printf("Output data:\r\n");
      |    ^~~~~~
../Core/Src/main.c:206:4: warning: incompatible implicit declaration of built-in function 'printf'
../Core/Src/main.c:25:1: note: include '<stdio.h>' or provide a declaration of 'printf'
   24 | #include "bma456.h"
  +++ |+#include <stdio.h>
   25 | /* USER CODE END Includes */
../Core/Src/main.c:202:12: warning: variable 'data_read_readable' set but not used [-Wunused-but-set-variable]
  202 |    int16_t data_read_readable[3];
      |            ^~~~~~~~~~~~~~~~~~
arm-none-eabi-gcc -o "BMA456.elf" @"objects.list"   -mcpu=cortex-m0plus -T"C:\Users\mikol\OneDrive\Pulpit\repos\Projekt_PBL4\software\BMA456\STM32L073RZTX_FLASH.ld" --specs=nosys.specs -Wl,-Map="BMA456.map" -Wl,--gc-sections -static --specs=nano.specs -mfloat-abi=soft -mthumb -u _printf_float -Wl,--start-group -lc -lm -Wl,--end-group
Finished building target: BMA456.elf
 
arm-none-eabi-size   BMA456.elf 
arm-none-eabi-objdump -h -S  BMA456.elf  > "BMA456.list"
   text	   data	    bss	    dec	    hex	filename
  34776	    484	   1820	  37080	   90d8	BMA456.elf
Finished building: default.size.stdout
 
Finished building: BMA456.list
 
17:12:01 **** Incremental Build of configuration Debug for project BMA456 ****
make -j12 all 
arm-none-eabi-gcc "../Core/Src/main.c" -mcpu=cortex-m0plus -std=gnu11 -g3 -DDEBUG -DUSE_HAL_DRIVER -DSTM32L073xx -c -I../Core/Inc -I../Drivers/STM32L0xx_HAL_Driver/Inc -I../Drivers/STM32L0xx_HAL_Driver/Inc/Legacy -I../Drivers/CMSIS/Device/ST/STM32L0xx/Include -I../Drivers/CMSIS/Include -O0 -ffunction-sections -fdata-sections -Wall -fstack-usage -fcyclomatic-complexity -MMD -MP -MF"Core/Src/main.d" -MT"Core/Src/main.o" --specs=nano.specs -mfloat-abi=soft -mthumb -o "Core/Src/main.o"
../Core/Src/main.c: In function 'main':
../Core/Src/main.c:206:4: warning: implicit declaration of function 'printf' [-Wimplicit-function-declaration]
  206 |    printf("Output data:\r\n");
      |    ^~~~~~
../Core/Src/main.c:206:4: warning: incompatible implicit declaration of built-in function 'printf'
../Core/Src/main.c:25:1: note: include '<stdio.h>' or provide a declaration of 'printf'
   24 | #include "bma456.h"
  +++ |+#include <stdio.h>
   25 | /* USER CODE END Includes */
../Core/Src/main.c:202:12: warning: variable 'data_read_readable' set but not used [-Wunused-but-set-variable]
  202 |    int16_t data_read_readable[3];
      |            ^~~~~~~~~~~~~~~~~~
arm-none-eabi-gcc -o "BMA456.elf" @"objects.list"   -mcpu=cortex-m0plus -T"C:\Users\mikol\OneDrive\Pulpit\repos\Projekt_PBL4\software\BMA456\STM32L073RZTX_FLASH.ld" --specs=nosys.specs -Wl,-Map="BMA456.map" -Wl,--gc-sections -static --specs=nano.specs -mfloat-abi=soft -mthumb -u _printf_float -Wl,--start-group -lc -lm -Wl,--end-group
Finished building target: BMA456.elf
 
arm-none-eabi-size   BMA456.elf 
arm-none-eabi-objdump -h -S  BMA456.elf  > "BMA456.list"
   text	   data	    bss	    dec	    hex	filename
  34776	    484	   1820	  37080	   90d8	BMA456.elf
Finished building: default.size.stdout
 
Finished building: BMA456.list
 
17:13:13 **** Incremental Build of configuration Debug for project BMA456 ****
make -j12 all 
arm-none-eabi-gcc "../Core/Src/main.c" -mcpu=cortex-m0plus -std=gnu11 -g3 -DDEBUG -DUSE_HAL_DRIVER -DSTM32L073xx -c -I../Core/Inc -I../Drivers/STM32L0xx_HAL_Driver/Inc -I../Drivers/STM32L0xx_HAL_Driver/Inc/Legacy -I../Drivers/CMSIS/Device/ST/STM32L0xx/Include -I../Drivers/CMSIS/Include -O0 -ffunction-sections -fdata-sections -Wall -fstack-usage -fcyclomatic-complexity -MMD -MP -MF"Core/Src/main.d" -MT"Core/Src/main.o" --specs=nano.specs -mfloat-abi=soft -mthumb -o "Core/Src/main.o"
../Core/Src/main.c: In function 'main':
../Core/Src/main.c:206:4: warning: implicit declaration of function 'printf' [-Wimplicit-function-declaration]
  206 |    printf("Output data:\r\n");
      |    ^~~~~~
../Core/Src/main.c:206:4: warning: incompatible implicit declaration of built-in function 'printf'
../Core/Src/main.c:25:1: note: include '<stdio.h>' or provide a declaration of 'printf'
   24 | #include "bma456.h"
  +++ |+#include <stdio.h>
   25 | /* USER CODE END Includes */
../Core/Src/main.c:202:12: warning: variable 'data_read_readable' set but not used [-Wunused-but-set-variable]
  202 |    int16_t data_read_readable[3];
      |            ^~~~~~~~~~~~~~~~~~
arm-none-eabi-gcc -o "BMA456.elf" @"objects.list"   -mcpu=cortex-m0plus -T"C:\Users\mikol\OneDrive\Pulpit\repos\Projekt_PBL4\software\BMA456\STM32L073RZTX_FLASH.ld" --specs=nosys.specs -Wl,-Map="BMA456.map" -Wl,--gc-sections -static --specs=nano.specs -mfloat-abi=soft -mthumb -u _printf_float -Wl,--start-group -lc -lm -Wl,--end-group
Finished building target: BMA456.elf
 
arm-none-eabi-size   BMA456.elf 
arm-none-eabi-objdump -h -S  BMA456.elf  > "BMA456.list"
   text	   data	    bss	    dec	    hex	filename
  34776	    484	   1820	  37080	   90d8	BMA456.elf
Finished building: default.size.stdout
 
Finished building: BMA456.list
 
17:15:23 **** Incremental Build of configuration Debug for project BMA456 ****
make -j12 all 
arm-none-eabi-gcc "../Core/Src/main.c" -mcpu=cortex-m0plus -std=gnu11 -g3 -DDEBUG -DUSE_HAL_DRIVER -DSTM32L073xx -c -I../Core/Inc -I../Drivers/STM32L0xx_HAL_Driver/Inc -I../Drivers/STM32L0xx_HAL_Driver/Inc/Legacy -I../Drivers/CMSIS/Device/ST/STM32L0xx/Include -I../Drivers/CMSIS/Include -O0 -ffunction-sections -fdata-sections -Wall -fstack-usage -fcyclomatic-complexity -MMD -MP -MF"Core/Src/main.d" -MT"Core/Src/main.o" --specs=nano.specs -mfloat-abi=soft -mthumb -o "Core/Src/main.o"
../Core/Src/main.c: In function 'main':
../Core/Src/main.c:206:4: warning: implicit declaration of function 'printf' [-Wimplicit-function-declaration]
  206 |    printf("Output data:\r\n");
      |    ^~~~~~
../Core/Src/main.c:206:4: warning: incompatible implicit declaration of built-in function 'printf'
../Core/Src/main.c:25:1: note: include '<stdio.h>' or provide a declaration of 'printf'
   24 | #include "bma456.h"
  +++ |+#include <stdio.h>
   25 | /* USER CODE END Includes */
../Core/Src/main.c:202:12: warning: variable 'data_read_readable' set but not used [-Wunused-but-set-variable]
  202 |    int16_t data_read_readable[3];
      |            ^~~~~~~~~~~~~~~~~~
arm-none-eabi-gcc -o "BMA456.elf" @"objects.list"   -mcpu=cortex-m0plus -T"C:\Users\mikol\OneDrive\Pulpit\repos\Projekt_PBL4\software\BMA456\STM32L073RZTX_FLASH.ld" --specs=nosys.specs -Wl,-Map="BMA456.map" -Wl,--gc-sections -static --specs=nano.specs -mfloat-abi=soft -mthumb -u _printf_float -Wl,--start-group -lc -lm -Wl,--end-group
Finished building target: BMA456.elf
 
arm-none-eabi-size   BMA456.elf 
arm-none-eabi-objdump -h -S  BMA456.elf  > "BMA456.list"
   text	   data	    bss	    dec	    hex	filename
  34776	    484	   1820	  37080	   90d8	BMA456.elf
Finished building: default.size.stdout
 
Finished building: BMA456.list
 
17:18:04 **** Incremental Build of configuration Debug for project BMA456 ****
make -j12 all 
arm-none-eabi-gcc "../Core/Src/main.c" -mcpu=cortex-m0plus -std=gnu11 -g3 -DDEBUG -DUSE_HAL_DRIVER -DSTM32L073xx -c -I../Core/Inc -I../Drivers/STM32L0xx_HAL_Driver/Inc -I../Drivers/STM32L0xx_HAL_Driver/Inc/Legacy -I../Drivers/CMSIS/Device/ST/STM32L0xx/Include -I../Drivers/CMSIS/Include -O0 -ffunction-sections -fdata-sections -Wall -fstack-usage -fcyclomatic-complexity -MMD -MP -MF"Core/Src/main.d" -MT"Core/Src/main.o" --specs=nano.specs -mfloat-abi=soft -mthumb -o "Core/Src/main.o"
../Core/Src/main.c: In function 'main':
../Core/Src/main.c:206:4: warning: implicit declaration of function 'printf' [-Wimplicit-function-declaration]
  206 |    printf("Output data:\r\n");
      |    ^~~~~~
../Core/Src/main.c:206:4: warning: incompatible implicit declaration of built-in function 'printf'
../Core/Src/main.c:25:1: note: include '<stdio.h>' or provide a declaration of 'printf'
   24 | #include "bma456.h"
  +++ |+#include <stdio.h>
   25 | /* USER CODE END Includes */
../Core/Src/main.c:202:12: warning: variable 'data_read_readable' set but not used [-Wunused-but-set-variable]
  202 |    int16_t data_read_readable[3];
      |            ^~~~~~~~~~~~~~~~~~
arm-none-eabi-gcc -o "BMA456.elf" @"objects.list"   -mcpu=cortex-m0plus -T"C:\Users\mikol\OneDrive\Pulpit\repos\Projekt_PBL4\software\BMA456\STM32L073RZTX_FLASH.ld" --specs=nosys.specs -Wl,-Map="BMA456.map" -Wl,--gc-sections -static --specs=nano.specs -mfloat-abi=soft -mthumb -u _printf_float -Wl,--start-group -lc -lm -Wl,--end-group
Finished building target: BMA456.elf
 
arm-none-eabi-size   BMA456.elf 
arm-none-eabi-objdump -h -S  BMA456.elf  > "BMA456.list"
   text	   data	    bss	    dec	    hex	filename
  34776	    484	   1820	  37080	   90d8	BMA456.elf
Finished building: default.size.stdout
 
Finished building: BMA456.list
 
17:20:19 **** Incremental Build of configuration Debug for project BMA456 ****
make -j12 all 
arm-none-eabi-gcc "../Core/Src/main.c" -mcpu=cortex-m0plus -std=gnu11 -g3 -DDEBUG -DUSE_HAL_DRIVER -DSTM32L073xx -c -I../Core/Inc -I../Drivers/STM32L0xx_HAL_Driver/Inc -I../Drivers/STM32L0xx_HAL_Driver/Inc/Legacy -I../Drivers/CMSIS/Device/ST/STM32L0xx/Include -I../Drivers/CMSIS/Include -O0 -ffunction-sections -fdata-sections -Wall -fstack-usage -fcyclomatic-complexity -MMD -MP -MF"Core/Src/main.d" -MT"Core/Src/main.o" --specs=nano.specs -mfloat-abi=soft -mthumb -o "Core/Src/main.o"
../Core/Src/main.c: In function 'main':
../Core/Src/main.c:206:4: warning: implicit declaration of function 'printf' [-Wimplicit-function-declaration]
  206 |    printf("Output data:\r\n");
      |    ^~~~~~
../Core/Src/main.c:206:4: warning: incompatible implicit declaration of built-in function 'printf'
../Core/Src/main.c:25:1: note: include '<stdio.h>' or provide a declaration of 'printf'
   24 | #include "bma456.h"
  +++ |+#include <stdio.h>
   25 | /* USER CODE END Includes */
../Core/Src/main.c:202:12: warning: variable 'data_read_readable' set but not used [-Wunused-but-set-variable]
  202 |    int16_t data_read_readable[3];
      |            ^~~~~~~~~~~~~~~~~~
arm-none-eabi-gcc -o "BMA456.elf" @"objects.list"   -mcpu=cortex-m0plus -T"C:\Users\mikol\OneDrive\Pulpit\repos\Projekt_PBL4\software\BMA456\STM32L073RZTX_FLASH.ld" --specs=nosys.specs -Wl,-Map="BMA456.map" -Wl,--gc-sections -static --specs=nano.specs -mfloat-abi=soft -mthumb -u _printf_float -Wl,--start-group -lc -lm -Wl,--end-group
Finished building target: BMA456.elf
 
arm-none-eabi-size   BMA456.elf 
arm-none-eabi-objdump -h -S  BMA456.elf  > "BMA456.list"
   text	   data	    bss	    dec	    hex	filename
  34776	    484	   1820	  37080	   90d8	BMA456.elf
Finished building: default.size.stdout
 
Finished building: BMA456.list
 
17:20:55 **** Incremental Build of configuration Debug for project BMA456 ****
make -j12 all 
arm-none-eabi-gcc "../Core/Src/main.c" -mcpu=cortex-m0plus -std=gnu11 -g3 -DDEBUG -DUSE_HAL_DRIVER -DSTM32L073xx -c -I../Core/Inc -I../Drivers/STM32L0xx_HAL_Driver/Inc -I../Drivers/STM32L0xx_HAL_Driver/Inc/Legacy -I../Drivers/CMSIS/Device/ST/STM32L0xx/Include -I../Drivers/CMSIS/Include -O0 -ffunction-sections -fdata-sections -Wall -fstack-usage -fcyclomatic-complexity -MMD -MP -MF"Core/Src/main.d" -MT"Core/Src/main.o" --specs=nano.specs -mfloat-abi=soft -mthumb -o "Core/Src/main.o"
../Core/Src/main.c: In function 'main':
../Core/Src/main.c:206:4: warning: implicit declaration of function 'printf' [-Wimplicit-function-declaration]
  206 |    printf("Output data:\r\n");
      |    ^~~~~~
../Core/Src/main.c:206:4: warning: incompatible implicit declaration of built-in function 'printf'
../Core/Src/main.c:25:1: note: include '<stdio.h>' or provide a declaration of 'printf'
   24 | #include "bma456.h"
  +++ |+#include <stdio.h>
   25 | /* USER CODE END Includes */
arm-none-eabi-gcc -o "BMA456.elf" @"objects.list"   -mcpu=cortex-m0plus -T"C:\Users\mikol\OneDrive\Pulpit\repos\Projekt_PBL4\software\BMA456\STM32L073RZTX_FLASH.ld" --specs=nosys.specs -Wl,-Map="BMA456.map" -Wl,--gc-sections -static --specs=nano.specs -mfloat-abi=soft -mthumb -u _printf_float -Wl,--start-group -lc -lm -Wl,--end-group
Finished building target: BMA456.elf
 
arm-none-eabi-size   BMA456.elf 
arm-none-eabi-objdump -h -S  BMA456.elf  > "BMA456.list"
   text	   data	    bss	    dec	    hex	filename
  34864	    484	   1820	  37168	   9130	BMA456.elf
Finished building: default.size.stdout
 
Finished building: BMA456.list
 
17:22:23 **** Incremental Build of configuration Debug for project BMA456 ****
make -j12 all 
arm-none-eabi-gcc "../Core/Src/main.c" -mcpu=cortex-m0plus -std=gnu11 -g3 -DDEBUG -DUSE_HAL_DRIVER -DSTM32L073xx -c -I../Core/Inc -I../Drivers/STM32L0xx_HAL_Driver/Inc -I../Drivers/STM32L0xx_HAL_Driver/Inc/Legacy -I../Drivers/CMSIS/Device/ST/STM32L0xx/Include -I../Drivers/CMSIS/Include -O0 -ffunction-sections -fdata-sections -Wall -fstack-usage -fcyclomatic-complexity -MMD -MP -MF"Core/Src/main.d" -MT"Core/Src/main.o" --specs=nano.specs -mfloat-abi=soft -mthumb -o "Core/Src/main.o"
../Core/Src/main.c: In function 'main':
../Core/Src/main.c:206:4: warning: implicit declaration of function 'printf' [-Wimplicit-function-declaration]
  206 |    printf("Output data:\r\n");
      |    ^~~~~~
../Core/Src/main.c:206:4: warning: incompatible implicit declaration of built-in function 'printf'
../Core/Src/main.c:25:1: note: include '<stdio.h>' or provide a declaration of 'printf'
   24 | #include "bma456.h"
  +++ |+#include <stdio.h>
   25 | /* USER CODE END Includes */
arm-none-eabi-gcc -o "BMA456.elf" @"objects.list"   -mcpu=cortex-m0plus -T"C:\Users\mikol\OneDrive\Pulpit\repos\Projekt_PBL4\software\BMA456\STM32L073RZTX_FLASH.ld" --specs=nosys.specs -Wl,-Map="BMA456.map" -Wl,--gc-sections -static --specs=nano.specs -mfloat-abi=soft -mthumb -u _printf_float -Wl,--start-group -lc -lm -Wl,--end-group
Finished building target: BMA456.elf
 
arm-none-eabi-size   BMA456.elf 
arm-none-eabi-objdump -h -S  BMA456.elf  > "BMA456.list"
   text	   data	    bss	    dec	    hex	filename
  34864	    484	   1820	  37168	   9130	BMA456.elf
Finished building: default.size.stdout
 
Finished building: BMA456.list
 
